APP_FINANCEIRO.exe: 000003E8: 16:44:01 []:>--------------------------------------------------------------<
APP_FINANCEIRO.exe: 000003E8: 16:44:02 [TUniServerModule]:Server First Init.
APP_FINANCEIRO.exe: 000003E8: 16:44:02 [TUniServerModule]:Debug Mode = ON
APP_FINANCEIRO.exe: 000003E8: 16:44:02 [TUniServerModule]:Starting HTTP Server on Port: 8077...
APP_FINANCEIRO.exe: 000003E8: 16:44:02 [TUniServerModule]:HTTP Server Started on Port: 8077
APP_FINANCEIRO.exe: 00000CD0: 16:44:44 [127.0.0.1]:EUniSessionException : Invalid session or session Timeout. : Addr: $007B5BEA
APP_FINANCEIRO.exe: 000014E4: 16:44:47 [127.0.0.1]:EUniSessionException : Invalid session or session Timeout. : Addr: $007B5BEA
APP_FINANCEIRO.exe: 00000B3C: 16:45:19 []:>--------------------------------------------------------------<
APP_FINANCEIRO.exe: 00000B3C: 16:45:19 [TUniServerModule]:Server First Init.
APP_FINANCEIRO.exe: 00000B3C: 16:45:19 [TUniServerModule]:Debug Mode = ON
APP_FINANCEIRO.exe: 00000B3C: 16:45:19 [TUniServerModule]:Starting HTTP Server on Port: 8077...
APP_FINANCEIRO.exe: 00000B3C: 16:45:19 [TUniServerModule]:HTTP Server Started on Port: 8077
APP_FINANCEIRO.exe: 00000C4C: 16:45:52 [SQLQuery1: Cannot perform this operation on a closed dataset-127.0.0.1]:EDatabaseError : SQLQuery1: Cannot perform this operation on a closed dataset : Addr: $00677986
APP_FINANCEIRO.exe: 00001180: 16:48:03 []:>--------------------------------------------------------------<
APP_FINANCEIRO.exe: 00001180: 16:48:03 [TUniServerModule]:Server First Init.
APP_FINANCEIRO.exe: 00001180: 16:48:03 [TUniServerModule]:Debug Mode = ON
APP_FINANCEIRO.exe: 00001180: 16:48:03 [TUniServerModule]:Global Cache Folder Erased. <2> Files deleted.
APP_FINANCEIRO.exe: 00001180: 16:48:04 [TUniServerModule]:Starting HTTP Server on Port: 8077...
APP_FINANCEIRO.exe: 00001180: 16:48:04 [TUniServerModule]:HTTP Server Started on Port: 8077
APP_FINANCEIRO.exe: 0000101C: 16:48:10 [127.0.0.1]:TDBXError : I/O error during "CreateFile (open)" operation for file "database.fdb"
Error while trying to open file
O sistema não pode encontrar o arquivo especificado.  : Addr: $00885666
APP_FINANCEIRO.exe: 00000F20: 16:48:22 [127.0.0.1]:TDBXError : I/O error during "CreateFile (open)" operation for file "database.fdb"
Error while trying to open file
O sistema não pode encontrar o arquivo especificado.  : Addr: $00885666
APP_FINANCEIRO.exe: 000006FC: 16:51:27 []:>--------------------------------------------------------------<
APP_FINANCEIRO.exe: 000006FC: 16:51:27 [TUniServerModule]:Server First Init.
APP_FINANCEIRO.exe: 000006FC: 16:51:27 [TUniServerModule]:Debug Mode = ON
APP_FINANCEIRO.exe: 000006FC: 16:51:27 [TUniServerModule]:Starting HTTP Server on Port: 8077...
APP_FINANCEIRO.exe: 000006FC: 16:51:27 [TUniServerModule]:HTTP Server Started on Port: 8077
APP_FINANCEIRO.exe: 00000F78: 16:51:32 [127.0.0.1]:TDBXError : I/O error during "CreateFile (open)" operation for file "database.fdb"
Error while trying to open file
O sistema não pode encontrar o arquivo especificado.  : Addr: $00885666
APP_FINANCEIRO.exe: 00000B4C: 16:52:56 []:>--------------------------------------------------------------<
APP_FINANCEIRO.exe: 00000B4C: 16:52:56 [TUniServerModule]:Server First Init.
APP_FINANCEIRO.exe: 00000B4C: 16:52:56 [TUniServerModule]:Debug Mode = ON
APP_FINANCEIRO.exe: 00000B4C: 16:52:56 [TUniServerModule]:Starting HTTP Server on Port: 8077...
APP_FINANCEIRO.exe: 00000B4C: 16:52:56 [TUniServerModule]:HTTP Server Started on Port: 8077
APP_FINANCEIRO.exe: 00001568: 16:53:19 [127.0.0.1]:TDBXError : I/O error during "CreateFile (open)" operation for file "database.fdb"
Error while trying to open file
O sistema não pode encontrar o arquivo especificado.  : Addr: $00885666
APP_FINANCEIRO.exe: 00001464: 16:54:18 []:>--------------------------------------------------------------<
APP_FINANCEIRO.exe: 00001464: 16:54:18 [TUniServerModule]:Server First Init.
APP_FINANCEIRO.exe: 00001464: 16:54:18 [TUniServerModule]:Debug Mode = ON
APP_FINANCEIRO.exe: 00001464: 16:54:18 [TUniServerModule]:Starting HTTP Server on Port: 8077...
APP_FINANCEIRO.exe: 00001464: 16:54:18 [TUniServerModule]:HTTP Server Started on Port: 8077
APP_FINANCEIRO.exe: 0000070C: 16:55:12 [127.0.0.1]:TDBXError : I/O error during "CreateFile (open)" operation for file "database.fdb"
Error while trying to open file
O sistema não pode encontrar o arquivo especificado.  : Addr: $00885666
APP_FINANCEIRO.exe: 00001378: 16:55:33 []:>--------------------------------------------------------------<
APP_FINANCEIRO.exe: 00001378: 16:55:33 [TUniServerModule]:Server First Init.
APP_FINANCEIRO.exe: 00001378: 16:55:33 [TUniServerModule]:Debug Mode = ON
APP_FINANCEIRO.exe: 00001378: 16:55:33 [TUniServerModule]:Starting HTTP Server on Port: 8077...
APP_FINANCEIRO.exe: 00001378: 16:55:33 [TUniServerModule]:HTTP Server Started on Port: 8077
APP_FINANCEIRO.exe: 00001670: 16:55:36 [127.0.0.1]:TDBXError : I/O error during "CreateFile (open)" operation for file "database.fdb"
Error while trying to open file
O sistema não pode encontrar o arquivo especificado.  : Addr: $00885666
APP_FINANCEIRO.exe: 00001434: 16:55:45 [127.0.0.1]:TDBXError : I/O error during "CreateFile (open)" operation for file "database.fdb"
Error while trying to open file
O sistema não pode encontrar o arquivo especificado.  : Addr: $00885666
APP_FINANCEIRO.exe: 00001504: 16:57:28 []:>--------------------------------------------------------------<
APP_FINANCEIRO.exe: 00001504: 16:57:28 [TUniServerModule]:Server First Init.
APP_FINANCEIRO.exe: 00001504: 16:57:28 [TUniServerModule]:Debug Mode = ON
APP_FINANCEIRO.exe: 00001504: 16:57:28 [TUniServerModule]:Starting HTTP Server on Port: 8077...
APP_FINANCEIRO.exe: 00001504: 16:57:28 [TUniServerModule]:HTTP Server Started on Port: 8077
APP_FINANCEIRO.exe: 0000051C: 16:57:40 [127.0.0.1]:EOleException : I/O error during "CreateFile (open)" operation for file "database.fdb"
Error while trying to open file
O sistema não pode encontrar o arquivo especificado : Addr: $009296CE
APP_FINANCEIRO.exe: 00000834: 16:58:07 []:>--------------------------------------------------------------<
APP_FINANCEIRO.exe: 00000834: 16:58:07 [TUniServerModule]:Server First Init.
APP_FINANCEIRO.exe: 00000834: 16:58:07 [TUniServerModule]:Debug Mode = ON
APP_FINANCEIRO.exe: 00000834: 16:58:08 [TUniServerModule]:Starting HTTP Server on Port: 8077...
APP_FINANCEIRO.exe: 00000834: 16:58:08 [TUniServerModule]:HTTP Server Started on Port: 8077
APP_FINANCEIRO.exe: 00001658: 17:04:42 []:>--------------------------------------------------------------<
APP_FINANCEIRO.exe: 00001658: 17:04:42 [TUniServerModule]:Server First Init.
APP_FINANCEIRO.exe: 00001658: 17:04:42 [TUniServerModule]:Debug Mode = ON
APP_FINANCEIRO.exe: 00001658: 17:04:43 [TUniServerModule]:Starting HTTP Server on Port: 8077...
APP_FINANCEIRO.exe: 00001658: 17:04:43 [TUniServerModule]:HTTP Server Started on Port: 8077
APP_FINANCEIRO.exe: 00001090: 17:04:50 [127.0.0.1]:TDBXError : I/O error during "CreateFile (open)" operation for file "database.fdb"
Error while trying to open file
O sistema não pode encontrar o arquivo especificado.  : Addr: $00885666
APP_FINANCEIRO.exe: 000012A0: 17:05:44 [127.0.0.1]:TDBXError : I/O error during "CreateFile (open)" operation for file "database.fdb"
Error while trying to open file
O sistema não pode encontrar o arquivo especificado.  : Addr: $00885666
APP_FINANCEIRO.exe: 00000DEC: 17:07:10 []:>--------------------------------------------------------------<
APP_FINANCEIRO.exe: 00000DEC: 17:07:10 [TUniServerModule]:Server First Init.
APP_FINANCEIRO.exe: 00000DEC: 17:07:11 [TUniServerModule]:Starting HTTP Server on Port: 8077...
APP_FINANCEIRO.exe: 00000DEC: 17:07:11 [TUniServerModule]:HTTP Server Started on Port: 8077
APP_FINANCEIRO.exe: 00000DEC: 17:07:18 [TUniServerModule]:Shutting Down Server.
APP_FINANCEIRO.exe: 00000DEC: 17:07:18 [TUniServerModule]:Stopping HTTP Server.
APP_FINANCEIRO.exe: 00000DEC: 17:07:19 [TUniServerModule]:HTTP Server Stopped.
APP_FINANCEIRO.exe: 00000DEC: 17:07:19 [TUniGUISessionManager]:Terminating Session manager.
APP_FINANCEIRO.exe: 00000DEC: 17:07:19 [TUniGUISessionManager]:Stopping Cache Eraser...
APP_FINANCEIRO.exe: 00000DEC: 17:07:19 [TUniGUISessionManager]:Cache Eraser Stopped.
APP_FINANCEIRO.exe: 00000DEC: 17:07:19 [TUniGUISessionManager]:Destroying Worker Threads.
APP_FINANCEIRO.exe: 00000DEC: 17:07:19 [TUniGUISessionManager]:Session manager terminated.
APP_FINANCEIRO.exe: 00000DEC: 17:07:19 [TUniServerModule]:Server Shutdown Completed.
APP_FINANCEIRO.exe: 00000DEC: 17:07:19 []:<-------------------------------------------------------------->
APP_FINANCEIRO.exe: 00000DEC: 17:07:19 [Terminated]:Exit Code: 0
APP_FINANCEIRO.exe: 000010F4: 17:07:36 []:>--------------------------------------------------------------<
APP_FINANCEIRO.exe: 000010F4: 17:07:36 [TUniServerModule]:Server First Init.
APP_FINANCEIRO.exe: 000010F4: 17:07:36 [TUniServerModule]:Starting HTTP Server on Port: 8077...
APP_FINANCEIRO.exe: 000010F4: 17:07:36 [TUniServerModule]:HTTP Server Started on Port: 8077
APP_FINANCEIRO.exe: 00000A84: 17:07:40 [127.0.0.1]:EOleException : I/O error during "CreateFile (open)" operation for file "database.fdb"
Error while trying to open file
O sistema não pode encontrar o arquivo especificado : Addr: $009296CE
APP_FINANCEIRO.exe: 00001514: 17:07:50 [127.0.0.1]:EOleException : I/O error during "CreateFile (open)" operation for file "database.fdb"
Error while trying to open file
O sistema não pode encontrar o arquivo especificado : Addr: $009296CE
APP_FINANCEIRO.exe: 00000CCC: 17:07:51 [127.0.0.1]:EOleException : I/O error during "CreateFile (open)" operation for file "database.fdb"
Error while trying to open file
O sistema não pode encontrar o arquivo especificado : Addr: $009296CE
APP_FINANCEIRO.exe: 000010F4: 17:07:57 [TUniServerModule]:Shutting Down Server.
APP_FINANCEIRO.exe: 000010F4: 17:07:57 [TUniServerModule]:Stopping HTTP Server.
APP_FINANCEIRO.exe: 000010F4: 17:07:58 [TUniServerModule]:HTTP Server Stopped.
APP_FINANCEIRO.exe: 000010F4: 17:07:58 [TUniGUISessionManager]:Terminating Session manager.
APP_FINANCEIRO.exe: 000010F4: 17:07:58 [TUniGUISessionManager]:Stopping Cache Eraser...
APP_FINANCEIRO.exe: 000010F4: 17:07:58 [TUniGUISessionManager]:Cache Eraser Stopped.
APP_FINANCEIRO.exe: 000010F4: 17:07:58 [TUniGUISessionManager]:Destroying Worker Threads.
APP_FINANCEIRO.exe: 000010F4: 17:07:58 [TUniGUISessionManager]:Session manager terminated.
APP_FINANCEIRO.exe: 000010F4: 17:07:58 [TUniServerModule]:Server Shutdown Completed.
APP_FINANCEIRO.exe: 000010F4: 17:07:58 []:<-------------------------------------------------------------->
APP_FINANCEIRO.exe: 000010F4: 17:07:58 [Terminated]:Exit Code: 0
APP_FINANCEIRO.exe: 000015E8: 17:09:56 []:>--------------------------------------------------------------<
APP_FINANCEIRO.exe: 000015E8: 17:09:56 [TUniServerModule]:Server First Init.
APP_FINANCEIRO.exe: 000015E8: 17:09:56 [TUniServerModule]:Debug Mode = ON
APP_FINANCEIRO.exe: 000015E8: 17:09:56 [TUniServerModule]:Starting HTTP Server on Port: 8077...
APP_FINANCEIRO.exe: 000015E8: 17:09:57 [TUniServerModule]:HTTP Server Started on Port: 8077
APP_FINANCEIRO.exe: 00001074: 17:10:11 [127.0.0.1]:TDBXError : I/O error during "CreateFile (open)" operation for file "database.fdb"
Error while trying to open file
O sistema não pode encontrar o arquivo especificado.  : Addr: $00885666
APP_FINANCEIRO.exe: 00000DF4: 17:11:29 []:>--------------------------------------------------------------<
APP_FINANCEIRO.exe: 00000DF4: 17:11:29 [TUniServerModule]:Server First Init.
APP_FINANCEIRO.exe: 00000DF4: 17:11:29 [TUniServerModule]:Debug Mode = ON
APP_FINANCEIRO.exe: 00000DF4: 17:11:29 [TUniServerModule]:Starting HTTP Server on Port: 8077...
APP_FINANCEIRO.exe: 00000DF4: 17:11:29 [TUniServerModule]:HTTP Server Started on Port: 8077
APP_FINANCEIRO.exe: 00001698: 17:11:38 [127.0.0.1]:TDBXError : I/O error during "CreateFile (open)" operation for file "database.fdb"
Error while trying to open file
O sistema não pode encontrar o arquivo especificado.  : Addr: $00885666
APP_FINANCEIRO.exe: 00000AD4: 17:11:53 []:>--------------------------------------------------------------<
APP_FINANCEIRO.exe: 00000AD4: 17:11:53 [TUniServerModule]:Server First Init.
APP_FINANCEIRO.exe: 00000AD4: 17:11:53 [TUniServerModule]:Debug Mode = ON
APP_FINANCEIRO.exe: 00000AD4: 17:11:53 [TUniServerModule]:Starting HTTP Server on Port: 8077...
APP_FINANCEIRO.exe: 00000AD4: 17:11:54 [TUniServerModule]:HTTP Server Started on Port: 8077
APP_FINANCEIRO.exe: 00001644: 17:12:00 [127.0.0.1]:TDBXError : I/O error during "CreateFile (open)" operation for file "database.fdb"
Error while trying to open file
O sistema não pode encontrar o arquivo especificado.  : Addr: $00885666
APP_FINANCEIRO.exe: 000009DC: 17:14:05 []:>--------------------------------------------------------------<
APP_FINANCEIRO.exe: 000009DC: 17:14:05 [TUniServerModule]:Server First Init.
APP_FINANCEIRO.exe: 000009DC: 17:14:05 [TUniServerModule]:Debug Mode = ON
APP_FINANCEIRO.exe: 000009DC: 17:14:05 [TUniServerModule]:Starting HTTP Server on Port: 8077...
APP_FINANCEIRO.exe: 000009DC: 17:14:05 [TUniServerModule]:HTTP Server Started on Port: 8077
APP_FINANCEIRO.exe: 00001500: 17:14:09 [127.0.0.1]:TDBXError : I/O error during "CreateFile (open)" operation for file "database.fdb"
Error while trying to open file
O sistema não pode encontrar o arquivo especificado.  : Addr: $00885666
APP_FINANCEIRO.exe: 000016B4: 17:23:09 []:>--------------------------------------------------------------<
APP_FINANCEIRO.exe: 000016B4: 17:23:09 [TUniServerModule]:Server First Init.
APP_FINANCEIRO.exe: 000016B4: 17:23:09 [TUniServerModule]:Debug Mode = ON
APP_FINANCEIRO.exe: 000016B4: 17:23:10 [TUniServerModule]:Starting HTTP Server on Port: 8077...
APP_FINANCEIRO.exe: 000016B4: 17:23:10 [TUniServerModule]:HTTP Server Started on Port: 8077
APP_FINANCEIRO.exe: 000017C4: 17:23:18 [127.0.0.1]:TDBXError : I/O error during "CreateFile (open)" operation for file "database.fdb"
Error while trying to open file
O sistema não pode encontrar o arquivo especificado.  : Addr: $00885666
APP_FINANCEIRO.exe: 0000070C: 17:25:22 []:>--------------------------------------------------------------<
APP_FINANCEIRO.exe: 0000070C: 17:25:22 [TUniServerModule]:Server First Init.
APP_FINANCEIRO.exe: 0000070C: 17:25:22 [TUniServerModule]:Debug Mode = ON
APP_FINANCEIRO.exe: 0000070C: 17:25:22 [TUniServerModule]:Starting HTTP Server on Port: 8077...
APP_FINANCEIRO.exe: 0000070C: 17:25:22 [TUniServerModule]:HTTP Server Started on Port: 8077
APP_FINANCEIRO.exe: 000014C8: 17:25:28 [127.0.0.1]:TDBXError : I/O error during "CreateFile (open)" operation for file "database.fdb"
Error while trying to open file
O sistema não pode encontrar o arquivo especificado.  : Addr: $00885666
APP_FINANCEIRO.exe: 000004A0: 17:26:26 []:>--------------------------------------------------------------<
APP_FINANCEIRO.exe: 000004A0: 17:26:26 [TUniServerModule]:Server First Init.
APP_FINANCEIRO.exe: 000004A0: 17:26:26 [TUniServerModule]:Debug Mode = ON
APP_FINANCEIRO.exe: 000004A0: 17:26:26 [TUniServerModule]:Starting HTTP Server on Port: 8077...
APP_FINANCEIRO.exe: 000004A0: 17:26:26 [TUniServerModule]:HTTP Server Started on Port: 8077
APP_FINANCEIRO.exe: 000016BC: 17:27:15 []:>--------------------------------------------------------------<
APP_FINANCEIRO.exe: 000016BC: 17:27:15 [TUniServerModule]:Server First Init.
APP_FINANCEIRO.exe: 000016BC: 17:27:15 [TUniServerModule]:Debug Mode = ON
APP_FINANCEIRO.exe: 000016BC: 17:27:15 [TUniServerModule]:Starting HTTP Server on Port: 8077...
APP_FINANCEIRO.exe: 000016BC: 17:27:15 [TUniServerModule]:HTTP Server Started on Port: 8077
APP_FINANCEIRO.exe: 00001188: 17:27:31 [127.0.0.1]:EUniSessionException : Invalid session or session Timeout. : Addr: $007B5BEA
APP_FINANCEIRO.exe: 000015EC: 17:28:37 []:>--------------------------------------------------------------<
APP_FINANCEIRO.exe: 000015EC: 17:28:37 [TUniServerModule]:Server First Init.
APP_FINANCEIRO.exe: 000015EC: 17:28:37 [TUniServerModule]:Debug Mode = ON
APP_FINANCEIRO.exe: 000015EC: 17:28:37 [TUniServerModule]:Starting HTTP Server on Port: 8077...
APP_FINANCEIRO.exe: 000015EC: 17:28:37 [TUniServerModule]:HTTP Server Started on Port: 8077
APP_FINANCEIRO.exe: 00001364: 17:29:00 [127.0.0.1]:EDatabaseError : SQLQuery2: Cannot perform this operation on a closed dataset : Addr: $00677986
APP_FINANCEIRO.exe: 0000060C: 17:30:20 []:>--------------------------------------------------------------<
APP_FINANCEIRO.exe: 0000060C: 17:30:20 [TUniServerModule]:Server First Init.
APP_FINANCEIRO.exe: 0000060C: 17:30:20 [TUniServerModule]:Debug Mode = ON
APP_FINANCEIRO.exe: 0000060C: 17:30:20 [TUniServerModule]:Global Cache Folder Erased. <1> Files deleted.
APP_FINANCEIRO.exe: 0000060C: 17:30:20 [TUniServerModule]:Starting HTTP Server on Port: 8077...
APP_FINANCEIRO.exe: 0000060C: 17:30:20 [TUniServerModule]:HTTP Server Started on Port: 8077
APP_FINANCEIRO.exe: 000017B8: 17:30:43 [127.0.0.1]:EUniSessionException : Invalid session or session Timeout. : Addr: $007B5BEA
APP_FINANCEIRO.exe: 000015B4: 17:38:38 []:>--------------------------------------------------------------<
APP_FINANCEIRO.exe: 000015B4: 17:38:38 [TUniServerModule]:Server First Init.
APP_FINANCEIRO.exe: 000015B4: 17:38:38 [TUniServerModule]:Starting HTTP Server on Port: 8077...
APP_FINANCEIRO.exe: 000015B4: 17:38:38 [TUniServerModule]:HTTP Server Started on Port: 8077
APP_FINANCEIRO.exe: 00000E14: 17:38:43 [127.0.0.1]:EUniSessionException : Invalid session or session Timeout. : Addr: $007B5BEA
APP_FINANCEIRO.exe: 000015B4: 17:50:22 [TUniServerModule]:Shutting Down Server.
APP_FINANCEIRO.exe: 000015B4: 17:50:22 [TUniServerModule]:Stopping HTTP Server.
APP_FINANCEIRO.exe: 000015B4: 17:50:23 [TUniServerModule]:HTTP Server Stopped.
APP_FINANCEIRO.exe: 000015B4: 17:50:23 [TUniGUISessionManager]:Terminating Session manager.
APP_FINANCEIRO.exe: 000015B4: 17:50:23 [TUniGUISessionManager]:Stopping Cache Eraser...
APP_FINANCEIRO.exe: 000015B4: 17:50:23 [TUniGUISessionManager]:Cache Eraser Stopped.
APP_FINANCEIRO.exe: 000015B4: 17:50:23 [TUniGUISessionManager]:Destroying Worker Threads.
APP_FINANCEIRO.exe: 000015B4: 17:50:23 [TUniGUISessionManager]:Session manager terminated.
APP_FINANCEIRO.exe: 000015B4: 17:50:23 [TUniServerModule]:Server Shutdown Completed.
APP_FINANCEIRO.exe: 000015B4: 17:50:23 []:<-------------------------------------------------------------->
APP_FINANCEIRO.exe: 000015B4: 17:50:23 [Terminated]:Exit Code: 0
APP_FINANCEIRO.exe: 00001170: 17:50:34 []:>--------------------------------------------------------------<
APP_FINANCEIRO.exe: 00001170: 17:50:34 [TUniServerModule]:Server First Init.
APP_FINANCEIRO.exe: 00001170: 17:50:34 [TUniServerModule]:Debug Mode = ON
APP_FINANCEIRO.exe: 00001170: 17:50:34 [TUniServerModule]:Starting HTTP Server on Port: 8077...
APP_FINANCEIRO.exe: 00001170: 17:50:34 [TUniServerModule]:HTTP Server Started on Port: 8077
