APP_FINANCEIRO.exe: 000012D8: 10:32:23 []:>--------------------------------------------------------------<
APP_FINANCEIRO.exe: 000012D8: 10:32:23 [TUniServerModule]:Server First Init.
APP_FINANCEIRO.exe: 000012D8: 10:32:23 [TUniServerModule]:Debug Mode = ON
APP_FINANCEIRO.exe: 000012D8: 10:32:23 [TUniServerModule]:Starting HTTP Server on Port: 8077...
APP_FINANCEIRO.exe: 000012D8: 10:32:23 [TUniServerModule]:HTTP Server Started on Port: 8077
APP_FINANCEIRO.exe: 00001290: 10:32:34 [HandleFileRequest[192.168.25.97]]:File not found: C:\SISTEMA ETICA\Win32\Debug\favicon.ico
APP_FINANCEIRO.exe: 00001294: 10:34:15 []:>--------------------------------------------------------------<
APP_FINANCEIRO.exe: 00001294: 10:34:15 [TUniServerModule]:Server First Init.
APP_FINANCEIRO.exe: 00001294: 10:34:15 [TUniServerModule]:Debug Mode = ON
APP_FINANCEIRO.exe: 00001294: 10:34:15 [TUniServerModule]:Global Cache Folder Erased. <1> Files deleted.
APP_FINANCEIRO.exe: 00001294: 10:34:16 [TUniServerModule]:Starting HTTP Server on Port: 8077...
APP_FINANCEIRO.exe: 00001294: 10:34:16 [TUniServerModule]:HTTP Server Started on Port: 8077
APP_FINANCEIRO.exe: 00000E4C: 10:34:19 [192.168.25.97]:EUniSessionException : Invalid session or session Timeout. : Addr: $0079CFCE
APP_FINANCEIRO.exe: 00000B48: 10:36:09 []:>--------------------------------------------------------------<
APP_FINANCEIRO.exe: 00000B48: 10:36:09 [TUniServerModule]:Server First Init.
APP_FINANCEIRO.exe: 00000B48: 10:36:09 [TUniServerModule]:Debug Mode = ON
APP_FINANCEIRO.exe: 00000B48: 10:36:09 [TUniServerModule]:Global Cache Folder Erased. <2> Files deleted.
APP_FINANCEIRO.exe: 00000B48: 10:36:10 [TUniServerModule]:Starting HTTP Server on Port: 8077...
APP_FINANCEIRO.exe: 00000B48: 10:36:10 [TUniServerModule]:HTTP Server Started on Port: 8077
APP_FINANCEIRO.exe: 000013A8: 10:38:26 []:>--------------------------------------------------------------<
APP_FINANCEIRO.exe: 000013A8: 10:38:26 [TUniServerModule]:Server First Init.
APP_FINANCEIRO.exe: 000013A8: 10:38:26 [TUniServerModule]:Debug Mode = ON
APP_FINANCEIRO.exe: 000013A8: 10:38:26 [TUniServerModule]:Global Cache Folder Erased. <2> Files deleted.
APP_FINANCEIRO.exe: 000013A8: 10:38:26 [TUniServerModule]:Starting HTTP Server on Port: 8077...
APP_FINANCEIRO.exe: 000013A8: 10:38:26 [TUniServerModule]:HTTP Server Started on Port: 8077
APP_FINANCEIRO.exe: 00000A78: 10:41:35 [192.168.25.97]:EUniSessionException : Invalid session or session Timeout. : Addr: $0079CFCE
APP_FINANCEIRO.exe: 0000061C: 13:24:28 []:>--------------------------------------------------------------<
APP_FINANCEIRO.exe: 0000061C: 13:24:28 [TUniServerModule]:Server First Init.
APP_FINANCEIRO.exe: 0000061C: 13:24:28 [TUniServerModule]:Debug Mode = ON
APP_FINANCEIRO.exe: 0000061C: 13:24:28 [TUniServerModule]:Global Cache Folder Erased. <2> Files deleted.
APP_FINANCEIRO.exe: 0000061C: 13:24:28 [TUniServerModule]:Starting HTTP Server on Port: 8077...
APP_FINANCEIRO.exe: 0000061C: 13:24:29 [TUniServerModule]:HTTP Server Started on Port: 8077
APP_FINANCEIRO.exe: 000010FC: 13:24:30 [192.168.25.97]:EUniSessionException : Invalid session or session Timeout. : Addr: $0079CFCE
APP_FINANCEIRO.exe: 00000C98: 13:25:50 []:>--------------------------------------------------------------<
APP_FINANCEIRO.exe: 00000C98: 13:25:50 [TUniServerModule]:Server First Init.
APP_FINANCEIRO.exe: 00000C98: 13:25:50 [TUniServerModule]:Debug Mode = ON
APP_FINANCEIRO.exe: 00000C98: 13:25:50 [TUniServerModule]:Starting HTTP Server on Port: 8077...
APP_FINANCEIRO.exe: 00000C98: 13:25:50 [TUniServerModule]:HTTP Server Started on Port: 8077
APP_FINANCEIRO.exe: 0000106C: 13:25:59 [192.168.25.97]:EUniSessionException : Invalid session or session Timeout. : Addr: $0079F1F2
APP_FINANCEIRO.exe: 0000124C: 13:30:36 [HandleFileRequest[192.168.25.73]]:File not found: C:\SISTEMA ETICA\Win32\Debug\favicon.ico
APP_FINANCEIRO.exe: 00000E4C: 13:34:21 []:>--------------------------------------------------------------<
APP_FINANCEIRO.exe: 00000E4C: 13:34:21 [TUniServerModule]:Server First Init.
APP_FINANCEIRO.exe: 00000E4C: 13:34:21 [TUniServerModule]:Debug Mode = ON
APP_FINANCEIRO.exe: 00000E4C: 13:34:21 [TUniServerModule]:Global Cache Folder Erased. <4> Files deleted.
APP_FINANCEIRO.exe: 00000E4C: 13:34:21 [TUniServerModule]:Starting HTTP Server on Port: 8077...
APP_FINANCEIRO.exe: 00000E4C: 13:34:21 [TUniServerModule]:HTTP Server Started on Port: 8077
APP_FINANCEIRO.exe: 000004EC: 13:34:30 [192.168.25.73]:EUniSessionException : Invalid session or session Timeout. : Addr: $0079F1F2
APP_FINANCEIRO.exe: 00000740: 13:36:15 []:>--------------------------------------------------------------<
APP_FINANCEIRO.exe: 00000740: 13:36:15 [TUniServerModule]:Server First Init.
APP_FINANCEIRO.exe: 00000740: 13:36:15 [TUniServerModule]:Debug Mode = ON
APP_FINANCEIRO.exe: 00000740: 13:36:15 [TUniServerModule]:Starting HTTP Server on Port: 8077...
APP_FINANCEIRO.exe: 00000740: 13:36:15 [TUniServerModule]:HTTP Server Started on Port: 8077
APP_FINANCEIRO.exe: 000007B8: 14:01:01 []:>--------------------------------------------------------------<
APP_FINANCEIRO.exe: 000007B8: 14:01:01 [TUniServerModule]:Server First Init.
APP_FINANCEIRO.exe: 000007B8: 14:01:01 [TUniServerModule]:Debug Mode = ON
APP_FINANCEIRO.exe: 000007B8: 14:01:01 [TUniServerModule]:Starting HTTP Server on Port: 8077...
APP_FINANCEIRO.exe: 000007B8: 14:01:01 [TUniServerModule]:HTTP Server Started on Port: 8077
APP_FINANCEIRO.exe: 00000930: 14:01:04 [192.168.25.97]:EUniSessionException : Invalid session or session Timeout. : Addr: $0079CFCE
APP_FINANCEIRO.exe: 00000818: 14:01:19 [192.168.25.97]:EDatabaseError : SQLQuery1: Field 'DESCRICAO' not found : Addr: $00632E02
APP_FINANCEIRO.exe: 00000A48: 14:01:44 []:>--------------------------------------------------------------<
APP_FINANCEIRO.exe: 00000A48: 14:01:44 [TUniServerModule]:Server First Init.
APP_FINANCEIRO.exe: 00000A48: 14:01:44 [TUniServerModule]:Debug Mode = ON
APP_FINANCEIRO.exe: 00000A48: 14:01:44 [TUniServerModule]:Global Cache Folder Erased. <3> Files deleted.
APP_FINANCEIRO.exe: 00000A48: 14:01:44 [TUniServerModule]:Starting HTTP Server on Port: 8077...
APP_FINANCEIRO.exe: 00000A48: 14:01:44 [TUniServerModule]:HTTP Server Started on Port: 8077
APP_FINANCEIRO.exe: 00001338: 14:01:48 [192.168.25.97]:EUniSessionException : Invalid session or session Timeout. : Addr: $0079CFCE
APP_FINANCEIRO.exe: 0000054C: 14:03:46 [192.168.25.97]:EOutOfMemory : Out of memory : Addr: $0040E7A1
APP_FINANCEIRO.exe: 0000054C: 14:04:16 [192.168.25.97]:EOutOfMemory : Out of memory : Addr: $0040CCE1
APP_FINANCEIRO.exe: 00000F44: 14:05:20 []:>--------------------------------------------------------------<
APP_FINANCEIRO.exe: 00000F44: 14:05:20 [TUniServerModule]:Server First Init.
APP_FINANCEIRO.exe: 00000F44: 14:05:20 [TUniServerModule]:Debug Mode = ON
APP_FINANCEIRO.exe: 00000F44: 14:05:20 [TUniServerModule]:Global Cache Folder Erased. <3> Files deleted.
APP_FINANCEIRO.exe: 00000F44: 14:05:20 [TUniServerModule]:Starting HTTP Server on Port: 8077...
APP_FINANCEIRO.exe: 00000F44: 14:05:21 [TUniServerModule]:HTTP Server Started on Port: 8077
APP_FINANCEIRO.exe: 00000B28: 14:06:33 [192.168.25.97]:EDatabaseError : SQLQuery1: Operation not allowed on a unidirectional dataset : Addr: $00632E02
APP_FINANCEIRO.exe: 00000780: 14:06:52 []:>--------------------------------------------------------------<
APP_FINANCEIRO.exe: 00000780: 14:06:52 [TUniServerModule]:Server First Init.
APP_FINANCEIRO.exe: 00000780: 14:06:53 [TUniServerModule]:Debug Mode = ON
APP_FINANCEIRO.exe: 00000780: 14:06:53 [TUniServerModule]:Global Cache Folder Erased. <3> Files deleted.
APP_FINANCEIRO.exe: 00000780: 14:06:53 [TUniServerModule]:Starting HTTP Server on Port: 8077...
APP_FINANCEIRO.exe: 00000780: 14:06:53 [TUniServerModule]:HTTP Server Started on Port: 8077
APP_FINANCEIRO.exe: 0000139C: 14:06:59 [192.168.25.97]:EUniSessionException : Invalid session or session Timeout. : Addr: $0079CFCE
APP_FINANCEIRO.exe: 0000033C: 14:07:12 [192.168.25.97]:EDatabaseError : QueryPlanos: Operation not allowed on a unidirectional dataset : Addr: $00632E02
APP_FINANCEIRO.exe: 000008E4: 14:11:38 []:>--------------------------------------------------------------<
APP_FINANCEIRO.exe: 000008E4: 14:11:38 [TUniServerModule]:Server First Init.
APP_FINANCEIRO.exe: 000008E4: 14:11:38 [TUniServerModule]:Debug Mode = ON
APP_FINANCEIRO.exe: 000008E4: 14:11:38 [TUniServerModule]:Global Cache Folder Erased. <3> Files deleted.
APP_FINANCEIRO.exe: 000008E4: 14:11:38 [TUniServerModule]:Starting HTTP Server on Port: 8077...
APP_FINANCEIRO.exe: 000008E4: 14:11:38 [TUniServerModule]:HTTP Server Started on Port: 8077
APP_FINANCEIRO.exe: 000012E8: 14:11:46 [192.168.25.97]:EUniSessionException : Invalid session or session Timeout. : Addr: $0079CFCE
APP_FINANCEIRO.exe: 0000065C: 14:11:59 [192.168.25.97]:EDatabaseError : QueryPlanos: Operation not allowed on a unidirectional dataset : Addr: $00632E02
APP_FINANCEIRO.exe: 00001028: 14:28:38 []:>--------------------------------------------------------------<
APP_FINANCEIRO.exe: 00001028: 14:28:38 [TUniServerModule]:Server First Init.
APP_FINANCEIRO.exe: 00001028: 14:28:38 [TUniServerModule]:Debug Mode = ON
APP_FINANCEIRO.exe: 00001028: 14:28:38 [TUniServerModule]:Global Cache Folder Erased. <3> Files deleted.
APP_FINANCEIRO.exe: 00001028: 14:28:38 [TUniServerModule]:Starting HTTP Server on Port: 8077...
APP_FINANCEIRO.exe: 00001028: 14:28:38 [TUniServerModule]:HTTP Server Started on Port: 8077
APP_FINANCEIRO.exe: 00000CA0: 14:28:49 [192.168.25.97]:EUniSessionException : Invalid session or session Timeout. : Addr: $0079CFCE
APP_FINANCEIRO.exe: 0000049C: 14:28:59 [192.168.25.97]:EDatabaseError : QueryPlanos: Operation not allowed on a unidirectional dataset : Addr: $00632E02
APP_FINANCEIRO.exe: 00000F04: 14:30:53 []:>--------------------------------------------------------------<
APP_FINANCEIRO.exe: 00000F04: 14:30:53 [TUniServerModule]:Server First Init.
APP_FINANCEIRO.exe: 00000F04: 14:30:53 [TUniServerModule]:Debug Mode = ON
APP_FINANCEIRO.exe: 00000F04: 14:30:53 [TUniServerModule]:Global Cache Folder Erased. <3> Files deleted.
APP_FINANCEIRO.exe: 00000F04: 14:30:53 [TUniServerModule]:Starting HTTP Server on Port: 8077...
APP_FINANCEIRO.exe: 00000F04: 14:30:54 [TUniServerModule]:HTTP Server Started on Port: 8077
APP_FINANCEIRO.exe: 000010C4: 14:30:55 [192.168.25.97]:EUniSessionException : Invalid session or session Timeout. : Addr: $0079CFCE
APP_FINANCEIRO.exe: 000005F8: 14:31:05 [192.168.25.97]:EDatabaseError : QueryPlanos: Operation not allowed on a unidirectional dataset : Addr: $00632E02
APP_FINANCEIRO.exe: 00000A18: 14:33:02 []:>--------------------------------------------------------------<
APP_FINANCEIRO.exe: 00000A18: 14:33:02 [TUniServerModule]:Server First Init.
APP_FINANCEIRO.exe: 00000A18: 14:33:02 [TUniServerModule]:Debug Mode = ON
APP_FINANCEIRO.exe: 00000A18: 14:33:02 [TUniServerModule]:Global Cache Folder Erased. <3> Files deleted.
APP_FINANCEIRO.exe: 00000A18: 14:33:02 [TUniServerModule]:Starting HTTP Server on Port: 8077...
APP_FINANCEIRO.exe: 00000A18: 14:33:02 [TUniServerModule]:HTTP Server Started on Port: 8077
APP_FINANCEIRO.exe: 000004EC: 14:33:08 [192.168.25.97]:EUniSessionException : Invalid session or session Timeout. : Addr: $0079CFCE
APP_FINANCEIRO.exe: 000013DC: 14:34:01 []:>--------------------------------------------------------------<
APP_FINANCEIRO.exe: 000013DC: 14:34:01 [TUniServerModule]:Server First Init.
APP_FINANCEIRO.exe: 000013DC: 14:34:01 [TUniServerModule]:Debug Mode = ON
APP_FINANCEIRO.exe: 000013DC: 14:34:01 [TUniServerModule]:Global Cache Folder Erased. <3> Files deleted.
APP_FINANCEIRO.exe: 000013DC: 14:34:01 [TUniServerModule]:Starting HTTP Server on Port: 8077...
APP_FINANCEIRO.exe: 000013DC: 14:34:01 [TUniServerModule]:HTTP Server Started on Port: 8077
APP_FINANCEIRO.exe: 000007C4: 14:35:13 [HandleFileRequest[192.168.25.93]]:File not found: C:\SISTEMA ETICA\Win32\Debug\favicon.ico
