APP_FINANCEIRO.exe: 00001110: 08:32:01 []:>--------------------------------------------------------------<
APP_FINANCEIRO.exe: 00001110: 08:32:01 [TUniServerModule]:Server First Init.
APP_FINANCEIRO.exe: 00001110: 08:32:01 [TUniServerModule]:Starting HTTP Server on Port: 8077...
APP_FINANCEIRO.exe: 00001110: 08:32:01 [TUniServerModule]:HTTP Server Started on Port: 8077
APP_FINANCEIRO.exe: 00000FE4: 08:32:16 [HandleFileRequest[192.168.25.97]]:File not found: C:\SISTEMA ETICA\Win32\Debug\favicon.ico
APP_FINANCEIRO.exe: 00001110: 08:39:17 [TUniServerModule]:Shutting Down Server.
APP_FINANCEIRO.exe: 00001110: 08:39:17 [TUniServerModule]:Stopping HTTP Server.
APP_FINANCEIRO.exe: 00001110: 08:39:18 [TUniServerModule]:HTTP Server Stopped.
APP_FINANCEIRO.exe: 00001110: 08:39:18 [TUniGUISessionManager]:Terminating Session manager.
APP_FINANCEIRO.exe: 00001110: 08:39:18 [TUniGUISessionManager]:Stopping Cache Eraser...
APP_FINANCEIRO.exe: 00001110: 08:39:18 [TUniGUISessionManager]:Cache Eraser Stopped.
APP_FINANCEIRO.exe: 00001110: 08:39:18 [TUniGUISessionManager]:Destroying Worker Threads.
APP_FINANCEIRO.exe: 00001110: 08:39:18 [TUniGUISessionManager]:Session manager terminated.
APP_FINANCEIRO.exe: 00001110: 08:39:18 [TUniServerModule]:Server Shutdown Completed.
APP_FINANCEIRO.exe: 00001110: 08:39:18 []:<-------------------------------------------------------------->
APP_FINANCEIRO.exe: 00001110: 08:39:18 [Terminated]:Exit Code: 0
APP_FINANCEIRO.exe: 00000ABC: 08:40:43 []:>--------------------------------------------------------------<
APP_FINANCEIRO.exe: 00000ABC: 08:40:43 [TUniServerModule]:Server First Init.
APP_FINANCEIRO.exe: 00000ABC: 08:40:43 [TUniServerModule]:Debug Mode = ON
APP_FINANCEIRO.exe: 00000ABC: 08:40:43 [TUniServerModule]:Starting HTTP Server on Port: 8077...
APP_FINANCEIRO.exe: 00000ABC: 08:40:44 [TUniServerModule]:HTTP Server Started on Port: 8077
APP_FINANCEIRO.exe: 00000D54: 08:41:02 []:>--------------------------------------------------------------<
APP_FINANCEIRO.exe: 00000D54: 08:41:02 [TUniServerModule]:Server First Init.
APP_FINANCEIRO.exe: 00000D54: 08:41:02 [TUniServerModule]:Debug Mode = ON
APP_FINANCEIRO.exe: 00000D54: 08:41:02 [TUniServerModule]:Starting HTTP Server on Port: 8077...
APP_FINANCEIRO.exe: 00000D54: 08:41:02 [TUniServerModule]:HTTP Server Started on Port: 8077
APP_FINANCEIRO.exe: 00001244: 08:41:11 [192.168.25.97]:EUniSessionException : Invalid session or session Timeout. : Addr: $007E55C2
