APP_FINANCEIRO.exe: 00000E18: 02:43:00 []:>--------------------------------------------------------------<
APP_FINANCEIRO.exe: 00000E18: 02:43:00 [TUniServerModule]:Server First Init.
APP_FINANCEIRO.exe: 00000E18: 02:43:00 [TUniServerModule]:Debug Mode = ON
APP_FINANCEIRO.exe: 00000E18: 02:43:00 [TUniServerModule]:Global Cache Folder Erased. <2> Files deleted.
APP_FINANCEIRO.exe: 00000E18: 02:43:01 [TUniServerModule]:Starting HTTP Server on Port: 8077...
APP_FINANCEIRO.exe: 00000E18: 02:43:01 [TUniServerModule]:HTTP Server Started on Port: 8077
APP_FINANCEIRO.exe: 00000D38: 02:46:19 []:>--------------------------------------------------------------<
APP_FINANCEIRO.exe: 00000D38: 02:46:19 [TUniServerModule]:Server First Init.
APP_FINANCEIRO.exe: 00000D38: 02:46:19 [TUniServerModule]:Debug Mode = ON
APP_FINANCEIRO.exe: 00000D38: 02:46:19 [TUniServerModule]:Global Cache Folder Erased. <3> Files deleted.
APP_FINANCEIRO.exe: 00000D38: 02:46:19 [TUniServerModule]:Starting HTTP Server on Port: 8077...
APP_FINANCEIRO.exe: 00000D38: 02:46:19 [TUniServerModule]:HTTP Server Started on Port: 8077
APP_FINANCEIRO.exe: 00001324: 02:46:34 [192.168.25.97]:EUniSessionException : Invalid session or session Timeout. : Addr: $0079CFCE
APP_FINANCEIRO.exe: 0000141C: 02:52:34 []:>--------------------------------------------------------------<
APP_FINANCEIRO.exe: 0000141C: 02:52:34 [TUniServerModule]:Server First Init.
APP_FINANCEIRO.exe: 0000141C: 02:52:34 [TUniServerModule]:Debug Mode = ON
APP_FINANCEIRO.exe: 0000141C: 02:52:34 [TUniServerModule]:Global Cache Folder Erased. <2> Files deleted.
APP_FINANCEIRO.exe: 0000141C: 02:52:34 [TUniServerModule]:Starting HTTP Server on Port: 8077...
APP_FINANCEIRO.exe: 0000141C: 02:52:35 [TUniServerModule]:HTTP Server Started on Port: 8077
APP_FINANCEIRO.exe: 00000C90: 02:58:00 []:>--------------------------------------------------------------<
APP_FINANCEIRO.exe: 00000C90: 02:58:00 [TUniServerModule]:Server First Init.
APP_FINANCEIRO.exe: 00000C90: 02:58:00 [TUniServerModule]:Debug Mode = ON
APP_FINANCEIRO.exe: 00000C90: 02:58:00 [TUniServerModule]:Global Cache Folder Erased. <2> Files deleted.
APP_FINANCEIRO.exe: 00000C90: 02:58:00 [TUniServerModule]:Starting HTTP Server on Port: 8077...
APP_FINANCEIRO.exe: 00000C90: 02:58:00 [TUniServerModule]:HTTP Server Started on Port: 8077
APP_FINANCEIRO.exe: 00000668: 05:26:14 []:>--------------------------------------------------------------<
APP_FINANCEIRO.exe: 00000668: 05:26:14 [TUniServerModule]:Server First Init.
APP_FINANCEIRO.exe: 00000668: 05:26:14 [TUniServerModule]:Debug Mode = ON
APP_FINANCEIRO.exe: 00000668: 05:26:14 [TUniServerModule]:Starting HTTP Server on Port: 8077...
APP_FINANCEIRO.exe: 00000668: 05:26:14 [TUniServerModule]:HTTP Server Started on Port: 8077
APP_FINANCEIRO.exe: 00001184: 05:26:17 [192.168.25.97]:EUniSessionException : Invalid session or session Timeout. : Addr: $0079CFCE
APP_FINANCEIRO.exe: 00000844: 05:27:55 [HandleFileRequest[192.168.25.215]]:File not found: C:\SISTEMA ETICA\Win32\Debug\favicon.ico
APP_FINANCEIRO.exe: 0000088C: 09:33:42 []:>--------------------------------------------------------------<
APP_FINANCEIRO.exe: 0000088C: 09:33:42 [TUniServerModule]:Server First Init.
APP_FINANCEIRO.exe: 0000088C: 09:33:42 [TUniServerModule]:Debug Mode = ON
APP_FINANCEIRO.exe: 0000088C: 09:33:42 [TUniServerModule]:Global Cache Folder Erased. <7> Files deleted.
APP_FINANCEIRO.exe: 0000088C: 09:33:42 [TUniServerModule]:Starting HTTP Server on Port: 8077...
APP_FINANCEIRO.exe: 0000088C: 09:33:42 [TUniServerModule]:HTTP Server Started on Port: 8077
APP_FINANCEIRO.exe: 00000820: 09:33:57 [192.168.25.97]:EUniSessionException : Invalid session or session Timeout. : Addr: $0079CFCE
APP_FINANCEIRO.exe: 0000174C: 09:50:07 []:>--------------------------------------------------------------<
APP_FINANCEIRO.exe: 0000174C: 09:50:07 [TUniServerModule]:Server First Init.
APP_FINANCEIRO.exe: 0000174C: 09:50:07 [TUniServerModule]:Debug Mode = ON
APP_FINANCEIRO.exe: 0000174C: 09:50:08 [TUniServerModule]:Global Cache Folder Erased. <7> Files deleted.
APP_FINANCEIRO.exe: 0000174C: 09:50:08 [TUniServerModule]:Starting HTTP Server on Port: 8077...
APP_FINANCEIRO.exe: 0000174C: 09:50:08 [TUniServerModule]:HTTP Server Started on Port: 8077
APP_FINANCEIRO.exe: 00001218: 09:50:43 [HandleFileRequest[192.168.25.97]]:File not found: C:\SISTEMA ETICA\Win32\Debug\favicon.ico
APP_FINANCEIRO.exe: 000012BC: 09:51:24 [SQLQuery1: Cannot perform this operation on a closed dataset-192.168.25.97]:EDatabaseError : SQLQuery1: Cannot perform this operation on a closed dataset : Addr: $00632E02
APP_FINANCEIRO.exe: 00000458: 09:52:12 []:>--------------------------------------------------------------<
APP_FINANCEIRO.exe: 00000458: 09:52:12 [TUniServerModule]:Server First Init.
APP_FINANCEIRO.exe: 00000458: 09:52:12 [TUniServerModule]:Debug Mode = ON
APP_FINANCEIRO.exe: 00000458: 09:52:12 [TUniServerModule]:Global Cache Folder Erased. <2> Files deleted.
APP_FINANCEIRO.exe: 00000458: 09:52:12 [TUniServerModule]:Starting HTTP Server on Port: 8077...
APP_FINANCEIRO.exe: 00000458: 09:52:12 [TUniServerModule]:HTTP Server Started on Port: 8077
APP_FINANCEIRO.exe: 000016F0: 09:58:18 []:>--------------------------------------------------------------<
APP_FINANCEIRO.exe: 000016F0: 09:58:18 [TUniServerModule]:Server First Init.
APP_FINANCEIRO.exe: 000016F0: 09:58:18 [TUniServerModule]:Debug Mode = ON
APP_FINANCEIRO.exe: 000016F0: 09:58:18 [TUniServerModule]:Global Cache Folder Erased. <10> Files deleted.
APP_FINANCEIRO.exe: 000016F0: 09:58:18 [TUniServerModule]:Starting HTTP Server on Port: 8077...
APP_FINANCEIRO.exe: 000016F0: 09:58:18 [TUniServerModule]:HTTP Server Started on Port: 8077
APP_FINANCEIRO.exe: 000013A8: 10:11:31 []:>--------------------------------------------------------------<
APP_FINANCEIRO.exe: 000013A8: 10:11:31 [TUniServerModule]:Server First Init.
APP_FINANCEIRO.exe: 000013A8: 10:11:31 [TUniServerModule]:Debug Mode = ON
APP_FINANCEIRO.exe: 000013A8: 10:11:31 [TUniServerModule]:Global Cache Folder Erased. <11> Files deleted.
APP_FINANCEIRO.exe: 000013A8: 10:11:31 [TUniServerModule]:Starting HTTP Server on Port: 8077...
APP_FINANCEIRO.exe: 000013A8: 10:11:32 [TUniServerModule]:HTTP Server Started on Port: 8077
APP_FINANCEIRO.exe: 000000C0: 14:53:46 []:>--------------------------------------------------------------<
APP_FINANCEIRO.exe: 000000C0: 14:53:46 [TUniServerModule]:Server First Init.
APP_FINANCEIRO.exe: 000000C0: 14:53:46 [TUniServerModule]:Debug Mode = ON
APP_FINANCEIRO.exe: 000000C0: 14:53:46 [TUniServerModule]:Global Cache Folder Erased. <2> Files deleted.
APP_FINANCEIRO.exe: 000000C0: 14:53:46 [TUniServerModule]:Starting HTTP Server on Port: 8077...
APP_FINANCEIRO.exe: 000000C0: 14:53:46 [TUniServerModule]:HTTP Server Started on Port: 8077
APP_FINANCEIRO.exe: 0000131C: 14:54:05 [HandleFileRequest[192.168.43.251]]:File not found: C:\SISTEMA ETICA\Win32\Debug\favicon.ico
APP_FINANCEIRO.exe: 0000129C: 14:57:34 []:>--------------------------------------------------------------<
APP_FINANCEIRO.exe: 0000129C: 14:57:34 [TUniServerModule]:Server First Init.
APP_FINANCEIRO.exe: 0000129C: 14:57:34 [TUniServerModule]:Debug Mode = ON
APP_FINANCEIRO.exe: 0000129C: 14:57:34 [TUniServerModule]:Global Cache Folder Erased. <9> Files deleted.
APP_FINANCEIRO.exe: 0000129C: 14:57:34 [TUniServerModule]:Starting HTTP Server on Port: 8077...
APP_FINANCEIRO.exe: 0000129C: 14:57:34 [TUniServerModule]:HTTP Server Started on Port: 8077
APP_FINANCEIRO.exe: 00000C5C: 15:01:38 []:>--------------------------------------------------------------<
APP_FINANCEIRO.exe: 00000C5C: 15:01:38 [TUniServerModule]:Server First Init.
APP_FINANCEIRO.exe: 00000C5C: 15:01:38 [TUniServerModule]:Debug Mode = ON
APP_FINANCEIRO.exe: 00000C5C: 15:01:38 [TUniServerModule]:Global Cache Folder Erased. <7> Files deleted.
APP_FINANCEIRO.exe: 00000C5C: 15:01:38 [TUniServerModule]:Starting HTTP Server on Port: 8077...
APP_FINANCEIRO.exe: 00000C5C: 15:01:38 [TUniServerModule]:HTTP Server Started on Port: 8077
APP_FINANCEIRO.exe: 00000454: 15:01:44 [192.168.43.251]:EUniSessionException : Invalid session or session Timeout. : Addr: $0079CFCE
APP_FINANCEIRO.exe: 00000828: 15:02:54 [HandleFileRequest[192.168.43.1]]:File not found: C:\SISTEMA ETICA\Win32\Debug\favicon.ico
APP_FINANCEIRO.exe: 00001424: 15:04:33 []:>--------------------------------------------------------------<
APP_FINANCEIRO.exe: 00001424: 15:04:33 [TUniServerModule]:Server First Init.
APP_FINANCEIRO.exe: 00001424: 15:04:33 [TUniServerModule]:Debug Mode = ON
APP_FINANCEIRO.exe: 00001424: 15:04:33 [TUniServerModule]:Global Cache Folder Erased. <14> Files deleted.
APP_FINANCEIRO.exe: 00001424: 15:04:33 [TUniServerModule]:Starting HTTP Server on Port: 8077...
APP_FINANCEIRO.exe: 00001424: 15:04:34 [TUniServerModule]:HTTP Server Started on Port: 8077
APP_FINANCEIRO.exe: 00000C20: 15:06:25 []:>--------------------------------------------------------------<
APP_FINANCEIRO.exe: 00000C20: 15:06:25 [TUniServerModule]:Server First Init.
APP_FINANCEIRO.exe: 00000C20: 15:06:25 [TUniServerModule]:Debug Mode = ON
APP_FINANCEIRO.exe: 00000C20: 15:06:25 [TUniServerModule]:Global Cache Folder Erased. <6> Files deleted.
APP_FINANCEIRO.exe: 00000C20: 15:06:26 [TUniServerModule]:Starting HTTP Server on Port: 8077...
APP_FINANCEIRO.exe: 00000C20: 15:06:26 [TUniServerModule]:HTTP Server Started on Port: 8077
APP_FINANCEIRO.exe: 000007D8: 15:06:28 [192.168.43.251]:EUniSessionException : Invalid session or session Timeout. : Addr: $0079CFCE
APP_FINANCEIRO.exe: 00000CCC: 15:09:41 []:>--------------------------------------------------------------<
APP_FINANCEIRO.exe: 00000CCC: 15:09:41 [TUniServerModule]:Server First Init.
APP_FINANCEIRO.exe: 00000CCC: 15:09:41 [TUniServerModule]:Debug Mode = ON
APP_FINANCEIRO.exe: 00000CCC: 15:09:41 [TUniServerModule]:Global Cache Folder Erased. <3> Files deleted.
APP_FINANCEIRO.exe: 00000CCC: 15:09:41 [TUniServerModule]:Starting HTTP Server on Port: 8077...
APP_FINANCEIRO.exe: 00000CCC: 15:09:41 [TUniServerModule]:HTTP Server Started on Port: 8077
APP_FINANCEIRO.exe: 000008E4: 15:10:57 [192.168.43.251]:EOleException : QueryContas: Cursor not returned from Query : Addr: $008C363E
APP_FINANCEIRO.exe: 0000158C: 15:12:39 [192.168.43.251]:EOleException : QueryContas: Cursor not returned from Query : Addr: $008C363E
APP_FINANCEIRO.exe: 00001504: 15:13:21 []:>--------------------------------------------------------------<
APP_FINANCEIRO.exe: 00001504: 15:13:21 [TUniServerModule]:Server First Init.
APP_FINANCEIRO.exe: 00001504: 15:13:21 [TUniServerModule]:Debug Mode = ON
APP_FINANCEIRO.exe: 00001504: 15:13:21 [TUniServerModule]:Global Cache Folder Erased. <10> Files deleted.
APP_FINANCEIRO.exe: 00001504: 15:13:21 [TUniServerModule]:Starting HTTP Server on Port: 8077...
APP_FINANCEIRO.exe: 00001504: 15:13:21 [TUniServerModule]:HTTP Server Started on Port: 8077
APP_FINANCEIRO.exe: 00000668: 15:17:56 []:>--------------------------------------------------------------<
APP_FINANCEIRO.exe: 00000668: 15:17:56 [TUniServerModule]:Server First Init.
APP_FINANCEIRO.exe: 00000668: 15:17:56 [TUniServerModule]:Debug Mode = ON
APP_FINANCEIRO.exe: 00000668: 15:17:56 [TUniServerModule]:Global Cache Folder Erased. <8> Files deleted.
APP_FINANCEIRO.exe: 00000668: 15:17:56 [TUniServerModule]:Starting HTTP Server on Port: 8077...
APP_FINANCEIRO.exe: 00000668: 15:17:56 [TUniServerModule]:HTTP Server Started on Port: 8077
APP_FINANCEIRO.exe: 00000EC8: 15:18:02 [192.168.43.251]:EUniSessionException : Invalid session or session Timeout. : Addr: $0079CFCE
APP_FINANCEIRO.exe: 00000A68: 15:18:28 [192.168.43.251]:EOleException : QueryContas: Cursor not returned from Query : Addr: $008C363E
APP_FINANCEIRO.exe: 00000B24: 15:18:34 [192.168.43.251]:EOleException : QueryContas: Cursor not returned from Query : Addr: $008C363E
APP_FINANCEIRO.exe: 000008E4: 15:19:40 []:>--------------------------------------------------------------<
APP_FINANCEIRO.exe: 000008E4: 15:19:40 [TUniServerModule]:Server First Init.
APP_FINANCEIRO.exe: 000008E4: 15:19:40 [TUniServerModule]:Debug Mode = ON
APP_FINANCEIRO.exe: 000008E4: 15:19:40 [TUniServerModule]:Global Cache Folder Erased. <7> Files deleted.
APP_FINANCEIRO.exe: 000008E4: 15:19:40 [TUniServerModule]:Starting HTTP Server on Port: 8077...
APP_FINANCEIRO.exe: 000008E4: 15:19:41 [TUniServerModule]:HTTP Server Started on Port: 8077
APP_FINANCEIRO.exe: 000015FC: 15:27:05 []:>--------------------------------------------------------------<
APP_FINANCEIRO.exe: 000015FC: 15:27:05 [TUniServerModule]:Server First Init.
APP_FINANCEIRO.exe: 000015FC: 15:27:05 [TUniServerModule]:Debug Mode = ON
APP_FINANCEIRO.exe: 000015FC: 15:27:05 [TUniServerModule]:Global Cache Folder Erased. <5> Files deleted.
APP_FINANCEIRO.exe: 000015FC: 15:27:06 [TUniServerModule]:Starting HTTP Server on Port: 8077...
APP_FINANCEIRO.exe: 000015FC: 15:27:06 [TUniServerModule]:HTTP Server Started on Port: 8077
APP_FINANCEIRO.exe: 000014D0: 15:27:22 [192.168.43.251]:EUniSessionException : Invalid session or session Timeout. : Addr: $0079CFCE
APP_FINANCEIRO.exe: 000017C4: 15:28:33 []:>--------------------------------------------------------------<
APP_FINANCEIRO.exe: 000017C4: 15:28:33 [TUniServerModule]:Server First Init.
APP_FINANCEIRO.exe: 000017C4: 15:28:33 [TUniServerModule]:Debug Mode = ON
APP_FINANCEIRO.exe: 000017C4: 15:28:33 [TUniServerModule]:Global Cache Folder Erased. <3> Files deleted.
APP_FINANCEIRO.exe: 000017C4: 15:28:33 [TUniServerModule]:Starting HTTP Server on Port: 8077...
APP_FINANCEIRO.exe: 000017C4: 15:28:33 [TUniServerModule]:HTTP Server Started on Port: 8077
APP_FINANCEIRO.exe: 00001580: 15:28:35 [192.168.43.251]:EUniSessionException : Invalid session or session Timeout. : Addr: $0079CFCE
APP_FINANCEIRO.exe: 00000B18: 15:31:53 []:>--------------------------------------------------------------<
APP_FINANCEIRO.exe: 00000B18: 15:31:53 [TUniServerModule]:Server First Init.
APP_FINANCEIRO.exe: 00000B18: 15:31:53 [TUniServerModule]:Debug Mode = ON
APP_FINANCEIRO.exe: 00000B18: 15:31:53 [TUniServerModule]:Global Cache Folder Erased. <2> Files deleted.
APP_FINANCEIRO.exe: 00000B18: 15:31:53 [TUniServerModule]:Starting HTTP Server on Port: 8077...
APP_FINANCEIRO.exe: 00000B18: 15:31:54 [TUniServerModule]:HTTP Server Started on Port: 8077
APP_FINANCEIRO.exe: 00001390: 15:32:21 [192.168.43.251]:EDatabaseError : DataSetCaixaMov: Cannot perform this operation on a closed dataset : Addr: $00632E02
APP_FINANCEIRO.exe: 000012AC: 15:35:02 []:>--------------------------------------------------------------<
APP_FINANCEIRO.exe: 000012AC: 15:35:02 [TUniServerModule]:Server First Init.
APP_FINANCEIRO.exe: 000012AC: 15:35:02 [TUniServerModule]:Debug Mode = ON
APP_FINANCEIRO.exe: 000012AC: 15:35:02 [TUniServerModule]:Global Cache Folder Erased. <2> Files deleted.
APP_FINANCEIRO.exe: 000012AC: 15:35:02 [TUniServerModule]:Starting HTTP Server on Port: 8077...
APP_FINANCEIRO.exe: 000012AC: 15:35:02 [TUniServerModule]:HTTP Server Started on Port: 8077
APP_FINANCEIRO.exe: 000015C4: 15:35:12 [192.168.43.251]:EUniSessionException : Invalid session or session Timeout. : Addr: $0079CFCE
APP_FINANCEIRO.exe: 0000031C: 15:35:31 [192.168.43.251]:EDatabaseError : DataSetCaixaMov: Cannot perform this operation on a closed dataset : Addr: $00632E02
APP_FINANCEIRO.exe: 00000CD4: 15:37:12 []:>--------------------------------------------------------------<
APP_FINANCEIRO.exe: 00000CD4: 15:37:12 [TUniServerModule]:Server First Init.
APP_FINANCEIRO.exe: 00000CD4: 15:37:12 [TUniServerModule]:Debug Mode = ON
APP_FINANCEIRO.exe: 00000CD4: 15:37:12 [TUniServerModule]:Global Cache Folder Erased. <2> Files deleted.
APP_FINANCEIRO.exe: 00000CD4: 15:37:13 [TUniServerModule]:Starting HTTP Server on Port: 8077...
APP_FINANCEIRO.exe: 00000CD4: 15:37:13 [TUniServerModule]:HTTP Server Started on Port: 8077
APP_FINANCEIRO.exe: 000013B0: 15:37:19 [192.168.43.251]:EUniSessionException : Invalid session or session Timeout. : Addr: $0079CFCE
APP_FINANCEIRO.exe: 000011FC: 15:37:31 [192.168.43.251]:EDatabaseError : DataSetCaixaMov: Cannot perform this operation on a closed dataset : Addr: $00632E02
APP_FINANCEIRO.exe: 00001524: 15:37:44 [192.168.43.251]:EConvertError : '' is not a valid floating point value : Addr: $00426606
APP_FINANCEIRO.exe: 00000F60: 15:38:53 []:>--------------------------------------------------------------<
APP_FINANCEIRO.exe: 00000F60: 15:38:53 [TUniServerModule]:Server First Init.
APP_FINANCEIRO.exe: 00000F60: 15:38:53 [TUniServerModule]:Debug Mode = ON
APP_FINANCEIRO.exe: 00000F60: 15:38:53 [TUniServerModule]:Global Cache Folder Erased. <2> Files deleted.
APP_FINANCEIRO.exe: 00000F60: 15:38:53 [TUniServerModule]:Starting HTTP Server on Port: 8077...
APP_FINANCEIRO.exe: 00000F60: 15:38:53 [TUniServerModule]:HTTP Server Started on Port: 8077
APP_FINANCEIRO.exe: 000016A8: 15:38:56 [192.168.43.251]:EUniSessionException : Invalid session or session Timeout. : Addr: $0079CFCE
APP_FINANCEIRO.exe: 00000E70: 15:47:32 []:>--------------------------------------------------------------<
APP_FINANCEIRO.exe: 00000E70: 15:47:32 [TUniServerModule]:Server First Init.
APP_FINANCEIRO.exe: 00000E70: 15:47:32 [TUniServerModule]:Debug Mode = ON
APP_FINANCEIRO.exe: 00000E70: 15:47:33 [TUniServerModule]:Starting HTTP Server on Port: 8077...
APP_FINANCEIRO.exe: 00000E70: 15:47:33 [TUniServerModule]:HTTP Server Started on Port: 8077
APP_FINANCEIRO.exe: 00000F2C: 15:47:37 [192.168.43.251]:EUniSessionException : Invalid session or session Timeout. : Addr: $0079CFCE
APP_FINANCEIRO.exe: 000016F4: 15:55:13 []:>--------------------------------------------------------------<
APP_FINANCEIRO.exe: 000016F4: 15:55:13 [TUniServerModule]:Server First Init.
APP_FINANCEIRO.exe: 000016F4: 15:55:13 [TUniServerModule]:Debug Mode = ON
APP_FINANCEIRO.exe: 000016F4: 15:55:13 [TUniServerModule]:Global Cache Folder Erased. <9> Files deleted.
APP_FINANCEIRO.exe: 000016F4: 15:55:13 [TUniServerModule]:Starting HTTP Server on Port: 8077...
APP_FINANCEIRO.exe: 000016F4: 15:55:13 [TUniServerModule]:HTTP Server Started on Port: 8077
APP_FINANCEIRO.exe: 00001388: 15:57:29 []:>--------------------------------------------------------------<
APP_FINANCEIRO.exe: 00001388: 15:57:29 [TUniServerModule]:Server First Init.
APP_FINANCEIRO.exe: 00001388: 15:57:29 [TUniServerModule]:Debug Mode = ON
APP_FINANCEIRO.exe: 00001388: 15:57:29 [TUniServerModule]:Global Cache Folder Erased. <4> Files deleted.
APP_FINANCEIRO.exe: 00001388: 15:57:29 [TUniServerModule]:Starting HTTP Server on Port: 8077...
APP_FINANCEIRO.exe: 00001388: 15:57:29 [TUniServerModule]:HTTP Server Started on Port: 8077
APP_FINANCEIRO.exe: 00001724: 15:57:34 [192.168.43.251]:EUniSessionException : Invalid session or session Timeout. : Addr: $0079CFCE
APP_FINANCEIRO.exe: 000017E4: 15:59:51 []:>--------------------------------------------------------------<
APP_FINANCEIRO.exe: 000017E4: 15:59:51 [TUniServerModule]:Server First Init.
APP_FINANCEIRO.exe: 000017E4: 15:59:51 [TUniServerModule]:Debug Mode = ON
APP_FINANCEIRO.exe: 000017E4: 15:59:51 [TUniServerModule]:Global Cache Folder Erased. <7> Files deleted.
APP_FINANCEIRO.exe: 000017E4: 15:59:52 [TUniServerModule]:Starting HTTP Server on Port: 8077...
APP_FINANCEIRO.exe: 000017E4: 15:59:52 [TUniServerModule]:HTTP Server Started on Port: 8077
APP_FINANCEIRO.exe: 00001004: 16:00:17 []:>--------------------------------------------------------------<
APP_FINANCEIRO.exe: 00001004: 16:00:17 [TUniServerModule]:Server First Init.
APP_FINANCEIRO.exe: 00001004: 16:00:17 [TUniServerModule]:Debug Mode = ON
APP_FINANCEIRO.exe: 00001004: 16:00:17 [TUniServerModule]:Starting HTTP Server on Port: 8077...
APP_FINANCEIRO.exe: 00001004: 16:00:17 [TUniServerModule]:HTTP Server Started on Port: 8077
APP_FINANCEIRO.exe: 0000115C: 16:00:22 [192.168.43.251]:EUniSessionException : Invalid session or session Timeout. : Addr: $0079CFCE
APP_FINANCEIRO.exe: 00001510: 16:01:52 []:>--------------------------------------------------------------<
APP_FINANCEIRO.exe: 00001510: 16:01:52 [TUniServerModule]:Server First Init.
APP_FINANCEIRO.exe: 00001510: 16:01:52 [TUniServerModule]:Debug Mode = ON
APP_FINANCEIRO.exe: 00001510: 16:01:52 [TUniServerModule]:Global Cache Folder Erased. <3> Files deleted.
APP_FINANCEIRO.exe: 00001510: 16:01:53 [TUniServerModule]:Starting HTTP Server on Port: 8077...
APP_FINANCEIRO.exe: 00001510: 16:01:53 [TUniServerModule]:HTTP Server Started on Port: 8077
APP_FINANCEIRO.exe: 00000B88: 16:01:56 [192.168.43.251]:EUniSessionException : Invalid session or session Timeout. : Addr: $0079CFCE
APP_FINANCEIRO.exe: 0000101C: 16:03:28 []:>--------------------------------------------------------------<
APP_FINANCEIRO.exe: 0000101C: 16:03:28 [TUniServerModule]:Server First Init.
APP_FINANCEIRO.exe: 0000101C: 16:03:28 [TUniServerModule]:Debug Mode = ON
APP_FINANCEIRO.exe: 0000101C: 16:03:28 [TUniServerModule]:Global Cache Folder Erased. <7> Files deleted.
APP_FINANCEIRO.exe: 0000101C: 16:03:28 [TUniServerModule]:Starting HTTP Server on Port: 8077...
APP_FINANCEIRO.exe: 0000101C: 16:03:29 [TUniServerModule]:HTTP Server Started on Port: 8077
APP_FINANCEIRO.exe: 00001720: 16:03:32 [192.168.43.251]:EUniSessionException : Invalid session or session Timeout. : Addr: $0079CFCE
APP_FINANCEIRO.exe: 000006C4: 16:04:08 [192.168.43.251]:EConvertError : '' is not a valid floating point value : Addr: $00426606
