APP_FINANCEIRO.exe: 00001404: 09:22:24 []:>--------------------------------------------------------------<
APP_FINANCEIRO.exe: 00001404: 09:22:24 [TUniServerModule]:Server First Init.
APP_FINANCEIRO.exe: 00001404: 09:22:24 [TUniServerModule]:Debug Mode = ON
APP_FINANCEIRO.exe: 00001404: 09:22:24 [TUniServerModule]:Global Cache Folder Erased. <2> Files deleted.
APP_FINANCEIRO.exe: 00001404: 09:22:25 [TUniServerModule]:Starting HTTP Server on Port: 8077...
APP_FINANCEIRO.exe: 00001404: 09:22:25 [TUniServerModule]:HTTP Server Started on Port: 8077
APP_FINANCEIRO.exe: 000018F8: 09:28:05 []:>--------------------------------------------------------------<
APP_FINANCEIRO.exe: 000018F8: 09:28:05 [TUniServerModule]:Server First Init.
APP_FINANCEIRO.exe: 000018F8: 09:28:05 [TUniServerModule]:Debug Mode = ON
APP_FINANCEIRO.exe: 000018F8: 09:28:05 [TUniServerModule]:Global Cache Folder Erased. <11> Files deleted.
APP_FINANCEIRO.exe: 000018F8: 09:28:05 [TUniServerModule]:Starting HTTP Server on Port: 8077...
APP_FINANCEIRO.exe: 000018F8: 09:28:05 [TUniServerModule]:HTTP Server Started on Port: 8077
APP_FINANCEIRO.exe: 00001708: 09:28:08 [192.168.25.97]:EUniSessionException : Invalid session or session Timeout. : Addr: $007E55C2
APP_FINANCEIRO.exe: 00000928: 09:35:46 []:>--------------------------------------------------------------<
APP_FINANCEIRO.exe: 00000928: 09:35:46 [TUniServerModule]:Server First Init.
APP_FINANCEIRO.exe: 00000928: 09:35:46 [TUniServerModule]:Debug Mode = ON
APP_FINANCEIRO.exe: 00000928: 09:35:46 [TUniServerModule]:Global Cache Folder Erased. <1> Files deleted.
APP_FINANCEIRO.exe: 00000928: 09:35:46 [TUniServerModule]:Starting HTTP Server on Port: 8077...
APP_FINANCEIRO.exe: 00000928: 09:35:46 [TUniServerModule]:HTTP Server Started on Port: 8077
APP_FINANCEIRO.exe: 00000C24: 09:35:58 [192.168.25.97]:TDBXError : I/O error during "CreateFile (open)" operation for file "database.fdb"
Error while trying to open file
O sistema não pode encontrar o arquivo especificado.  : Addr: $00863E46
APP_FINANCEIRO.exe: 00000FF8: 09:36:00 [192.168.25.97]:EUniSessionException : Invalid session or session Timeout. : Addr: $007E55C2
APP_FINANCEIRO.exe: 00000F70: 09:36:27 []:>--------------------------------------------------------------<
APP_FINANCEIRO.exe: 00000F70: 09:36:27 [TUniServerModule]:Server First Init.
APP_FINANCEIRO.exe: 00000F70: 09:36:27 [TUniServerModule]:Debug Mode = ON
APP_FINANCEIRO.exe: 00000F70: 09:36:27 [TUniServerModule]:Starting HTTP Server on Port: 8077...
APP_FINANCEIRO.exe: 00000F70: 09:36:28 [TUniServerModule]:HTTP Server Started on Port: 8077
APP_FINANCEIRO.exe: 000019D0: 09:36:43 [192.168.25.97]:TDBXError : I/O error during "CreateFile (open)" operation for file "database.fdb"
Error while trying to open file
O sistema não pode encontrar o arquivo especificado.  : Addr: $00863E46
APP_FINANCEIRO.exe: 000005A0: 09:37:57 []:>--------------------------------------------------------------<
APP_FINANCEIRO.exe: 000005A0: 09:37:57 [TUniServerModule]:Server First Init.
APP_FINANCEIRO.exe: 000005A0: 09:37:57 [TUniServerModule]:Debug Mode = ON
APP_FINANCEIRO.exe: 000005A0: 09:37:57 [TUniServerModule]:Starting HTTP Server on Port: 8077...
APP_FINANCEIRO.exe: 000005A0: 09:37:57 [TUniServerModule]:HTTP Server Started on Port: 8077
APP_FINANCEIRO.exe: 00000618: 09:38:06 [192.168.25.97]:TDBXError : I/O error during "CreateFile (open)" operation for file "database.fdb"
Error while trying to open file
O sistema não pode encontrar o arquivo especificado.  : Addr: $00863E46
APP_FINANCEIRO.exe: 00000DF0: 09:38:13 [192.168.25.97]:TDBXError : I/O error during "CreateFile (open)" operation for file "database.fdb"
Error while trying to open file
O sistema não pode encontrar o arquivo especificado.  : Addr: $00863E46
APP_FINANCEIRO.exe: 00000D80: 09:38:47 []:>--------------------------------------------------------------<
APP_FINANCEIRO.exe: 00000D80: 09:38:47 [TUniServerModule]:Server First Init.
APP_FINANCEIRO.exe: 00000D80: 09:38:47 [TUniServerModule]:Debug Mode = ON
APP_FINANCEIRO.exe: 00000D80: 09:38:47 [TUniServerModule]:Starting HTTP Server on Port: 8077...
APP_FINANCEIRO.exe: 00000D80: 09:38:48 [TUniServerModule]:HTTP Server Started on Port: 8077
APP_FINANCEIRO.exe: 000006A8: 09:38:56 [192.168.25.97]:TDBXError : I/O error during "CreateFile (open)" operation for file "database.fdb"
Error while trying to open file
O sistema não pode encontrar o arquivo especificado.  : Addr: $00863E46
APP_FINANCEIRO.exe: 00000B8C: 09:40:16 []:>--------------------------------------------------------------<
APP_FINANCEIRO.exe: 00000B8C: 09:40:16 [TUniServerModule]:Server First Init.
APP_FINANCEIRO.exe: 00000B8C: 09:40:16 [TUniServerModule]:Debug Mode = ON
APP_FINANCEIRO.exe: 00000B8C: 09:40:16 [TUniServerModule]:Starting HTTP Server on Port: 8077...
APP_FINANCEIRO.exe: 00000B8C: 09:40:16 [TUniServerModule]:HTTP Server Started on Port: 8077
APP_FINANCEIRO.exe: 00000E74: 09:40:27 [192.168.25.97]:EOleException : I/O error during "CreateFile (open)" operation for file "database.fdb"
Error while trying to open file
O sistema não pode encontrar o arquivo especificado : Addr: $0090BC32
APP_FINANCEIRO.exe: 00001B38: 09:47:51 []:>--------------------------------------------------------------<
APP_FINANCEIRO.exe: 00001B38: 09:47:51 [TUniServerModule]:Server First Init.
APP_FINANCEIRO.exe: 00001B38: 09:47:51 [TUniServerModule]:Debug Mode = ON
APP_FINANCEIRO.exe: 00001B38: 09:47:52 [TUniServerModule]:Starting HTTP Server on Port: 8077...
APP_FINANCEIRO.exe: 00001B38: 09:47:52 [TUniServerModule]:HTTP Server Started on Port: 8077
APP_FINANCEIRO.exe: 000008AC: 09:49:38 []:>--------------------------------------------------------------<
APP_FINANCEIRO.exe: 000008AC: 09:49:39 [TUniServerModule]:Server First Init.
APP_FINANCEIRO.exe: 000008AC: 09:49:39 [TUniServerModule]:Debug Mode = ON
APP_FINANCEIRO.exe: 000008AC: 09:49:39 [TUniServerModule]:Starting HTTP Server on Port: 8077...
APP_FINANCEIRO.exe: 000008AC: 09:49:39 [TUniServerModule]:HTTP Server Started on Port: 8077
APP_FINANCEIRO.exe: 00001B70: 09:49:41 [192.168.25.97]:EUniSessionException : Invalid session or session Timeout. : Addr: $007E55C2
APP_FINANCEIRO.exe: 00000DD0: 09:52:30 []:>--------------------------------------------------------------<
APP_FINANCEIRO.exe: 00000DD0: 09:52:30 [TUniServerModule]:Server First Init.
APP_FINANCEIRO.exe: 00000DD0: 09:52:30 [TUniServerModule]:Debug Mode = ON
APP_FINANCEIRO.exe: 00000DD0: 09:52:30 [TUniServerModule]:Starting HTTP Server on Port: 8077...
APP_FINANCEIRO.exe: 00000DD0: 09:52:31 [TUniServerModule]:HTTP Server Started on Port: 8077
APP_FINANCEIRO.exe: 0000158C: 09:52:40 [192.168.25.97]:EDatabaseError : SQLQuery2: Cannot perform this operation on a closed dataset : Addr: $00677986
APP_FINANCEIRO.exe: 00001184: 09:59:45 []:>--------------------------------------------------------------<
APP_FINANCEIRO.exe: 00001184: 09:59:45 [TUniServerModule]:Server First Init.
APP_FINANCEIRO.exe: 00001184: 09:59:45 [TUniServerModule]:Debug Mode = ON
APP_FINANCEIRO.exe: 00001184: 09:59:45 [TUniServerModule]:Global Cache Folder Erased. <1> Files deleted.
APP_FINANCEIRO.exe: 00001184: 09:59:45 [TUniServerModule]:Starting HTTP Server on Port: 8077...
APP_FINANCEIRO.exe: 00001184: 09:59:45 [TUniServerModule]:HTTP Server Started on Port: 8077
APP_FINANCEIRO.exe: 00001BD8: 09:59:48 [192.168.25.97]:EUniSessionException : Invalid session or session Timeout. : Addr: $007E55C2
APP_FINANCEIRO.exe: 0000117C: 09:59:57 [192.168.25.97]:EDatabaseError : SQLQuery2: Cannot perform this operation on a closed dataset : Addr: $00677986
APP_FINANCEIRO.exe: 00001920: 10:00:14 []:>--------------------------------------------------------------<
APP_FINANCEIRO.exe: 00001920: 10:00:14 [TUniServerModule]:Server First Init.
APP_FINANCEIRO.exe: 00001920: 10:00:14 [TUniServerModule]:Debug Mode = ON
APP_FINANCEIRO.exe: 00001920: 10:00:14 [TUniServerModule]:Global Cache Folder Erased. <1> Files deleted.
APP_FINANCEIRO.exe: 00001920: 10:00:14 [TUniServerModule]:Starting HTTP Server on Port: 8077...
APP_FINANCEIRO.exe: 00001920: 10:00:14 [TUniServerModule]:HTTP Server Started on Port: 8077
APP_FINANCEIRO.exe: 00001A84: 10:00:16 [192.168.25.97]:EUniSessionException : Invalid session or session Timeout. : Addr: $007E55C2
APP_FINANCEIRO.exe: 000014DC: 10:00:24 [192.168.25.97]:EDatabaseError : SQLQuery2: Cannot perform this operation on a closed dataset : Addr: $00677986
APP_FINANCEIRO.exe: 000019AC: 10:00:53 []:>--------------------------------------------------------------<
APP_FINANCEIRO.exe: 000019AC: 10:00:53 [TUniServerModule]:Server First Init.
APP_FINANCEIRO.exe: 000019AC: 10:00:53 [TUniServerModule]:Debug Mode = ON
APP_FINANCEIRO.exe: 000019AC: 10:00:53 [TUniServerModule]:Global Cache Folder Erased. <1> Files deleted.
APP_FINANCEIRO.exe: 000019AC: 10:00:53 [TUniServerModule]:Starting HTTP Server on Port: 8077...
APP_FINANCEIRO.exe: 000019AC: 10:00:53 [TUniServerModule]:HTTP Server Started on Port: 8077
APP_FINANCEIRO.exe: 00000848: 10:02:45 []:>--------------------------------------------------------------<
APP_FINANCEIRO.exe: 00000848: 10:02:45 [TUniServerModule]:Server First Init.
APP_FINANCEIRO.exe: 00000848: 10:02:45 [TUniServerModule]:Debug Mode = ON
APP_FINANCEIRO.exe: 00000848: 10:02:45 [TUniServerModule]:Global Cache Folder Erased. <1> Files deleted.
APP_FINANCEIRO.exe: 00000848: 10:02:45 [TUniServerModule]:Starting HTTP Server on Port: 8077...
APP_FINANCEIRO.exe: 00000848: 10:02:45 [TUniServerModule]:HTTP Server Started on Port: 8077
APP_FINANCEIRO.exe: 00000DF0: 10:02:58 [192.168.25.97]:EUniSessionException : Invalid session or session Timeout. : Addr: $007E55C2
APP_FINANCEIRO.exe: 000012E8: 10:05:05 []:>--------------------------------------------------------------<
APP_FINANCEIRO.exe: 000012E8: 10:05:05 [TUniServerModule]:Server First Init.
APP_FINANCEIRO.exe: 000012E8: 10:05:05 [TUniServerModule]:Debug Mode = ON
APP_FINANCEIRO.exe: 000012E8: 10:05:05 [TUniServerModule]:Global Cache Folder Erased. <2> Files deleted.
APP_FINANCEIRO.exe: 000012E8: 10:05:05 [TUniServerModule]:Starting HTTP Server on Port: 8077...
APP_FINANCEIRO.exe: 000012E8: 10:05:05 [TUniServerModule]:HTTP Server Started on Port: 8077
APP_FINANCEIRO.exe: 000006B0: 10:05:16 [192.168.25.97]:EOSError : System Error.  Code: 5.
Acesso negado : Addr: $004328B5
APP_FINANCEIRO.exe: 00001870: 10:06:17 []:>--------------------------------------------------------------<
APP_FINANCEIRO.exe: 00001870: 10:06:17 [TUniServerModule]:Server First Init.
APP_FINANCEIRO.exe: 00001870: 10:06:17 [TUniServerModule]:Debug Mode = ON
APP_FINANCEIRO.exe: 00001870: 10:06:17 [TUniServerModule]:Global Cache Folder Erased. <1> Files deleted.
APP_FINANCEIRO.exe: 00001870: 10:06:17 [TUniServerModule]:Starting HTTP Server on Port: 8077...
APP_FINANCEIRO.exe: 00001870: 10:06:17 [TUniServerModule]:HTTP Server Started on Port: 8077
APP_FINANCEIRO.exe: 00001A38: 10:06:33 [192.168.25.97]:EOSError : System Error.  Code: 5.
Acesso negado : Addr: $004328B5
APP_FINANCEIRO.exe: 000019B0: 10:06:41 [TUniServerModule]:Shutting Down Server.
APP_FINANCEIRO.exe: 000019B0: 10:06:41 [TUniServerModule]:Stopping HTTP Server.
APP_FINANCEIRO.exe: 0000167C: 10:07:11 []:>--------------------------------------------------------------<
APP_FINANCEIRO.exe: 0000167C: 10:07:11 [TUniServerModule]:Server First Init.
APP_FINANCEIRO.exe: 0000167C: 10:07:11 [TUniServerModule]:Debug Mode = ON
APP_FINANCEIRO.exe: 0000167C: 10:07:11 [TUniServerModule]:Global Cache Folder Erased. <1> Files deleted.
APP_FINANCEIRO.exe: 0000167C: 10:07:11 [TUniServerModule]:Starting HTTP Server on Port: 8077...
APP_FINANCEIRO.exe: 0000167C: 10:07:11 [TUniServerModule]:HTTP Server Started on Port: 8077
APP_FINANCEIRO.exe: 00001A48: 10:15:14 []:>--------------------------------------------------------------<
APP_FINANCEIRO.exe: 00001A48: 10:15:14 [TUniServerModule]:Server First Init.
APP_FINANCEIRO.exe: 00001A48: 10:15:14 [TUniServerModule]:Debug Mode = ON
APP_FINANCEIRO.exe: 00001A48: 10:15:14 [TUniServerModule]:Global Cache Folder Erased. <2> Files deleted.
APP_FINANCEIRO.exe: 00001A48: 10:15:14 [TUniServerModule]:Starting HTTP Server on Port: 8077...
APP_FINANCEIRO.exe: 00001A48: 10:15:14 [TUniServerModule]:HTTP Server Started on Port: 8077
APP_FINANCEIRO.exe: 000007E0: 10:20:00 []:>--------------------------------------------------------------<
APP_FINANCEIRO.exe: 000007E0: 10:20:00 [TUniServerModule]:Server First Init.
APP_FINANCEIRO.exe: 000007E0: 10:20:00 [TUniServerModule]:Debug Mode = ON
APP_FINANCEIRO.exe: 000007E0: 10:20:00 [TUniServerModule]:Global Cache Folder Erased. <2> Files deleted.
APP_FINANCEIRO.exe: 000007E0: 10:20:00 [TUniServerModule]:Starting HTTP Server on Port: 8077...
APP_FINANCEIRO.exe: 000007E0: 10:20:00 [TUniServerModule]:HTTP Server Started on Port: 8077
APP_FINANCEIRO.exe: 0000197C: 10:20:02 [192.168.25.97]:EUniSessionException : Invalid session or session Timeout. : Addr: $007E55C2
APP_FINANCEIRO.exe: 00001838: 10:23:32 []:>--------------------------------------------------------------<
APP_FINANCEIRO.exe: 00001838: 10:23:32 [TUniServerModule]:Server First Init.
APP_FINANCEIRO.exe: 00001838: 10:23:32 [TUniServerModule]:Debug Mode = ON
APP_FINANCEIRO.exe: 00001838: 10:23:32 [TUniServerModule]:Global Cache Folder Erased. <1> Files deleted.
APP_FINANCEIRO.exe: 00001838: 10:23:32 [TUniServerModule]:Starting HTTP Server on Port: 8077...
APP_FINANCEIRO.exe: 00001838: 10:23:33 [TUniServerModule]:HTTP Server Started on Port: 8077
APP_FINANCEIRO.exe: 00001020: 10:33:09 []:>--------------------------------------------------------------<
APP_FINANCEIRO.exe: 00001020: 10:33:09 [TUniServerModule]:Server First Init.
APP_FINANCEIRO.exe: 00001020: 10:33:09 [TUniServerModule]:Debug Mode = ON
APP_FINANCEIRO.exe: 00001020: 10:33:09 [TUniServerModule]:Global Cache Folder Erased. <3> Files deleted.
APP_FINANCEIRO.exe: 00001020: 10:33:09 [TUniServerModule]:Starting HTTP Server on Port: 8077...
APP_FINANCEIRO.exe: 00001020: 10:33:09 [TUniServerModule]:HTTP Server Started on Port: 8077
APP_FINANCEIRO.exe: 0000104C: 10:33:14 [192.168.25.97]:EUniSessionException : Invalid session or session Timeout. : Addr: $007E55C2
APP_FINANCEIRO.exe: 00001A34: 10:35:18 []:>--------------------------------------------------------------<
APP_FINANCEIRO.exe: 00001A34: 10:35:18 [TUniServerModule]:Server First Init.
APP_FINANCEIRO.exe: 00001A34: 10:35:18 [TUniServerModule]:Debug Mode = ON
APP_FINANCEIRO.exe: 00001A34: 10:35:18 [TUniServerModule]:Global Cache Folder Erased. <2> Files deleted.
APP_FINANCEIRO.exe: 00001A34: 10:35:18 [TUniServerModule]:Starting HTTP Server on Port: 8077...
APP_FINANCEIRO.exe: 00001A34: 10:35:18 [TUniServerModule]:HTTP Server Started on Port: 8077
APP_FINANCEIRO.exe: 00000BCC: 10:35:21 [192.168.25.97]:EUniSessionException : Invalid session or session Timeout. : Addr: $007E55C2
APP_FINANCEIRO.exe: 00001440: 10:39:44 []:>--------------------------------------------------------------<
APP_FINANCEIRO.exe: 00001440: 10:39:44 [TUniServerModule]:Server First Init.
APP_FINANCEIRO.exe: 00001440: 10:39:44 [TUniServerModule]:Debug Mode = ON
APP_FINANCEIRO.exe: 00001440: 10:39:44 [TUniServerModule]:Global Cache Folder Erased. <2> Files deleted.
APP_FINANCEIRO.exe: 00001440: 10:39:44 [TUniServerModule]:Starting HTTP Server on Port: 8077...
APP_FINANCEIRO.exe: 00001440: 10:39:44 [TUniServerModule]:HTTP Server Started on Port: 8077
APP_FINANCEIRO.exe: 00001808: 10:39:48 [192.168.25.97]:EUniSessionException : Invalid session or session Timeout. : Addr: $007E55C2
APP_FINANCEIRO.exe: 000018AC: 10:42:27 []:>--------------------------------------------------------------<
APP_FINANCEIRO.exe: 000018AC: 10:42:27 [TUniServerModule]:Server First Init.
APP_FINANCEIRO.exe: 000018AC: 10:42:27 [TUniServerModule]:Debug Mode = ON
APP_FINANCEIRO.exe: 000018AC: 10:42:27 [TUniServerModule]:Starting HTTP Server on Port: 8077...
APP_FINANCEIRO.exe: 000018AC: 10:42:27 [TUniServerModule]:HTTP Server Started on Port: 8077
APP_FINANCEIRO.exe: 000016E4: 10:42:31 [192.168.25.97]:EUniSessionException : Invalid session or session Timeout. : Addr: $007E55C2
APP_FINANCEIRO.exe: 00001104: 11:44:23 []:>--------------------------------------------------------------<
APP_FINANCEIRO.exe: 00001104: 11:44:23 [TUniServerModule]:Server First Init.
APP_FINANCEIRO.exe: 00001104: 11:44:23 [TUniServerModule]:Debug Mode = ON
APP_FINANCEIRO.exe: 00001104: 11:44:23 [TUniServerModule]:Global Cache Folder Erased. <3> Files deleted.
APP_FINANCEIRO.exe: 00001104: 11:44:23 [TUniServerModule]:Starting HTTP Server on Port: 8077...
APP_FINANCEIRO.exe: 00001104: 11:44:23 [TUniServerModule]:HTTP Server Started on Port: 8077
APP_FINANCEIRO.exe: 00001A84: 11:44:30 [192.168.25.97]:EUniSessionException : Invalid session or session Timeout. : Addr: $007E55C2
APP_FINANCEIRO.exe: 00000A70: 11:44:57 []:>--------------------------------------------------------------<
APP_FINANCEIRO.exe: 00000A70: 11:44:57 [TUniServerModule]:Server First Init.
APP_FINANCEIRO.exe: 00000A70: 11:44:57 [TUniServerModule]:Debug Mode = ON
APP_FINANCEIRO.exe: 00000A70: 11:44:57 [TUniServerModule]:Global Cache Folder Erased. <1> Files deleted.
APP_FINANCEIRO.exe: 00000A70: 11:44:57 [TUniServerModule]:Starting HTTP Server on Port: 8077...
APP_FINANCEIRO.exe: 00000A70: 11:44:57 [TUniServerModule]:HTTP Server Started on Port: 8077
APP_FINANCEIRO.exe: 0000137C: 11:46:48 []:>--------------------------------------------------------------<
APP_FINANCEIRO.exe: 0000137C: 11:46:48 [TUniServerModule]:Server First Init.
APP_FINANCEIRO.exe: 0000137C: 11:46:48 [TUniServerModule]:Debug Mode = ON
APP_FINANCEIRO.exe: 0000137C: 11:46:48 [TUniServerModule]:Starting HTTP Server on Port: 8077...
APP_FINANCEIRO.exe: 0000137C: 11:46:49 [TUniServerModule]:HTTP Server Started on Port: 8077
APP_FINANCEIRO.exe: 000005F8: 11:46:50 [192.168.25.97]:EUniSessionException : Invalid session or session Timeout. : Addr: $007E55C2
APP_FINANCEIRO.exe: 0000049C: 11:47:08 []:>--------------------------------------------------------------<
APP_FINANCEIRO.exe: 0000049C: 11:47:08 [TUniServerModule]:Server First Init.
APP_FINANCEIRO.exe: 0000049C: 11:47:08 [TUniServerModule]:Debug Mode = ON
APP_FINANCEIRO.exe: 0000049C: 11:47:08 [TUniServerModule]:Starting HTTP Server on Port: 8077...
APP_FINANCEIRO.exe: 0000049C: 11:47:08 [TUniServerModule]:HTTP Server Started on Port: 8077
APP_FINANCEIRO.exe: 00000FB8: 11:48:05 [192.168.25.97]:EUniSessionException : Invalid session or session Timeout. : Addr: $007E55C2
APP_FINANCEIRO.exe: 00000A54: 11:48:06 [192.168.25.97]:EUniSessionException : Invalid session or session Timeout. : Addr: $007E55C2
APP_FINANCEIRO.exe: 00000FEC: 11:48:07 [192.168.25.97]:EUniSessionException : Invalid session or session Timeout. : Addr: $007E55C2
APP_FINANCEIRO.exe: 00000838: 11:48:08 [192.168.25.97]:EUniSessionException : Invalid session or session Timeout. : Addr: $007E55C2
APP_FINANCEIRO.exe: 00001390: 11:49:22 []:>--------------------------------------------------------------<
APP_FINANCEIRO.exe: 00001390: 11:49:22 [TUniServerModule]:Server First Init.
APP_FINANCEIRO.exe: 00001390: 11:49:22 [TUniServerModule]:Debug Mode = ON
APP_FINANCEIRO.exe: 00001390: 11:49:22 [TUniServerModule]:Global Cache Folder Erased. <1> Files deleted.
APP_FINANCEIRO.exe: 00001390: 11:49:22 [TUniServerModule]:Starting HTTP Server on Port: 8077...
APP_FINANCEIRO.exe: 00001390: 11:49:23 [TUniServerModule]:HTTP Server Started on Port: 8077
APP_FINANCEIRO.exe: 000011B0: 11:50:25 []:>--------------------------------------------------------------<
APP_FINANCEIRO.exe: 000011B0: 11:50:25 [TUniServerModule]:Server First Init.
APP_FINANCEIRO.exe: 000011B0: 11:50:25 [TUniServerModule]:Debug Mode = ON
APP_FINANCEIRO.exe: 000011B0: 11:50:25 [TUniServerModule]:Starting HTTP Server on Port: 8077...
APP_FINANCEIRO.exe: 000011B0: 11:50:25 [TUniServerModule]:HTTP Server Started on Port: 8077
APP_FINANCEIRO.exe: 00001968: 11:50:54 [192.168.25.97]:EDatabaseError : Cannot connect to database 'FBConnection' : Addr: $0067799B
APP_FINANCEIRO.exe: 00001248: 12:25:52 []:>--------------------------------------------------------------<
APP_FINANCEIRO.exe: 00001248: 12:25:52 [TUniServerModule]:Server First Init.
APP_FINANCEIRO.exe: 00001248: 12:25:52 [TUniServerModule]:Debug Mode = ON
APP_FINANCEIRO.exe: 00001248: 12:25:52 [TUniServerModule]:Global Cache Folder Erased. <3> Files deleted.
APP_FINANCEIRO.exe: 00001248: 12:25:52 [TUniServerModule]:Starting HTTP Server on Port: 8077...
APP_FINANCEIRO.exe: 00001248: 12:25:52 [TUniServerModule]:HTTP Server Started on Port: 8077
APP_FINANCEIRO.exe: 0000151C: 12:26:05 [192.168.25.97]:EUniSessionException : Invalid session or session Timeout. : Addr: $007E55C2
APP_FINANCEIRO.exe: 00001BC0: 15:31:59 []:>--------------------------------------------------------------<
APP_FINANCEIRO.exe: 00001BC0: 15:31:59 [TUniServerModule]:Server First Init.
APP_FINANCEIRO.exe: 00001BC0: 15:31:59 [TUniServerModule]:Debug Mode = ON
APP_FINANCEIRO.exe: 00001BC0: 15:31:59 [TUniServerModule]:Global Cache Folder Erased. <2> Files deleted.
APP_FINANCEIRO.exe: 00001BC0: 15:31:59 [TUniServerModule]:Starting HTTP Server on Port: 8077...
APP_FINANCEIRO.exe: 00001BC0: 15:31:59 [TUniServerModule]:HTTP Server Started on Port: 8077
APP_FINANCEIRO.exe: 00001480: 15:32:07 [192.168.25.97]:EUniSessionException : Invalid session or session Timeout. : Addr: $007E55C2
APP_FINANCEIRO.exe: 0000113C: 15:50:24 []:>--------------------------------------------------------------<
APP_FINANCEIRO.exe: 0000113C: 15:50:24 [TUniServerModule]:Server First Init.
APP_FINANCEIRO.exe: 0000113C: 15:50:24 [TUniServerModule]:Debug Mode = ON
APP_FINANCEIRO.exe: 0000113C: 15:50:24 [TUniServerModule]:Global Cache Folder Erased. <5> Files deleted.
APP_FINANCEIRO.exe: 0000113C: 15:50:24 [TUniServerModule]:Starting HTTP Server on Port: 8077...
APP_FINANCEIRO.exe: 0000113C: 15:50:24 [TUniServerModule]:HTTP Server Started on Port: 8077
APP_FINANCEIRO.exe: 00000CF0: 15:50:31 [192.168.25.97]:EUniSessionException : Invalid session or session Timeout. : Addr: $007E55C2
