APP_FINANCEIRO.exe: 0000077C: 16:17:34 []:>--------------------------------------------------------------<
APP_FINANCEIRO.exe: 0000077C: 16:17:34 [TUniServerModule]:Server First Init.
APP_FINANCEIRO.exe: 0000077C: 16:17:34 [TUniServerModule]:Debug Mode = ON
APP_FINANCEIRO.exe: 0000077C: 16:17:34 [TUniServerModule]:Global Cache Folder Erased. <1> Files deleted.
APP_FINANCEIRO.exe: 0000077C: 16:17:34 [TUniServerModule]:Starting HTTP Server on Port: 8077...
APP_FINANCEIRO.exe: 0000077C: 16:17:34 [TUniServerModule]:HTTP Server Started on Port: 8077
APP_FINANCEIRO.exe: 00000C50: 22:03:56 []:>--------------------------------------------------------------<
APP_FINANCEIRO.exe: 00000C50: 22:03:56 [TUniServerModule]:Server First Init.
APP_FINANCEIRO.exe: 00000C50: 22:03:56 [TUniServerModule]:Debug Mode = ON
APP_FINANCEIRO.exe: 00000C50: 22:03:56 [TUniServerModule]:Starting HTTP Server on Port: 8077...
APP_FINANCEIRO.exe: 00000C50: 22:03:56 [TUniServerModule]:HTTP Server Started on Port: 8077
APP_FINANCEIRO.exe: 00000DA0: 22:06:07 [127.0.0.1]:EUniSessionException : Invalid session or session Timeout. : Addr: $007B5BEA
APP_FINANCEIRO.exe: 00000C50: 22:06:14 [TUniServerModule]:Shutting Down Server.
APP_FINANCEIRO.exe: 00000C50: 22:06:14 [TUniServerModule]:Stopping HTTP Server.
APP_FINANCEIRO.exe: 00000C50: 22:06:16 [TUniServerModule]:HTTP Server Stopped.
APP_FINANCEIRO.exe: 00000C50: 22:06:16 [TUniGUISessionManager]:Terminating Session manager.
APP_FINANCEIRO.exe: 00000C50: 22:06:16 [TUniGUISessionManager]:Stopping Cache Eraser...
APP_FINANCEIRO.exe: 00000C50: 22:06:16 [TUniGUISessionManager]:Cache Eraser Stopped.
APP_FINANCEIRO.exe: 00000C50: 22:06:16 [TUniGUISessionManager]:Destroying Worker Threads.
APP_FINANCEIRO.exe: 00000C50: 22:06:16 [TUniGUISessionManager]:Session manager terminated.
APP_FINANCEIRO.exe: 00000C50: 22:06:16 [TUniServerModule]:Server Shutdown Completed.
APP_FINANCEIRO.exe: 00000C50: 22:06:16 []:<-------------------------------------------------------------->
APP_FINANCEIRO.exe: 00000C50: 22:06:16 [Terminated]:Exit Code: 0
APP_FINANCEIRO.exe: 000015E8: 22:06:37 []:>--------------------------------------------------------------<
APP_FINANCEIRO.exe: 000015E8: 22:06:37 [TUniServerModule]:Server First Init.
APP_FINANCEIRO.exe: 000015E8: 22:06:37 [TUniServerModule]:Debug Mode = ON
APP_FINANCEIRO.exe: 000015E8: 22:06:37 [TUniServerModule]:Starting HTTP Server on Port: 8077...
APP_FINANCEIRO.exe: 000015E8: 22:06:37 [TUniServerModule]:HTTP Server Started on Port: 8077
APP_FINANCEIRO.exe: 00001984: 22:07:40 [127.0.0.1]:EUniSessionException : Invalid session or session Timeout. : Addr: $007B5BEA
APP_FINANCEIRO.exe: 00001BD0: 22:07:43 [HandleFileRequest[192.168.43.1]]:File not found: C:\SISTEMA ETICA\Win32\Debug\favicon.ico
APP_FINANCEIRO.exe: 00001B24: 22:09:07 []:>--------------------------------------------------------------<
APP_FINANCEIRO.exe: 00001B24: 22:09:07 [TUniServerModule]:Server First Init.
APP_FINANCEIRO.exe: 00001B24: 22:09:07 [TUniServerModule]:Debug Mode = ON
APP_FINANCEIRO.exe: 00001B24: 22:09:07 [TUniServerModule]:Starting HTTP Server on Port: 8077...
APP_FINANCEIRO.exe: 00001B24: 22:09:07 [TUniServerModule]:HTTP Server Started on Port: 8077
APP_FINANCEIRO.exe: 00000810: 22:10:19 [SQLQuery1: Cannot perform this operation on a closed dataset-192.168.43.1]:EDatabaseError : SQLQuery1: Cannot perform this operation on a closed dataset : Addr: $00677986
APP_FINANCEIRO.exe: 000018FC: 22:11:46 []:>--------------------------------------------------------------<
APP_FINANCEIRO.exe: 000018FC: 22:11:46 [TUniServerModule]:Server First Init.
APP_FINANCEIRO.exe: 000018FC: 22:11:46 [TUniServerModule]:Debug Mode = ON
APP_FINANCEIRO.exe: 000018FC: 22:11:46 [TUniServerModule]:Global Cache Folder Erased. <2> Files deleted.
APP_FINANCEIRO.exe: 000018FC: 22:11:46 [TUniServerModule]:Starting HTTP Server on Port: 8077...
APP_FINANCEIRO.exe: 000018FC: 22:11:46 [TUniServerModule]:HTTP Server Started on Port: 8077
APP_FINANCEIRO.exe: 00001558: 22:13:18 []:>--------------------------------------------------------------<
APP_FINANCEIRO.exe: 00001558: 22:13:18 [TUniServerModule]:Server First Init.
APP_FINANCEIRO.exe: 00001558: 22:13:18 [TUniServerModule]:Debug Mode = ON
APP_FINANCEIRO.exe: 00001558: 22:13:18 [TUniServerModule]:Starting HTTP Server on Port: 8077...
APP_FINANCEIRO.exe: 00001558: 22:13:18 [TUniServerModule]:HTTP Server Started on Port: 8077
APP_FINANCEIRO.exe: 00001AB0: 22:15:14 []:>--------------------------------------------------------------<
APP_FINANCEIRO.exe: 00001AB0: 22:15:14 [TUniServerModule]:Server First Init.
APP_FINANCEIRO.exe: 00001AB0: 22:15:14 [TUniServerModule]:Debug Mode = ON
APP_FINANCEIRO.exe: 00001AB0: 22:15:14 [TUniServerModule]:Global Cache Folder Erased. <2> Files deleted.
APP_FINANCEIRO.exe: 00001AB0: 22:15:14 [TUniServerModule]:Starting HTTP Server on Port: 8077...
APP_FINANCEIRO.exe: 00001AB0: 22:15:14 [TUniServerModule]:HTTP Server Started on Port: 8077
APP_FINANCEIRO.exe: 000009E0: 22:15:19 [192.168.43.1]:EUniSessionException : Invalid session or session Timeout. : Addr: $007B5BEA
APP_FINANCEIRO.exe: 00001748: 22:16:20 []:>--------------------------------------------------------------<
APP_FINANCEIRO.exe: 00001748: 22:16:20 [TUniServerModule]:Server First Init.
APP_FINANCEIRO.exe: 00001748: 22:16:20 [TUniServerModule]:Debug Mode = ON
APP_FINANCEIRO.exe: 00001748: 22:16:20 [TUniServerModule]:Global Cache Folder Erased. <1> Files deleted.
APP_FINANCEIRO.exe: 00001748: 22:16:20 [TUniServerModule]:Starting HTTP Server on Port: 8077...
APP_FINANCEIRO.exe: 00001748: 22:16:20 [TUniServerModule]:HTTP Server Started on Port: 8077
APP_FINANCEIRO.exe: 0000181C: 22:17:04 []:>--------------------------------------------------------------<
APP_FINANCEIRO.exe: 0000181C: 22:17:04 [TUniServerModule]:Server First Init.
APP_FINANCEIRO.exe: 0000181C: 22:17:04 [TUniServerModule]:Debug Mode = ON
APP_FINANCEIRO.exe: 0000181C: 22:17:04 [TUniServerModule]:Global Cache Folder Erased. <1> Files deleted.
APP_FINANCEIRO.exe: 0000181C: 22:17:04 [TUniServerModule]:Starting HTTP Server on Port: 8077...
APP_FINANCEIRO.exe: 0000181C: 22:17:04 [TUniServerModule]:HTTP Server Started on Port: 8077
APP_FINANCEIRO.exe: 00000774: 22:17:08 [192.168.43.1]:EUniSessionException : Invalid session or session Timeout. : Addr: $007B5BEA
APP_FINANCEIRO.exe: 000002AC: 22:19:53 []:>--------------------------------------------------------------<
APP_FINANCEIRO.exe: 000002AC: 22:19:53 [TUniServerModule]:Server First Init.
APP_FINANCEIRO.exe: 000002AC: 22:19:53 [TUniServerModule]:Debug Mode = ON
APP_FINANCEIRO.exe: 000002AC: 22:19:53 [TUniServerModule]:Global Cache Folder Erased. <1> Files deleted.
APP_FINANCEIRO.exe: 000002AC: 22:19:53 [TUniServerModule]:Starting HTTP Server on Port: 8077...
APP_FINANCEIRO.exe: 000002AC: 22:19:53 [TUniServerModule]:HTTP Server Started on Port: 8077
APP_FINANCEIRO.exe: 000016D8: 22:20:59 []:>--------------------------------------------------------------<
APP_FINANCEIRO.exe: 000016D8: 22:20:59 [TUniServerModule]:Server First Init.
APP_FINANCEIRO.exe: 000016D8: 22:20:59 [TUniServerModule]:Debug Mode = ON
APP_FINANCEIRO.exe: 000016D8: 22:20:59 [TUniServerModule]:Starting HTTP Server on Port: 8077...
APP_FINANCEIRO.exe: 000016D8: 22:20:59 [TUniServerModule]:HTTP Server Started on Port: 8077
APP_FINANCEIRO.exe: 00000FF4: 22:22:28 [SQLQuery1: Cannot perform this operation on a closed dataset-192.168.43.1]:EDatabaseError : SQLQuery1: Cannot perform this operation on a closed dataset : Addr: $00677986
APP_FINANCEIRO.exe: 000015A4: 22:22:34 [192.168.43.1]:EOleException : SQLConnection property required for this operation : Addr: $009296CE
APP_FINANCEIRO.exe: 0000152C: 22:24:04 []:>--------------------------------------------------------------<
APP_FINANCEIRO.exe: 0000152C: 22:24:04 [TUniServerModule]:Server First Init.
APP_FINANCEIRO.exe: 0000152C: 22:24:04 [TUniServerModule]:Debug Mode = ON
APP_FINANCEIRO.exe: 0000152C: 22:24:04 [TUniServerModule]:Global Cache Folder Erased. <5> Files deleted.
APP_FINANCEIRO.exe: 0000152C: 22:24:04 [TUniServerModule]:Starting HTTP Server on Port: 8077...
APP_FINANCEIRO.exe: 0000152C: 22:24:04 [TUniServerModule]:HTTP Server Started on Port: 8077
APP_FINANCEIRO.exe: 000013E0: 22:24:08 [192.168.43.1]:EUniSessionException : Invalid session or session Timeout. : Addr: $007B5BEA
APP_FINANCEIRO.exe: 000016D0: 22:24:26 [SQLConnection property required for this operation-192.168.43.1]:EDatabaseError : SQLConnection property required for this operation : Addr: $0067799B
APP_FINANCEIRO.exe: 000014B8: 22:25:31 []:>--------------------------------------------------------------<
APP_FINANCEIRO.exe: 000014B8: 22:25:31 [TUniServerModule]:Server First Init.
APP_FINANCEIRO.exe: 000014B8: 22:25:31 [TUniServerModule]:Debug Mode = ON
APP_FINANCEIRO.exe: 000014B8: 22:25:31 [TUniServerModule]:Global Cache Folder Erased. <2> Files deleted.
APP_FINANCEIRO.exe: 000014B8: 22:25:31 [TUniServerModule]:Starting HTTP Server on Port: 8077...
APP_FINANCEIRO.exe: 000014B8: 22:25:31 [TUniServerModule]:HTTP Server Started on Port: 8077
APP_FINANCEIRO.exe: 000016C0: 22:25:35 [192.168.43.1]:EUniSessionException : Invalid session or session Timeout. : Addr: $007B5BEA
APP_FINANCEIRO.exe: 000013E0: 22:30:08 []:>--------------------------------------------------------------<
APP_FINANCEIRO.exe: 000013E0: 22:30:08 [TUniServerModule]:Server First Init.
APP_FINANCEIRO.exe: 000013E0: 22:30:08 [TUniServerModule]:Debug Mode = ON
APP_FINANCEIRO.exe: 000013E0: 22:30:08 [TUniServerModule]:Global Cache Folder Erased. <4> Files deleted.
APP_FINANCEIRO.exe: 000013E0: 22:30:08 [TUniServerModule]:Starting HTTP Server on Port: 8077...
APP_FINANCEIRO.exe: 000013E0: 22:30:08 [TUniServerModule]:HTTP Server Started on Port: 8077
APP_FINANCEIRO.exe: 00000980: 22:30:14 [192.168.43.1]:EUniSessionException : Invalid session or session Timeout. : Addr: $007B5BEA
APP_FINANCEIRO.exe: 00001AE0: 22:30:54 [192.168.43.1]:EOleException : SQLConnection property required for this operation : Addr: $009296CE
APP_FINANCEIRO.exe: 00001364: 22:31:01 [192.168.43.1]:EDatabaseError : DataSetCaixaMov: Cannot perform this operation on a closed dataset : Addr: $00677986
APP_FINANCEIRO.exe: 000017E0: 22:33:16 []:>--------------------------------------------------------------<
APP_FINANCEIRO.exe: 000017E0: 22:33:16 [TUniServerModule]:Server First Init.
APP_FINANCEIRO.exe: 000017E0: 22:33:16 [TUniServerModule]:Debug Mode = ON
APP_FINANCEIRO.exe: 000017E0: 22:33:16 [TUniServerModule]:Global Cache Folder Erased. <7> Files deleted.
APP_FINANCEIRO.exe: 000017E0: 22:33:16 [TUniServerModule]:Starting HTTP Server on Port: 8077...
APP_FINANCEIRO.exe: 000017E0: 22:33:16 [TUniServerModule]:HTTP Server Started on Port: 8077
APP_FINANCEIRO.exe: 00000C88: 22:33:22 [192.168.43.1]:EUniSessionException : Invalid session or session Timeout. : Addr: $007B5BEA
APP_FINANCEIRO.exe: 000018EC: 22:38:37 []:>--------------------------------------------------------------<
APP_FINANCEIRO.exe: 000018EC: 22:38:37 [TUniServerModule]:Server First Init.
APP_FINANCEIRO.exe: 000018EC: 22:38:37 [TUniServerModule]:Debug Mode = ON
APP_FINANCEIRO.exe: 000018EC: 22:38:37 [TUniServerModule]:Global Cache Folder Erased. <8> Files deleted.
APP_FINANCEIRO.exe: 000018EC: 22:38:37 [TUniServerModule]:Starting HTTP Server on Port: 8077...
APP_FINANCEIRO.exe: 000018EC: 22:38:38 [TUniServerModule]:HTTP Server Started on Port: 8077
APP_FINANCEIRO.exe: 00000A84: 22:38:48 [192.168.43.1]:EUniSessionException : Invalid session or session Timeout. : Addr: $007B5BEA
APP_FINANCEIRO.exe: 00000D7C: 22:40:05 []:>--------------------------------------------------------------<
APP_FINANCEIRO.exe: 00000D7C: 22:40:05 [TUniServerModule]:Server First Init.
APP_FINANCEIRO.exe: 00000D7C: 22:40:05 [TUniServerModule]:Debug Mode = ON
APP_FINANCEIRO.exe: 00000D7C: 22:40:05 [TUniServerModule]:Global Cache Folder Erased. <4> Files deleted.
APP_FINANCEIRO.exe: 00000D7C: 22:40:05 [TUniServerModule]:Starting HTTP Server on Port: 8077...
APP_FINANCEIRO.exe: 00000D7C: 22:40:05 [TUniServerModule]:HTTP Server Started on Port: 8077
APP_FINANCEIRO.exe: 00001420: 22:41:14 [HandleFileRequest[192.168.43.110]]:File not found: C:\SISTEMA ETICA\Win32\Debug\favicon.ico
APP_FINANCEIRO.exe: 00000E58: 22:43:05 [SQLQuery1: Cannot perform this operation on a closed dataset-192.168.43.110]:EDatabaseError : SQLQuery1: Cannot perform this operation on a closed dataset : Addr: $00677986
