APP_FINANCEIRO.exe: 00001344: 00:00:35 []:>--------------------------------------------------------------<
APP_FINANCEIRO.exe: 00001344: 00:00:35 [TUniServerModule]:Server First Init.
APP_FINANCEIRO.exe: 00001344: 00:00:35 [TUniServerModule]:Debug Mode = ON
APP_FINANCEIRO.exe: 00001344: 00:00:35 [TUniServerModule]:Global Cache Folder Erased. <4> Files deleted.
APP_FINANCEIRO.exe: 00001344: 00:00:36 [TUniServerModule]:Starting HTTP Server on Port: 8077...
APP_FINANCEIRO.exe: 00001344: 00:00:36 [TUniServerModule]:HTTP Server Started on Port: 8077
APP_FINANCEIRO.exe: 000013A0: 00:00:51 [192.168.43.251]:EUniSessionException : Invalid session or session Timeout. : Addr: $0079E029
APP_FINANCEIRO.exe: 00001430: 12:00:02 []:>--------------------------------------------------------------<
APP_FINANCEIRO.exe: 00001430: 12:00:02 [TUniServerModule]:Server First Init.
APP_FINANCEIRO.exe: 00001430: 12:00:02 [TUniServerModule]:Debug Mode = ON
APP_FINANCEIRO.exe: 00001430: 12:00:02 [TUniServerModule]:Global Cache Folder Erased. <4> Files deleted.
APP_FINANCEIRO.exe: 00001430: 12:00:02 [TUniServerModule]:Starting HTTP Server on Port: 8077...
APP_FINANCEIRO.exe: 00001430: 12:00:03 [TUniServerModule]:HTTP Server Started on Port: 8077
APP_FINANCEIRO.exe: 00000950: 12:54:34 []:>--------------------------------------------------------------<
APP_FINANCEIRO.exe: 00000950: 12:54:34 [TUniServerModule]:Server First Init.
APP_FINANCEIRO.exe: 00000950: 12:54:34 [TUniServerModule]:Debug Mode = ON
APP_FINANCEIRO.exe: 00000950: 12:54:35 [TUniServerModule]:Global Cache Folder Erased. <4> Files deleted.
APP_FINANCEIRO.exe: 00000950: 12:54:35 [TUniServerModule]:Starting HTTP Server on Port: 8077...
APP_FINANCEIRO.exe: 00000950: 12:54:35 [TUniServerModule]:HTTP Server Started on Port: 8077
APP_FINANCEIRO.exe: 00001E24: 12:54:42 [192.168.25.31]:EUniSessionException : Invalid session or session Timeout. : Addr: $0079E029
APP_FINANCEIRO.exe: 000012FC: 12:56:28 []:>--------------------------------------------------------------<
APP_FINANCEIRO.exe: 000012FC: 12:56:28 [TUniServerModule]:Server First Init.
APP_FINANCEIRO.exe: 000012FC: 12:56:28 [TUniServerModule]:Debug Mode = ON
APP_FINANCEIRO.exe: 000012FC: 12:56:28 [TUniServerModule]:Global Cache Folder Erased. <4> Files deleted.
APP_FINANCEIRO.exe: 000012FC: 12:56:28 [TUniServerModule]:Starting HTTP Server on Port: 8077...
APP_FINANCEIRO.exe: 000012FC: 12:56:28 [TUniServerModule]:HTTP Server Started on Port: 8077
APP_FINANCEIRO.exe: 00001F64: 12:56:35 [192.168.25.31]:EUniSessionException : Invalid session or session Timeout. : Addr: $0079E029
APP_FINANCEIRO.exe: 000011B8: 12:56:36 [192.168.25.31]:EUniSessionException : Invalid session or session Timeout. : Addr: $0079E029
APP_FINANCEIRO.exe: 000012FC: 12:57:13 [TUniServerModule]:Shutting Down Server.
APP_FINANCEIRO.exe: 000012FC: 12:57:13 [TUniServerModule]:Stopping HTTP Server.
APP_FINANCEIRO.exe: 000012FC: 12:57:14 [TUniServerModule]:HTTP Server Stopped.
APP_FINANCEIRO.exe: 000012FC: 12:57:14 [TUniGUISessionManager]:Terminating Session manager.
APP_FINANCEIRO.exe: 000012FC: 12:57:14 [TUniGUISessionManager]:Stopping Cache Eraser...
APP_FINANCEIRO.exe: 000012FC: 12:57:14 [TUniGUISessionManager]:Cache Eraser Stopped.
APP_FINANCEIRO.exe: 000012FC: 12:57:14 [TUniGUISessionManager]:Destroying Worker Threads.
APP_FINANCEIRO.exe: 000012FC: 12:57:14 [TUniGUISessionManager]:Session manager terminated.
APP_FINANCEIRO.exe: 000012FC: 12:57:14 [TUniServerModule]:Server Shutdown Completed.
APP_FINANCEIRO.exe: 000012FC: 12:57:14 []:<-------------------------------------------------------------->
APP_FINANCEIRO.exe: 000012FC: 12:57:14 [Terminated]:Exit Code: 0
APP_FINANCEIRO.exe: 000018E4: 13:02:55 []:>--------------------------------------------------------------<
APP_FINANCEIRO.exe: 000018E4: 13:02:55 [TUniServerModule]:Server First Init.
APP_FINANCEIRO.exe: 000018E4: 13:02:55 [TUniServerModule]:Debug Mode = ON
APP_FINANCEIRO.exe: 000018E4: 13:02:56 [TUniServerModule]:Starting HTTP Server on Port: 8077...
APP_FINANCEIRO.exe: 000018E4: 13:02:56 [TUniServerModule]:HTTP Server Started on Port: 8077
APP_FINANCEIRO.exe: 00001D2C: 13:02:59 [192.168.25.31]:EUniSessionException : Invalid session or session Timeout. : Addr: $0079E029
APP_FINANCEIRO.exe: 00001EE8: 13:16:33 []:>--------------------------------------------------------------<
APP_FINANCEIRO.exe: 00001EE8: 13:16:33 [TUniServerModule]:Server First Init.
APP_FINANCEIRO.exe: 00001EE8: 13:16:33 [TUniServerModule]:Debug Mode = ON
APP_FINANCEIRO.exe: 00001EE8: 13:16:33 [TUniServerModule]:Global Cache Folder Erased. <4> Files deleted.
APP_FINANCEIRO.exe: 00001EE8: 13:16:33 [TUniServerModule]:Starting HTTP Server on Port: 8077...
APP_FINANCEIRO.exe: 00001EE8: 13:16:33 [TUniServerModule]:HTTP Server Started on Port: 8077
APP_FINANCEIRO.exe: 00001E9C: 13:18:34 []:>--------------------------------------------------------------<
APP_FINANCEIRO.exe: 00001E9C: 13:18:34 [TUniServerModule]:Server First Init.
APP_FINANCEIRO.exe: 00001E9C: 13:18:34 [TUniServerModule]:Debug Mode = ON
APP_FINANCEIRO.exe: 00001E9C: 13:18:34 [TUniServerModule]:Global Cache Folder Erased. <3> Files deleted.
APP_FINANCEIRO.exe: 00001E9C: 13:18:34 [TUniServerModule]:Starting HTTP Server on Port: 8077...
APP_FINANCEIRO.exe: 00001E9C: 13:18:34 [TUniServerModule]:HTTP Server Started on Port: 8077
APP_FINANCEIRO.exe: 00001E9C: 13:19:08 [TUniServerModule]:Shutting Down Server.
APP_FINANCEIRO.exe: 00001E9C: 13:19:08 [TUniServerModule]:Stopping HTTP Server.
APP_FINANCEIRO.exe: 00001E9C: 13:19:08 [TUniServerModule]:HTTP Server Stopped.
APP_FINANCEIRO.exe: 00001E9C: 13:19:08 [TUniGUISessionManager]:Terminating Session manager.
APP_FINANCEIRO.exe: 00001E9C: 13:19:08 [TUniGUISessionManager]:Stopping Cache Eraser...
APP_FINANCEIRO.exe: 00001E9C: 13:19:08 [TUniGUISessionManager]:Cache Eraser Stopped.
APP_FINANCEIRO.exe: 00001E9C: 13:19:08 [TUniGUISessionManager]:Destroying Worker Threads.
APP_FINANCEIRO.exe: 00001E9C: 13:19:08 [TUniGUISessionManager]:Session manager terminated.
APP_FINANCEIRO.exe: 00001E9C: 13:19:08 [TUniServerModule]:Server Shutdown Completed.
APP_FINANCEIRO.exe: 00001E9C: 13:19:08 []:<-------------------------------------------------------------->
APP_FINANCEIRO.exe: 00001E9C: 13:19:08 [Terminated]:Exit Code: 0
APP_FINANCEIRO.exe: 00001CCC: 14:10:24 []:>--------------------------------------------------------------<
APP_FINANCEIRO.exe: 00001CCC: 14:10:24 [TUniServerModule]:Server First Init.
APP_FINANCEIRO.exe: 00001CCC: 14:10:24 [TUniServerModule]:Debug Mode = ON
APP_FINANCEIRO.exe: 00001CCC: 14:10:24 [TUniServerModule]:Starting HTTP Server on Port: 8077...
APP_FINANCEIRO.exe: 00001CCC: 14:10:24 [TUniServerModule]:HTTP Server Started on Port: 8077
APP_FINANCEIRO.exe: 00001AF0: 14:13:13 []:>--------------------------------------------------------------<
APP_FINANCEIRO.exe: 00001AF0: 14:13:13 [TUniServerModule]:Server First Init.
APP_FINANCEIRO.exe: 00001AF0: 14:13:13 [TUniServerModule]:Debug Mode = ON
APP_FINANCEIRO.exe: 00001AF0: 14:13:13 [TUniServerModule]:Global Cache Folder Erased. <3> Files deleted.
APP_FINANCEIRO.exe: 00001AF0: 14:13:13 [TUniServerModule]:Starting HTTP Server on Port: 8077...
APP_FINANCEIRO.exe: 00001AF0: 14:13:13 [TUniServerModule]:HTTP Server Started on Port: 8077
APP_FINANCEIRO.exe: 000001EC: 14:14:20 []:>--------------------------------------------------------------<
APP_FINANCEIRO.exe: 000001EC: 14:14:20 [TUniServerModule]:Server First Init.
APP_FINANCEIRO.exe: 000001EC: 14:14:20 [TUniServerModule]:Debug Mode = ON
APP_FINANCEIRO.exe: 000001EC: 14:14:20 [TUniServerModule]:Global Cache Folder Erased. <3> Files deleted.
APP_FINANCEIRO.exe: 000001EC: 14:14:20 [TUniServerModule]:Starting HTTP Server on Port: 8077...
APP_FINANCEIRO.exe: 000001EC: 14:14:20 [TUniServerModule]:HTTP Server Started on Port: 8077
APP_FINANCEIRO.exe: 00000E00: 14:14:30 [192.168.25.31]:EUniSessionException : Invalid session or session Timeout. : Addr: $0079E025
APP_FINANCEIRO.exe: 00001A20: 14:17:09 []:>--------------------------------------------------------------<
APP_FINANCEIRO.exe: 00001A20: 14:17:09 [TUniServerModule]:Server First Init.
APP_FINANCEIRO.exe: 00001A20: 14:17:09 [TUniServerModule]:Debug Mode = ON
APP_FINANCEIRO.exe: 00001A20: 14:17:09 [TUniServerModule]:Global Cache Folder Erased. <3> Files deleted.
APP_FINANCEIRO.exe: 00001A20: 14:17:09 [TUniServerModule]:Starting HTTP Server on Port: 8077...
APP_FINANCEIRO.exe: 00001A20: 14:17:09 [TUniServerModule]:HTTP Server Started on Port: 8077
APP_FINANCEIRO.exe: 00000E50: 14:17:23 [192.168.25.31]:EUniSessionException : Invalid session or session Timeout. : Addr: $0079E025
APP_FINANCEIRO.exe: 000018F8: 14:20:37 []:>--------------------------------------------------------------<
APP_FINANCEIRO.exe: 000018F8: 14:20:37 [TUniServerModule]:Server First Init.
APP_FINANCEIRO.exe: 000018F8: 14:20:37 [TUniServerModule]:Debug Mode = ON
APP_FINANCEIRO.exe: 000018F8: 14:20:37 [TUniServerModule]:Global Cache Folder Erased. <3> Files deleted.
APP_FINANCEIRO.exe: 000018F8: 14:20:37 [TUniServerModule]:Starting HTTP Server on Port: 8077...
APP_FINANCEIRO.exe: 000018F8: 14:20:37 [TUniServerModule]:HTTP Server Started on Port: 8077
APP_FINANCEIRO.exe: 00000ADC: 14:20:40 [192.168.25.31]:EUniSessionException : Invalid session or session Timeout. : Addr: $0079E025
APP_FINANCEIRO.exe: 00001EB0: 14:22:49 []:>--------------------------------------------------------------<
APP_FINANCEIRO.exe: 00001EB0: 14:22:49 [TUniServerModule]:Server First Init.
APP_FINANCEIRO.exe: 00001EB0: 14:22:49 [TUniServerModule]:Debug Mode = ON
APP_FINANCEIRO.exe: 00001EB0: 14:22:49 [TUniServerModule]:Global Cache Folder Erased. <3> Files deleted.
APP_FINANCEIRO.exe: 00001EB0: 14:22:49 [TUniServerModule]:Starting HTTP Server on Port: 8077...
APP_FINANCEIRO.exe: 00001EB0: 14:22:49 [TUniServerModule]:HTTP Server Started on Port: 8077
APP_FINANCEIRO.exe: 00001CE4: 14:22:54 [192.168.25.31]:EUniSessionException : Invalid session or session Timeout. : Addr: $0079E025
APP_FINANCEIRO.exe: 00001E20: 14:24:37 []:>--------------------------------------------------------------<
APP_FINANCEIRO.exe: 00001E20: 14:24:37 [TUniServerModule]:Server First Init.
APP_FINANCEIRO.exe: 00001E20: 14:24:37 [TUniServerModule]:Debug Mode = ON
APP_FINANCEIRO.exe: 00001E20: 14:24:37 [TUniServerModule]:Global Cache Folder Erased. <5> Files deleted.
APP_FINANCEIRO.exe: 00001E20: 14:24:38 [TUniServerModule]:Starting HTTP Server on Port: 8077...
APP_FINANCEIRO.exe: 00001E20: 14:24:38 [TUniServerModule]:HTTP Server Started on Port: 8077
APP_FINANCEIRO.exe: 00000DC4: 14:24:43 [192.168.25.31]:EUniSessionException : Invalid session or session Timeout. : Addr: $0079BE99
APP_FINANCEIRO.exe: 00001FD8: 14:26:40 []:>--------------------------------------------------------------<
APP_FINANCEIRO.exe: 00001FD8: 14:26:40 [TUniServerModule]:Server First Init.
APP_FINANCEIRO.exe: 00001FD8: 14:26:40 [TUniServerModule]:Debug Mode = ON
APP_FINANCEIRO.exe: 00001FD8: 14:26:41 [TUniServerModule]:Global Cache Folder Erased. <3> Files deleted.
APP_FINANCEIRO.exe: 00001FD8: 14:26:41 [TUniServerModule]:Starting HTTP Server on Port: 8077...
APP_FINANCEIRO.exe: 00001FD8: 14:26:41 [TUniServerModule]:HTTP Server Started on Port: 8077
APP_FINANCEIRO.exe: 00001684: 14:26:45 [192.168.25.31]:EUniSessionException : Invalid session or session Timeout. : Addr: $0079E029
APP_FINANCEIRO.exe: 00001388: 14:26:46 [192.168.25.31]:EUniSessionException : Invalid session or session Timeout. : Addr: $0079E029
APP_FINANCEIRO.exe: 00001480: 14:35:47 []:>--------------------------------------------------------------<
APP_FINANCEIRO.exe: 00001480: 14:35:47 [TUniServerModule]:Server First Init.
APP_FINANCEIRO.exe: 00001480: 14:35:47 [TUniServerModule]:Debug Mode = ON
APP_FINANCEIRO.exe: 00001480: 14:35:47 [TUniServerModule]:Global Cache Folder Erased. <4> Files deleted.
APP_FINANCEIRO.exe: 00001480: 14:35:47 [TUniServerModule]:Starting HTTP Server on Port: 8077...
APP_FINANCEIRO.exe: 00001480: 14:35:48 [TUniServerModule]:HTTP Server Started on Port: 8077
APP_FINANCEIRO.exe: 00001EFC: 14:35:52 [192.168.25.31]:EUniSessionException : Invalid session or session Timeout. : Addr: $0079E029
APP_FINANCEIRO.exe: 000010C8: 14:41:59 []:>--------------------------------------------------------------<
APP_FINANCEIRO.exe: 000010C8: 14:41:59 [TUniServerModule]:Server First Init.
APP_FINANCEIRO.exe: 000010C8: 14:41:59 [TUniServerModule]:Debug Mode = ON
APP_FINANCEIRO.exe: 000010C8: 14:41:59 [TUniServerModule]:Global Cache Folder Erased. <1> Files deleted.
APP_FINANCEIRO.exe: 000010C8: 14:41:59 [TUniServerModule]:Starting HTTP Server on Port: 8077...
APP_FINANCEIRO.exe: 000010C8: 14:41:59 [TUniServerModule]:HTTP Server Started on Port: 8077
APP_FINANCEIRO.exe: 00000BB8: 14:42:36 [192.168.25.31]:EUniSessionException : Invalid session or session Timeout. : Addr: $0079E029
APP_FINANCEIRO.exe: 00000DD4: 14:48:49 [192.168.25.31]:EUniSessionException : Invalid session or session Timeout. : Addr: $0079E029
APP_FINANCEIRO.exe: 00001630: 22:14:26 []:>--------------------------------------------------------------<
APP_FINANCEIRO.exe: 00001630: 22:14:26 [TUniServerModule]:Server First Init.
APP_FINANCEIRO.exe: 00001630: 22:14:26 [TUniServerModule]:Debug Mode = ON
APP_FINANCEIRO.exe: 00001630: 22:14:26 [TUniServerModule]:Global Cache Folder Erased. <1> Files deleted.
APP_FINANCEIRO.exe: 00001630: 22:14:27 [TUniServerModule]:Starting HTTP Server on Port: 8077...
APP_FINANCEIRO.exe: 00001630: 22:14:27 [TUniServerModule]:HTTP Server Started on Port: 8077
APP_FINANCEIRO.exe: 00000F0C: 22:21:10 []:>--------------------------------------------------------------<
APP_FINANCEIRO.exe: 00000F0C: 22:21:10 [TUniServerModule]:Server First Init.
APP_FINANCEIRO.exe: 00000F0C: 22:21:10 [TUniServerModule]:Debug Mode = ON
APP_FINANCEIRO.exe: 00000F0C: 22:21:10 [TUniServerModule]:Global Cache Folder Erased. <7> Files deleted.
APP_FINANCEIRO.exe: 00000F0C: 22:21:10 [TUniServerModule]:Starting HTTP Server on Port: 8077...
APP_FINANCEIRO.exe: 00000F0C: 22:21:10 [TUniServerModule]:HTTP Server Started on Port: 8077
APP_FINANCEIRO.exe: 00001198: 22:21:15 [192.168.43.1]:EUniSessionException : Invalid session or session Timeout. : Addr: $0079E029
APP_FINANCEIRO.exe: 00001060: 22:21:51 [192.168.43.1]:EOSError : System Error.  Code: 5.
Acesso negado : Addr: $00431389
APP_FINANCEIRO.exe: 00000F1C: 22:21:53 [TUniServerModule]:Shutting Down Server.
APP_FINANCEIRO.exe: 00000F1C: 22:21:53 [TUniServerModule]:Stopping HTTP Server.
APP_FINANCEIRO.exe: 00001230: 23:29:34 []:>--------------------------------------------------------------<
APP_FINANCEIRO.exe: 00001230: 23:29:34 [TUniServerModule]:Server First Init.
APP_FINANCEIRO.exe: 00001230: 23:29:34 [TUniServerModule]:Debug Mode = ON
APP_FINANCEIRO.exe: 00001230: 23:29:34 [TUniServerModule]:Global Cache Folder Erased. <2> Files deleted.
APP_FINANCEIRO.exe: 00001230: 23:29:35 [TUniServerModule]:Starting HTTP Server on Port: 8077...
APP_FINANCEIRO.exe: 00001230: 23:29:35 [TUniServerModule]:HTTP Server Started on Port: 8077
APP_FINANCEIRO.exe: 000010C4: 23:30:03 []:>--------------------------------------------------------------<
APP_FINANCEIRO.exe: 000010C4: 23:30:03 [TUniServerModule]:Server First Init.
APP_FINANCEIRO.exe: 000010C4: 23:30:03 [TUniServerModule]:Debug Mode = ON
APP_FINANCEIRO.exe: 000010C4: 23:30:03 [TUniServerModule]:Global Cache Folder Erased. <1> Files deleted.
APP_FINANCEIRO.exe: 000010C4: 23:30:03 [TUniServerModule]:Starting HTTP Server on Port: 8077...
APP_FINANCEIRO.exe: 000010C4: 23:30:03 [TUniServerModule]:HTTP Server Started on Port: 8077
APP_FINANCEIRO.exe: 00001570: 23:43:20 []:>--------------------------------------------------------------<
APP_FINANCEIRO.exe: 00001570: 23:43:20 [TUniServerModule]:Server First Init.
APP_FINANCEIRO.exe: 00001570: 23:43:20 [TUniServerModule]:Debug Mode = ON
APP_FINANCEIRO.exe: 00001570: 23:43:20 [TUniServerModule]:Global Cache Folder Erased. <1> Files deleted.
APP_FINANCEIRO.exe: 00001570: 23:43:20 [TUniServerModule]:Starting HTTP Server on Port: 8077...
APP_FINANCEIRO.exe: 00001570: 23:43:20 [TUniServerModule]:HTTP Server Started on Port: 8077
APP_FINANCEIRO.exe: 00001618: 23:43:54 [192.168.43.1]:TDBXError : Token unknown - line 1, column 71
2 : Addr: $0083F846
APP_FINANCEIRO.exe: 00000B0C: 23:44:15 [192.168.43.1]:TDBXError : Token unknown - line 1, column 71
2 : Addr: $0083F846
APP_FINANCEIRO.exe: 00001358: 23:45:09 []:>--------------------------------------------------------------<
APP_FINANCEIRO.exe: 00001358: 23:45:09 [TUniServerModule]:Server First Init.
APP_FINANCEIRO.exe: 00001358: 23:45:09 [TUniServerModule]:Debug Mode = ON
APP_FINANCEIRO.exe: 00001358: 23:45:09 [TUniServerModule]:Global Cache Folder Erased. <4> Files deleted.
APP_FINANCEIRO.exe: 00001358: 23:45:09 [TUniServerModule]:Starting HTTP Server on Port: 8077...
APP_FINANCEIRO.exe: 00001358: 23:45:09 [TUniServerModule]:HTTP Server Started on Port: 8077
APP_FINANCEIRO.exe: 000011D4: 23:45:17 [192.168.43.1]:EUniSessionException : Invalid session or session Timeout. : Addr: $0079E029
APP_FINANCEIRO.exe: 000010D0: 23:45:35 [192.168.43.1]:TDBXError : Token unknown - line 1, column 71
2 : Addr: $0083F846
APP_FINANCEIRO.exe: 0000086C: 23:45:42 [192.168.43.1]:TDBXError : Token unknown - line 1, column 71
2 : Addr: $0083F846
APP_FINANCEIRO.exe: 00000FD0: 23:46:05 []:>--------------------------------------------------------------<
APP_FINANCEIRO.exe: 00000FD0: 23:46:05 [TUniServerModule]:Server First Init.
APP_FINANCEIRO.exe: 00000FD0: 23:46:05 [TUniServerModule]:Debug Mode = ON
APP_FINANCEIRO.exe: 00000FD0: 23:46:05 [TUniServerModule]:Global Cache Folder Erased. <4> Files deleted.
APP_FINANCEIRO.exe: 00000FD0: 23:46:05 [TUniServerModule]:Starting HTTP Server on Port: 8077...
APP_FINANCEIRO.exe: 00000FD0: 23:46:06 [TUniServerModule]:HTTP Server Started on Port: 8077
APP_FINANCEIRO.exe: 00001188: 23:46:40 [192.168.43.251]:TDBXError : Token unknown - line 1, column 71
2 : Addr: $0083F846
APP_FINANCEIRO.exe: 00000320: 23:47:15 [192.168.43.251]:TDBXError : Token unknown - line 1, column 71
2 : Addr: $0083F846
APP_FINANCEIRO.exe: 000010BC: 23:47:57 [192.168.43.251]:TDBXError : Token unknown - line 1, column 71
2 : Addr: $0083F846
APP_FINANCEIRO.exe: 00000FF0: 23:48:46 []:>--------------------------------------------------------------<
APP_FINANCEIRO.exe: 00000FF0: 23:48:46 [TUniServerModule]:Server First Init.
APP_FINANCEIRO.exe: 00000FF0: 23:48:46 [TUniServerModule]:Debug Mode = ON
APP_FINANCEIRO.exe: 00000FF0: 23:48:46 [TUniServerModule]:Global Cache Folder Erased. <4> Files deleted.
APP_FINANCEIRO.exe: 00000FF0: 23:48:46 [TUniServerModule]:Starting HTTP Server on Port: 8077...
APP_FINANCEIRO.exe: 00000FF0: 23:48:46 [TUniServerModule]:HTTP Server Started on Port: 8077
APP_FINANCEIRO.exe: 00000A04: 23:48:50 [192.168.43.251]:EUniSessionException : Invalid session or session Timeout. : Addr: $0079E029
APP_FINANCEIRO.exe: 000011B8: 23:49:21 [192.168.43.251]:TDBXError : Token unknown - line 1, column 71
2 : Addr: $0083F846
APP_FINANCEIRO.exe: 0000135C: 23:49:45 [192.168.43.251]:TDBXError : Token unknown - line 1, column 71
2 : Addr: $0083F846
APP_FINANCEIRO.exe: 00000F18: 23:51:00 []:>--------------------------------------------------------------<
APP_FINANCEIRO.exe: 00000F18: 23:51:00 [TUniServerModule]:Server First Init.
APP_FINANCEIRO.exe: 00000F18: 23:51:00 [TUniServerModule]:Debug Mode = ON
APP_FINANCEIRO.exe: 00000F18: 23:51:00 [TUniServerModule]:Global Cache Folder Erased. <4> Files deleted.
APP_FINANCEIRO.exe: 00000F18: 23:51:00 [TUniServerModule]:Starting HTTP Server on Port: 8077...
APP_FINANCEIRO.exe: 00000F18: 23:51:00 [TUniServerModule]:HTTP Server Started on Port: 8077
APP_FINANCEIRO.exe: 00000D00: 23:51:25 [192.168.43.251]:TDBXError : Token unknown - line 1, column 71
2 : Addr: $0083F846
APP_FINANCEIRO.exe: 000013D4: 23:52:16 []:>--------------------------------------------------------------<
APP_FINANCEIRO.exe: 000013D4: 23:52:16 [TUniServerModule]:Server First Init.
APP_FINANCEIRO.exe: 000013D4: 23:52:16 [TUniServerModule]:Debug Mode = ON
APP_FINANCEIRO.exe: 000013D4: 23:52:16 [TUniServerModule]:Global Cache Folder Erased. <4> Files deleted.
APP_FINANCEIRO.exe: 000013D4: 23:52:16 [TUniServerModule]:Starting HTTP Server on Port: 8077...
APP_FINANCEIRO.exe: 000013D4: 23:52:16 [TUniServerModule]:HTTP Server Started on Port: 8077
APP_FINANCEIRO.exe: 00000564: 23:52:27 [192.168.43.251]:EUniSessionException : Invalid session or session Timeout. : Addr: $0079E029
APP_FINANCEIRO.exe: 000017C0: 23:52:47 [192.168.43.251]:TDBXError : Token unknown - line 1, column 71
2 : Addr: $0083F846
APP_FINANCEIRO.exe: 00000734: 23:53:37 []:>--------------------------------------------------------------<
APP_FINANCEIRO.exe: 00000734: 23:53:37 [TUniServerModule]:Server First Init.
APP_FINANCEIRO.exe: 00000734: 23:53:37 [TUniServerModule]:Debug Mode = ON
APP_FINANCEIRO.exe: 00000734: 23:53:37 [TUniServerModule]:Global Cache Folder Erased. <4> Files deleted.
APP_FINANCEIRO.exe: 00000734: 23:53:37 [TUniServerModule]:Starting HTTP Server on Port: 8077...
APP_FINANCEIRO.exe: 00000734: 23:53:37 [TUniServerModule]:HTTP Server Started on Port: 8077
APP_FINANCEIRO.exe: 00001540: 23:53:41 [192.168.43.251]:EUniSessionException : Invalid session or session Timeout. : Addr: $0079E029
APP_FINANCEIRO.exe: 00000EA8: 23:54:14 [192.168.43.251]:TDBXError : Token unknown - line 1, column 71
2 : Addr: $0083F846
