APP_FINANCEIRO.exe: 0000192C: 09:50:09 []:>--------------------------------------------------------------<
APP_FINANCEIRO.exe: 0000192C: 09:50:09 [TUniServerModule]:Server First Init.
APP_FINANCEIRO.exe: 0000192C: 09:50:09 [TUniServerModule]:Debug Mode = ON
APP_FINANCEIRO.exe: 0000192C: 09:50:09 [TUniServerModule]:Global Cache Folder Erased. <1> Files deleted.
APP_FINANCEIRO.exe: 0000192C: 09:50:10 [TUniServerModule]:Starting HTTP Server on Port: 8077...
APP_FINANCEIRO.exe: 0000192C: 09:50:10 [TUniServerModule]:HTTP Server Started on Port: 8077
APP_FINANCEIRO.exe: 000005E8: 09:51:12 [192.168.25.89]:EOSError : System Error.  Code: 5.
Acesso negado : Addr: $00431389
APP_FINANCEIRO.exe: 00001AE8: 10:10:40 []:>--------------------------------------------------------------<
APP_FINANCEIRO.exe: 00001AE8: 10:10:40 [TUniServerModule]:Server First Init.
APP_FINANCEIRO.exe: 00001AE8: 10:10:40 [TUniServerModule]:Debug Mode = ON
APP_FINANCEIRO.exe: 00001AE8: 10:10:40 [TUniServerModule]:Global Cache Folder Erased. <4> Files deleted.
APP_FINANCEIRO.exe: 00001AE8: 10:10:40 [TUniServerModule]:Starting HTTP Server on Port: 8077...
APP_FINANCEIRO.exe: 00001AE8: 10:10:40 [TUniServerModule]:HTTP Server Started on Port: 8077
APP_FINANCEIRO.exe: 00000FD8: 10:10:46 [192.168.25.89]:EUniSessionException : Invalid session or session Timeout. : Addr: $0079D7DD
APP_FINANCEIRO.exe: 00001CAC: 10:15:26 []:>--------------------------------------------------------------<
APP_FINANCEIRO.exe: 00001CAC: 10:15:26 [TUniServerModule]:Server First Init.
APP_FINANCEIRO.exe: 00001CAC: 10:15:26 [TUniServerModule]:Debug Mode = ON
APP_FINANCEIRO.exe: 00001CAC: 10:15:26 [TUniServerModule]:Global Cache Folder Erased. <5> Files deleted.
APP_FINANCEIRO.exe: 00001CAC: 10:15:26 [TUniServerModule]:Starting HTTP Server on Port: 8077...
APP_FINANCEIRO.exe: 00001CAC: 10:15:26 [TUniServerModule]:HTTP Server Started on Port: 8077
APP_FINANCEIRO.exe: 00000EEC: 10:15:30 [192.168.25.89]:EUniSessionException : Invalid session or session Timeout. : Addr: $0079D7DD
APP_FINANCEIRO.exe: 00001FE0: 11:13:44 []:>--------------------------------------------------------------<
APP_FINANCEIRO.exe: 00001FE0: 11:13:44 [TUniServerModule]:Server First Init.
APP_FINANCEIRO.exe: 00001FE0: 11:13:44 [TUniServerModule]:Debug Mode = ON
APP_FINANCEIRO.exe: 00001FE0: 11:13:44 [TUniServerModule]:Global Cache Folder Erased. <4> Files deleted.
APP_FINANCEIRO.exe: 00001FE0: 11:13:44 [TUniServerModule]:Starting HTTP Server on Port: 8077...
APP_FINANCEIRO.exe: 00001FE0: 11:13:44 [TUniServerModule]:HTTP Server Started on Port: 8077
APP_FINANCEIRO.exe: 00001B00: 11:13:54 [192.168.25.89]:EUniSessionException : Invalid session or session Timeout. : Addr: $0079D7DD
APP_FINANCEIRO.exe: 00000964: 11:24:47 []:>--------------------------------------------------------------<
APP_FINANCEIRO.exe: 00000964: 11:24:47 [TUniServerModule]:Server First Init.
APP_FINANCEIRO.exe: 00000964: 11:24:47 [TUniServerModule]:Debug Mode = ON
APP_FINANCEIRO.exe: 00000964: 11:24:47 [TUniServerModule]:Global Cache Folder Erased. <4> Files deleted.
APP_FINANCEIRO.exe: 00000964: 11:24:48 [TUniServerModule]:Starting HTTP Server on Port: 8077...
APP_FINANCEIRO.exe: 00000964: 11:24:48 [TUniServerModule]:HTTP Server Started on Port: 8077
APP_FINANCEIRO.exe: 00001CCC: 11:24:54 [192.168.25.89]:EUniSessionException : Invalid session or session Timeout. : Addr: $0079D7DD
APP_FINANCEIRO.exe: 00001DB8: 11:26:00 [192.168.25.89]:EAccessViolation : Access violation at address 009663F6 in module 'APP_FINANCEIRO.exe'. Read of address 00000578 : Addr: $009663F6
APP_FINANCEIRO.exe: 00001554: 11:29:09 []:>--------------------------------------------------------------<
APP_FINANCEIRO.exe: 00001554: 11:29:09 [TUniServerModule]:Server First Init.
APP_FINANCEIRO.exe: 00001554: 11:29:09 [TUniServerModule]:Debug Mode = ON
APP_FINANCEIRO.exe: 00001554: 11:29:09 [TUniServerModule]:Global Cache Folder Erased. <4> Files deleted.
APP_FINANCEIRO.exe: 00001554: 11:29:09 [TUniServerModule]:Starting HTTP Server on Port: 8077...
APP_FINANCEIRO.exe: 00001554: 11:29:09 [TUniServerModule]:HTTP Server Started on Port: 8077
APP_FINANCEIRO.exe: 00001D28: 11:29:14 [192.168.25.89]:EUniSessionException : Invalid session or session Timeout. : Addr: $0079D7DD
APP_FINANCEIRO.exe: 000010B4: 16:12:42 []:>--------------------------------------------------------------<
APP_FINANCEIRO.exe: 000010B4: 16:12:43 [TUniServerModule]:Server First Init.
APP_FINANCEIRO.exe: 000010B4: 16:12:43 [TUniServerModule]:Debug Mode = ON
APP_FINANCEIRO.exe: 000010B4: 16:12:43 [TUniServerModule]:Global Cache Folder Erased. <1> Files deleted.
APP_FINANCEIRO.exe: 000010B4: 16:12:43 [TUniServerModule]:Starting HTTP Server on Port: 8077...
APP_FINANCEIRO.exe: 000010B4: 16:12:43 [TUniServerModule]:HTTP Server Started on Port: 8077
APP_FINANCEIRO.exe: 0000083C: 16:18:42 []:>--------------------------------------------------------------<
APP_FINANCEIRO.exe: 0000083C: 16:18:42 [TUniServerModule]:Server First Init.
APP_FINANCEIRO.exe: 0000083C: 16:18:42 [TUniServerModule]:Debug Mode = ON
APP_FINANCEIRO.exe: 0000083C: 16:18:42 [TUniServerModule]:Global Cache Folder Erased. <4> Files deleted.
APP_FINANCEIRO.exe: 0000083C: 16:18:43 [TUniServerModule]:Starting HTTP Server on Port: 8077...
APP_FINANCEIRO.exe: 0000083C: 16:18:43 [TUniServerModule]:HTTP Server Started on Port: 8077
APP_FINANCEIRO.exe: 00001690: 16:18:48 [192.168.25.89]:EUniSessionException : Invalid session or session Timeout. : Addr: $0079D7DD
APP_FINANCEIRO.exe: 000010CC: 16:37:50 []:>--------------------------------------------------------------<
APP_FINANCEIRO.exe: 000010CC: 16:37:50 [TUniServerModule]:Server First Init.
APP_FINANCEIRO.exe: 000010CC: 16:37:50 [TUniServerModule]:Debug Mode = ON
APP_FINANCEIRO.exe: 000010CC: 16:37:50 [TUniServerModule]:Global Cache Folder Erased. <4> Files deleted.
APP_FINANCEIRO.exe: 000010CC: 16:37:50 [TUniServerModule]:Starting HTTP Server on Port: 8077...
APP_FINANCEIRO.exe: 000010CC: 16:37:50 [TUniServerModule]:HTTP Server Started on Port: 8077
APP_FINANCEIRO.exe: 00001018: 16:37:55 [192.168.25.89]:EUniSessionException : Invalid session or session Timeout. : Addr: $0079D7DD
APP_FINANCEIRO.exe: 00000D24: 16:38:51 []:>--------------------------------------------------------------<
APP_FINANCEIRO.exe: 00000D24: 16:38:51 [TUniServerModule]:Server First Init.
APP_FINANCEIRO.exe: 00000D24: 16:38:51 [TUniServerModule]:Debug Mode = ON
APP_FINANCEIRO.exe: 00000D24: 16:38:51 [TUniServerModule]:Global Cache Folder Erased. <4> Files deleted.
APP_FINANCEIRO.exe: 00000D24: 16:38:51 [TUniServerModule]:Starting HTTP Server on Port: 8077...
APP_FINANCEIRO.exe: 00000D24: 16:38:51 [TUniServerModule]:HTTP Server Started on Port: 8077
APP_FINANCEIRO.exe: 000010A0: 16:38:54 [192.168.25.89]:EUniSessionException : Invalid session or session Timeout. : Addr: $0079D7DD
APP_FINANCEIRO.exe: 00000978: 16:39:12 [192.168.25.89]:TDBXError : Unexpected end of command - line 1, column 94 : Addr: $0083EFFA
APP_FINANCEIRO.exe: 00000B70: 16:40:12 []:>--------------------------------------------------------------<
APP_FINANCEIRO.exe: 00000B70: 16:40:12 [TUniServerModule]:Server First Init.
APP_FINANCEIRO.exe: 00000B70: 16:40:12 [TUniServerModule]:Debug Mode = ON
APP_FINANCEIRO.exe: 00000B70: 16:40:12 [TUniServerModule]:Global Cache Folder Erased. <4> Files deleted.
APP_FINANCEIRO.exe: 00000B70: 16:40:12 [TUniServerModule]:Starting HTTP Server on Port: 8077...
APP_FINANCEIRO.exe: 00000B70: 16:40:12 [TUniServerModule]:HTTP Server Started on Port: 8077
APP_FINANCEIRO.exe: 00000F88: 16:40:15 [192.168.25.89]:EUniSessionException : Invalid session or session Timeout. : Addr: $0079D7DD
APP_FINANCEIRO.exe: 00000D34: 16:43:53 []:>--------------------------------------------------------------<
APP_FINANCEIRO.exe: 00000D34: 16:43:53 [TUniServerModule]:Server First Init.
APP_FINANCEIRO.exe: 00000D34: 16:43:53 [TUniServerModule]:Debug Mode = ON
APP_FINANCEIRO.exe: 00000D34: 16:43:53 [TUniServerModule]:Global Cache Folder Erased. <4> Files deleted.
APP_FINANCEIRO.exe: 00000D34: 16:43:53 [TUniServerModule]:Starting HTTP Server on Port: 8077...
APP_FINANCEIRO.exe: 00000D34: 16:43:53 [TUniServerModule]:HTTP Server Started on Port: 8077
APP_FINANCEIRO.exe: 000013DC: 16:43:59 [192.168.25.89]:EUniSessionException : Invalid session or session Timeout. : Addr: $0079D7DD
APP_FINANCEIRO.exe: 00000314: 16:50:53 [192.168.25.89]:EUniSessionException : Invalid session or session Timeout. : Addr: $0079D7DD
APP_FINANCEIRO.exe: 00001384: 16:59:38 []:>--------------------------------------------------------------<
APP_FINANCEIRO.exe: 00001384: 16:59:38 [TUniServerModule]:Server First Init.
APP_FINANCEIRO.exe: 00001384: 16:59:38 [TUniServerModule]:Debug Mode = ON
APP_FINANCEIRO.exe: 00001384: 16:59:38 [TUniServerModule]:Global Cache Folder Erased. <4> Files deleted.
APP_FINANCEIRO.exe: 00001384: 16:59:38 [TUniServerModule]:Starting HTTP Server on Port: 8077...
APP_FINANCEIRO.exe: 00001384: 16:59:38 [TUniServerModule]:HTTP Server Started on Port: 8077
APP_FINANCEIRO.exe: 0000162C: 16:59:41 [192.168.25.89]:EUniSessionException : Invalid session or session Timeout. : Addr: $0079D7DD
APP_FINANCEIRO.exe: 00001090: 17:04:07 [192.168.25.89]:TDBXError : conversion error from string "13/02/2019" : Addr: $0083EFFA
APP_FINANCEIRO.exe: 00000914: 17:05:03 []:>--------------------------------------------------------------<
APP_FINANCEIRO.exe: 00000914: 17:05:03 [TUniServerModule]:Server First Init.
APP_FINANCEIRO.exe: 00000914: 17:05:03 [TUniServerModule]:Debug Mode = ON
APP_FINANCEIRO.exe: 00000914: 17:05:03 [TUniServerModule]:Global Cache Folder Erased. <1> Files deleted.
APP_FINANCEIRO.exe: 00000914: 17:05:03 [TUniServerModule]:Starting HTTP Server on Port: 8077...
APP_FINANCEIRO.exe: 00000914: 17:05:03 [TUniServerModule]:HTTP Server Started on Port: 8077
APP_FINANCEIRO.exe: 00000430: 17:05:05 [192.168.25.89]:EUniSessionException : Invalid session or session Timeout. : Addr: $0079D7DD
APP_FINANCEIRO.exe: 000014E0: 17:05:23 [192.168.25.89]:EDatabaseError : Parameter 'pData' not found : Addr: $006331F7
APP_FINANCEIRO.exe: 00000ECC: 17:06:02 []:>--------------------------------------------------------------<
APP_FINANCEIRO.exe: 00000ECC: 17:06:02 [TUniServerModule]:Server First Init.
APP_FINANCEIRO.exe: 00000ECC: 17:06:02 [TUniServerModule]:Debug Mode = ON
APP_FINANCEIRO.exe: 00000ECC: 17:06:02 [TUniServerModule]:Global Cache Folder Erased. <4> Files deleted.
APP_FINANCEIRO.exe: 00000ECC: 17:06:02 [TUniServerModule]:Starting HTTP Server on Port: 8077...
APP_FINANCEIRO.exe: 00000ECC: 17:06:02 [TUniServerModule]:HTTP Server Started on Port: 8077
APP_FINANCEIRO.exe: 00001258: 17:06:25 []:>--------------------------------------------------------------<
APP_FINANCEIRO.exe: 00001258: 17:06:25 [TUniServerModule]:Server First Init.
APP_FINANCEIRO.exe: 00001258: 17:06:25 [TUniServerModule]:Debug Mode = ON
APP_FINANCEIRO.exe: 00001258: 17:06:25 [TUniServerModule]:Global Cache Folder Erased. <1> Files deleted.
APP_FINANCEIRO.exe: 00001258: 17:06:25 [TUniServerModule]:Starting HTTP Server on Port: 8077...
APP_FINANCEIRO.exe: 00001258: 17:06:25 [TUniServerModule]:HTTP Server Started on Port: 8077
APP_FINANCEIRO.exe: 00000F00: 17:07:42 [192.168.25.34]:EDatabaseError : Parameter 'pData' not found : Addr: $006331F7
APP_FINANCEIRO.exe: 00000F44: 17:10:44 []:>--------------------------------------------------------------<
APP_FINANCEIRO.exe: 00000F44: 17:10:44 [TUniServerModule]:Server First Init.
APP_FINANCEIRO.exe: 00000F44: 17:10:44 [TUniServerModule]:Debug Mode = ON
APP_FINANCEIRO.exe: 00000F44: 17:10:44 [TUniServerModule]:Global Cache Folder Erased. <4> Files deleted.
APP_FINANCEIRO.exe: 00000F44: 17:10:44 [TUniServerModule]:Starting HTTP Server on Port: 8077...
APP_FINANCEIRO.exe: 00000F44: 17:10:44 [TUniServerModule]:HTTP Server Started on Port: 8077
APP_FINANCEIRO.exe: 00000568: 17:10:48 [192.168.25.89]:EUniSessionException : Invalid session or session Timeout. : Addr: $0079D7DD
APP_FINANCEIRO.exe: 000002D0: 17:11:55 [192.168.25.89]:EDatabaseError : Parameter 'pData' not found : Addr: $006331F7
APP_FINANCEIRO.exe: 000002F8: 17:16:53 []:>--------------------------------------------------------------<
APP_FINANCEIRO.exe: 000002F8: 17:16:53 [TUniServerModule]:Server First Init.
APP_FINANCEIRO.exe: 000002F8: 17:16:53 [TUniServerModule]:Debug Mode = ON
APP_FINANCEIRO.exe: 000002F8: 17:16:53 [TUniServerModule]:Global Cache Folder Erased. <4> Files deleted.
APP_FINANCEIRO.exe: 000002F8: 17:16:53 [TUniServerModule]:Starting HTTP Server on Port: 8077...
APP_FINANCEIRO.exe: 000002F8: 17:16:53 [TUniServerModule]:HTTP Server Started on Port: 8077
APP_FINANCEIRO.exe: 000010C4: 17:17:02 [192.168.25.89]:EUniSessionException : Invalid session or session Timeout. : Addr: $0079E029
APP_FINANCEIRO.exe: 000001C4: 17:17:21 [192.168.25.89]:TDBXError : conversion error from string "15/01/1900" : Addr: $0083F846
APP_FINANCEIRO.exe: 00001330: 17:17:29 [192.168.25.89]:TDBXError : conversion error from string "15/01/1900" : Addr: $0083F846
APP_FINANCEIRO.exe: 00000588: 17:17:47 [192.168.25.89]:TDBXError : conversion error from string "15/01/1900" : Addr: $0083F846
APP_FINANCEIRO.exe: 00000F64: 17:18:31 []:>--------------------------------------------------------------<
APP_FINANCEIRO.exe: 00000F64: 17:18:31 [TUniServerModule]:Server First Init.
APP_FINANCEIRO.exe: 00000F64: 17:18:31 [TUniServerModule]:Debug Mode = ON
APP_FINANCEIRO.exe: 00000F64: 17:18:31 [TUniServerModule]:Global Cache Folder Erased. <4> Files deleted.
APP_FINANCEIRO.exe: 00000F64: 17:18:31 [TUniServerModule]:Starting HTTP Server on Port: 8077...
APP_FINANCEIRO.exe: 00000F64: 17:18:32 [TUniServerModule]:HTTP Server Started on Port: 8077
APP_FINANCEIRO.exe: 00001218: 17:18:35 [192.168.25.89]:EUniSessionException : Invalid session or session Timeout. : Addr: $0079E029
APP_FINANCEIRO.exe: 000002D0: 17:18:50 [192.168.25.89]:TDBXError : conversion error from string "27/03/2018" : Addr: $0083F846
APP_FINANCEIRO.exe: 0000158C: 17:28:26 []:>--------------------------------------------------------------<
APP_FINANCEIRO.exe: 0000158C: 17:28:26 [TUniServerModule]:Server First Init.
APP_FINANCEIRO.exe: 0000158C: 17:28:26 [TUniServerModule]:Debug Mode = ON
APP_FINANCEIRO.exe: 0000158C: 17:28:26 [TUniServerModule]:Global Cache Folder Erased. <4> Files deleted.
APP_FINANCEIRO.exe: 0000158C: 17:28:26 [TUniServerModule]:Starting HTTP Server on Port: 8077...
APP_FINANCEIRO.exe: 0000158C: 17:28:26 [TUniServerModule]:HTTP Server Started on Port: 8077
APP_FINANCEIRO.exe: 00001680: 17:28:30 [192.168.25.89]:EUniSessionException : Invalid session or session Timeout. : Addr: $0079E029
APP_FINANCEIRO.exe: 000013D0: 17:29:09 [192.168.25.89]:TDBXError : conversion error from string "27/03/2018" : Addr: $0083F846
APP_FINANCEIRO.exe: 00001334: 17:32:54 []:>--------------------------------------------------------------<
APP_FINANCEIRO.exe: 00001334: 17:32:54 [TUniServerModule]:Server First Init.
APP_FINANCEIRO.exe: 00001334: 17:32:54 [TUniServerModule]:Debug Mode = ON
APP_FINANCEIRO.exe: 00001334: 17:32:54 [TUniServerModule]:Global Cache Folder Erased. <4> Files deleted.
APP_FINANCEIRO.exe: 00001334: 17:32:54 [TUniServerModule]:Starting HTTP Server on Port: 8077...
APP_FINANCEIRO.exe: 00001334: 17:32:54 [TUniServerModule]:HTTP Server Started on Port: 8077
APP_FINANCEIRO.exe: 00001624: 17:33:08 [192.168.25.89]:EUniSessionException : Invalid session or session Timeout. : Addr: $0079E029
APP_FINANCEIRO.exe: 00001664: 17:33:35 [192.168.25.89]:TDBXError : conversion error from string "27/03/2018" : Addr: $0083F846
APP_FINANCEIRO.exe: 000015E4: 17:47:53 [192.168.25.89]:EUniSessionException : Invalid session or session Timeout. : Addr: $0079E029
APP_FINANCEIRO.exe: 000014BC: 18:01:47 []:>--------------------------------------------------------------<
APP_FINANCEIRO.exe: 000014BC: 18:01:47 [TUniServerModule]:Server First Init.
APP_FINANCEIRO.exe: 000014BC: 18:01:47 [TUniServerModule]:Debug Mode = ON
APP_FINANCEIRO.exe: 000014BC: 18:01:47 [TUniServerModule]:Global Cache Folder Erased. <1> Files deleted.
APP_FINANCEIRO.exe: 000014BC: 18:01:47 [TUniServerModule]:Starting HTTP Server on Port: 8077...
APP_FINANCEIRO.exe: 000014BC: 18:01:47 [TUniServerModule]:HTTP Server Started on Port: 8077
APP_FINANCEIRO.exe: 00001478: 18:02:13 [192.168.25.89]:TDBXError : conversion error from string "27/03/2018" : Addr: $0083F846
APP_FINANCEIRO.exe: 000011E0: 18:03:19 []:>--------------------------------------------------------------<
APP_FINANCEIRO.exe: 000011E0: 18:03:19 [TUniServerModule]:Server First Init.
APP_FINANCEIRO.exe: 000011E0: 18:03:19 [TUniServerModule]:Debug Mode = ON
APP_FINANCEIRO.exe: 000011E0: 18:03:19 [TUniServerModule]:Global Cache Folder Erased. <4> Files deleted.
APP_FINANCEIRO.exe: 000011E0: 18:03:19 [TUniServerModule]:Starting HTTP Server on Port: 8077...
APP_FINANCEIRO.exe: 000011E0: 18:03:19 [TUniServerModule]:HTTP Server Started on Port: 8077
APP_FINANCEIRO.exe: 00001254: 18:03:27 [192.168.25.89]:EUniSessionException : Invalid session or session Timeout. : Addr: $0079E029
APP_FINANCEIRO.exe: 0000099C: 18:03:41 [192.168.25.89]:TDBXError : conversion error from string "27/03/2018" : Addr: $0083F846
APP_FINANCEIRO.exe: 000012D4: 20:03:16 []:>--------------------------------------------------------------<
APP_FINANCEIRO.exe: 000012D4: 20:03:16 [TUniServerModule]:Server First Init.
APP_FINANCEIRO.exe: 000012D4: 20:03:16 [TUniServerModule]:Debug Mode = ON
APP_FINANCEIRO.exe: 000012D4: 20:03:16 [TUniServerModule]:Global Cache Folder Erased. <4> Files deleted.
APP_FINANCEIRO.exe: 000012D4: 20:03:16 [TUniServerModule]:Starting HTTP Server on Port: 8077...
APP_FINANCEIRO.exe: 000012D4: 20:03:16 [TUniServerModule]:HTTP Server Started on Port: 8077
APP_FINANCEIRO.exe: 00001AE8: 20:10:47 []:>--------------------------------------------------------------<
APP_FINANCEIRO.exe: 00001AE8: 20:10:47 [TUniServerModule]:Server First Init.
APP_FINANCEIRO.exe: 00001AE8: 20:10:47 [TUniServerModule]:Debug Mode = ON
APP_FINANCEIRO.exe: 00001AE8: 20:10:47 [TUniServerModule]:Global Cache Folder Erased. <4> Files deleted.
APP_FINANCEIRO.exe: 00001AE8: 20:10:48 [TUniServerModule]:Starting HTTP Server on Port: 8077...
APP_FINANCEIRO.exe: 00001AE8: 20:10:48 [TUniServerModule]:HTTP Server Started on Port: 8077
APP_FINANCEIRO.exe: 000018B0: 20:10:57 [192.168.43.251]:EUniSessionException : Invalid session or session Timeout. : Addr: $0079E029
APP_FINANCEIRO.exe: 00001E48: 20:11:28 [192.168.43.251]:TDBXError : conversion error from string "27/03/2018" : Addr: $0083F846
APP_FINANCEIRO.exe: 00001C54: 20:11:55 []:>--------------------------------------------------------------<
APP_FINANCEIRO.exe: 00001C54: 20:11:55 [TUniServerModule]:Server First Init.
APP_FINANCEIRO.exe: 00001C54: 20:11:55 [TUniServerModule]:Debug Mode = ON
APP_FINANCEIRO.exe: 00001C54: 20:11:55 [TUniServerModule]:Global Cache Folder Erased. <4> Files deleted.
APP_FINANCEIRO.exe: 00001C54: 20:11:55 [TUniServerModule]:Starting HTTP Server on Port: 8077...
APP_FINANCEIRO.exe: 00001C54: 20:11:55 [TUniServerModule]:HTTP Server Started on Port: 8077
APP_FINANCEIRO.exe: 0000190C: 20:12:10 [192.168.43.251]:EUniSessionException : Invalid session or session Timeout. : Addr: $0079E029
APP_FINANCEIRO.exe: 000019D4: 20:47:36 []:>--------------------------------------------------------------<
APP_FINANCEIRO.exe: 000019D4: 20:47:36 [TUniServerModule]:Server First Init.
APP_FINANCEIRO.exe: 000019D4: 20:47:36 [TUniServerModule]:Debug Mode = ON
APP_FINANCEIRO.exe: 000019D4: 20:47:36 [TUniServerModule]:Global Cache Folder Erased. <4> Files deleted.
APP_FINANCEIRO.exe: 000019D4: 20:47:36 [TUniServerModule]:Starting HTTP Server on Port: 8077...
APP_FINANCEIRO.exe: 000019D4: 20:47:36 [TUniServerModule]:HTTP Server Started on Port: 8077
APP_FINANCEIRO.exe: 00000F88: 20:47:41 [192.168.43.251]:EUniSessionException : Invalid session or session Timeout. : Addr: $0079E029
APP_FINANCEIRO.exe: 00000BAC: 20:48:38 []:>--------------------------------------------------------------<
APP_FINANCEIRO.exe: 00000BAC: 20:48:38 [TUniServerModule]:Server First Init.
APP_FINANCEIRO.exe: 00000BAC: 20:48:38 [TUniServerModule]:Debug Mode = ON
APP_FINANCEIRO.exe: 00000BAC: 20:48:38 [TUniServerModule]:Global Cache Folder Erased. <4> Files deleted.
APP_FINANCEIRO.exe: 00000BAC: 20:48:38 [TUniServerModule]:Starting HTTP Server on Port: 8077...
APP_FINANCEIRO.exe: 00000BAC: 20:48:38 [TUniServerModule]:HTTP Server Started on Port: 8077
APP_FINANCEIRO.exe: 00001E18: 20:48:43 [192.168.43.251]:EUniSessionException : Invalid session or session Timeout. : Addr: $0079E029
APP_FINANCEIRO.exe: 00001FA0: 20:52:54 []:>--------------------------------------------------------------<
APP_FINANCEIRO.exe: 00001FA0: 20:52:54 [TUniServerModule]:Server First Init.
APP_FINANCEIRO.exe: 00001FA0: 20:52:54 [TUniServerModule]:Debug Mode = ON
APP_FINANCEIRO.exe: 00001FA0: 20:52:54 [TUniServerModule]:Global Cache Folder Erased. <4> Files deleted.
APP_FINANCEIRO.exe: 00001FA0: 20:52:54 [TUniServerModule]:Starting HTTP Server on Port: 8077...
APP_FINANCEIRO.exe: 00001FA0: 20:52:54 [TUniServerModule]:HTTP Server Started on Port: 8077
APP_FINANCEIRO.exe: 00001820: 20:58:05 []:>--------------------------------------------------------------<
APP_FINANCEIRO.exe: 00001820: 20:58:05 [TUniServerModule]:Server First Init.
APP_FINANCEIRO.exe: 00001820: 20:58:05 [TUniServerModule]:Debug Mode = ON
APP_FINANCEIRO.exe: 00001820: 20:58:05 [TUniServerModule]:Global Cache Folder Erased. <4> Files deleted.
APP_FINANCEIRO.exe: 00001820: 20:58:05 [TUniServerModule]:Starting HTTP Server on Port: 8077...
APP_FINANCEIRO.exe: 00001820: 20:58:06 [TUniServerModule]:HTTP Server Started on Port: 8077
APP_FINANCEIRO.exe: 00001740: 20:58:18 [192.168.43.251]:EUniSessionException : Invalid session or session Timeout. : Addr: $0079E029
APP_FINANCEIRO.exe: 00001CF8: 21:06:36 []:>--------------------------------------------------------------<
APP_FINANCEIRO.exe: 00001CF8: 21:06:36 [TUniServerModule]:Server First Init.
APP_FINANCEIRO.exe: 00001CF8: 21:06:36 [TUniServerModule]:Debug Mode = ON
APP_FINANCEIRO.exe: 00001CF8: 21:06:36 [TUniServerModule]:Global Cache Folder Erased. <4> Files deleted.
APP_FINANCEIRO.exe: 00001CF8: 21:06:36 [TUniServerModule]:Starting HTTP Server on Port: 8077...
APP_FINANCEIRO.exe: 00001CF8: 21:06:36 [TUniServerModule]:HTTP Server Started on Port: 8077
APP_FINANCEIRO.exe: 00001DD0: 21:06:46 [192.168.43.251]:EUniSessionException : Invalid session or session Timeout. : Addr: $0079E029
APP_FINANCEIRO.exe: 00001988: 21:08:02 []:>--------------------------------------------------------------<
APP_FINANCEIRO.exe: 00001988: 21:08:02 [TUniServerModule]:Server First Init.
APP_FINANCEIRO.exe: 00001988: 21:08:02 [TUniServerModule]:Debug Mode = ON
APP_FINANCEIRO.exe: 00001988: 21:08:02 [TUniServerModule]:Global Cache Folder Erased. <4> Files deleted.
APP_FINANCEIRO.exe: 00001988: 21:08:02 [TUniServerModule]:Starting HTTP Server on Port: 8077...
APP_FINANCEIRO.exe: 00001988: 21:08:02 [TUniServerModule]:HTTP Server Started on Port: 8077
APP_FINANCEIRO.exe: 00001924: 21:09:19 [192.168.43.251]:EUniSessionException : Invalid session or session Timeout. : Addr: $0079D7DD
APP_FINANCEIRO.exe: 00001A88: 21:09:55 []:>--------------------------------------------------------------<
APP_FINANCEIRO.exe: 00001A88: 21:09:55 [TUniServerModule]:Server First Init.
APP_FINANCEIRO.exe: 00001A88: 21:09:55 [TUniServerModule]:Debug Mode = ON
APP_FINANCEIRO.exe: 00001A88: 21:09:55 [TUniServerModule]:Global Cache Folder Erased. <4> Files deleted.
APP_FINANCEIRO.exe: 00001A88: 21:09:55 [TUniServerModule]:Starting HTTP Server on Port: 8077...
APP_FINANCEIRO.exe: 00001A88: 21:09:55 [TUniServerModule]:HTTP Server Started on Port: 8077
APP_FINANCEIRO.exe: 00001D28: 21:10:08 [192.168.43.1]:EOSError : System Error.  Code: 5.
Acesso negado : Addr: $00431389
APP_FINANCEIRO.exe: 00001984: 21:10:14 [TUniServerModule]:Shutting Down Server.
APP_FINANCEIRO.exe: 00001984: 21:10:15 [TUniServerModule]:Stopping HTTP Server.
APP_FINANCEIRO.exe: 00001940: 21:10:45 []:>--------------------------------------------------------------<
APP_FINANCEIRO.exe: 00001940: 21:10:45 [TUniServerModule]:Server First Init.
APP_FINANCEIRO.exe: 00001940: 21:10:45 [TUniServerModule]:Debug Mode = ON
APP_FINANCEIRO.exe: 00001940: 21:10:46 [TUniServerModule]:Global Cache Folder Erased. <3> Files deleted.
APP_FINANCEIRO.exe: 00001940: 21:10:46 [TUniServerModule]:Starting HTTP Server on Port: 8077...
APP_FINANCEIRO.exe: 00001940: 21:10:46 [TUniServerModule]:HTTP Server Started on Port: 8077
APP_FINANCEIRO.exe: 00000DB8: 21:20:08 []:>--------------------------------------------------------------<
APP_FINANCEIRO.exe: 00000DB8: 21:20:08 [TUniServerModule]:Server First Init.
APP_FINANCEIRO.exe: 00000DB8: 21:20:08 [TUniServerModule]:Debug Mode = ON
APP_FINANCEIRO.exe: 00000DB8: 21:20:08 [TUniServerModule]:Global Cache Folder Erased. <1> Files deleted.
APP_FINANCEIRO.exe: 00000DB8: 21:20:09 [TUniServerModule]:Starting HTTP Server on Port: 8077...
APP_FINANCEIRO.exe: 00000DB8: 21:20:09 [TUniServerModule]:HTTP Server Started on Port: 8077
APP_FINANCEIRO.exe: 00001054: 21:20:14 [192.168.43.1]:EUniSessionException : Invalid session or session Timeout. : Addr: $0079D7DD
APP_FINANCEIRO.exe: 00001CE8: 21:23:21 []:>--------------------------------------------------------------<
APP_FINANCEIRO.exe: 00001CE8: 21:23:21 [TUniServerModule]:Server First Init.
APP_FINANCEIRO.exe: 00001CE8: 21:23:21 [TUniServerModule]:Debug Mode = ON
APP_FINANCEIRO.exe: 00001CE8: 21:23:21 [TUniServerModule]:Global Cache Folder Erased. <4> Files deleted.
APP_FINANCEIRO.exe: 00001CE8: 21:23:21 [TUniServerModule]:Starting HTTP Server on Port: 8077...
APP_FINANCEIRO.exe: 00001CE8: 21:23:21 [TUniServerModule]:HTTP Server Started on Port: 8077
APP_FINANCEIRO.exe: 00001430: 21:23:27 [192.168.43.1]:EUniSessionException : Invalid session or session Timeout. : Addr: $0079D7DD
APP_FINANCEIRO.exe: 000019D8: 21:38:02 []:>--------------------------------------------------------------<
APP_FINANCEIRO.exe: 000019D8: 21:38:02 [TUniServerModule]:Server First Init.
APP_FINANCEIRO.exe: 000019D8: 21:38:02 [TUniServerModule]:Debug Mode = ON
APP_FINANCEIRO.exe: 000019D8: 21:38:02 [TUniServerModule]:Global Cache Folder Erased. <4> Files deleted.
APP_FINANCEIRO.exe: 000019D8: 21:38:02 [TUniServerModule]:Starting HTTP Server on Port: 8077...
APP_FINANCEIRO.exe: 000019D8: 21:38:02 [TUniServerModule]:HTTP Server Started on Port: 8077
APP_FINANCEIRO.exe: 000013F0: 21:38:52 [192.168.43.251]:EDatabaseError : Parameter 'pData2' not found : Addr: $006331F7
APP_FINANCEIRO.exe: 00001ACC: 21:39:32 []:>--------------------------------------------------------------<
APP_FINANCEIRO.exe: 00001ACC: 21:39:32 [TUniServerModule]:Server First Init.
APP_FINANCEIRO.exe: 00001ACC: 21:39:32 [TUniServerModule]:Debug Mode = ON
APP_FINANCEIRO.exe: 00001ACC: 21:39:32 [TUniServerModule]:Global Cache Folder Erased. <4> Files deleted.
APP_FINANCEIRO.exe: 00001ACC: 21:39:32 [TUniServerModule]:Starting HTTP Server on Port: 8077...
APP_FINANCEIRO.exe: 00001ACC: 21:39:32 [TUniServerModule]:HTTP Server Started on Port: 8077
APP_FINANCEIRO.exe: 00001EF8: 21:39:37 [192.168.43.251]:EUniSessionException : Invalid session or session Timeout. : Addr: $0079D7DD
APP_FINANCEIRO.exe: 00001C20: 21:46:00 []:>--------------------------------------------------------------<
APP_FINANCEIRO.exe: 00001C20: 21:46:00 [TUniServerModule]:Server First Init.
APP_FINANCEIRO.exe: 00001C20: 21:46:00 [TUniServerModule]:Debug Mode = ON
APP_FINANCEIRO.exe: 00001C20: 21:46:00 [TUniServerModule]:Global Cache Folder Erased. <4> Files deleted.
APP_FINANCEIRO.exe: 00001C20: 21:46:00 [TUniServerModule]:Starting HTTP Server on Port: 8077...
APP_FINANCEIRO.exe: 00001C20: 21:46:00 [TUniServerModule]:HTTP Server Started on Port: 8077
APP_FINANCEIRO.exe: 00001734: 21:46:13 [192.168.43.251]:EUniSessionException : Invalid session or session Timeout. : Addr: $0079D7DD
APP_FINANCEIRO.exe: 00001268: 21:55:05 []:>--------------------------------------------------------------<
APP_FINANCEIRO.exe: 00001268: 21:55:06 [TUniServerModule]:Server First Init.
APP_FINANCEIRO.exe: 00001268: 21:55:06 [TUniServerModule]:Debug Mode = ON
APP_FINANCEIRO.exe: 00001268: 21:55:06 [TUniServerModule]:Global Cache Folder Erased. <4> Files deleted.
APP_FINANCEIRO.exe: 00001268: 21:55:06 [TUniServerModule]:Starting HTTP Server on Port: 8077...
APP_FINANCEIRO.exe: 00001268: 21:55:06 [TUniServerModule]:HTTP Server Started on Port: 8077
APP_FINANCEIRO.exe: 000018B0: 21:56:55 []:>--------------------------------------------------------------<
APP_FINANCEIRO.exe: 000018B0: 21:56:55 [TUniServerModule]:Server First Init.
APP_FINANCEIRO.exe: 000018B0: 21:56:55 [TUniServerModule]:Debug Mode = ON
APP_FINANCEIRO.exe: 000018B0: 21:56:55 [TUniServerModule]:Global Cache Folder Erased. <4> Files deleted.
APP_FINANCEIRO.exe: 000018B0: 21:56:55 [TUniServerModule]:Starting HTTP Server on Port: 8077...
APP_FINANCEIRO.exe: 000018B0: 21:56:55 [TUniServerModule]:HTTP Server Started on Port: 8077
APP_FINANCEIRO.exe: 00001EE0: 21:56:58 [192.168.43.1]:EUniSessionException : Invalid session or session Timeout. : Addr: $0079D7DD
APP_FINANCEIRO.exe: 00001CC8: 21:58:25 []:>--------------------------------------------------------------<
APP_FINANCEIRO.exe: 00001CC8: 21:58:25 [TUniServerModule]:Server First Init.
APP_FINANCEIRO.exe: 00001CC8: 21:58:25 [TUniServerModule]:Debug Mode = ON
APP_FINANCEIRO.exe: 00001CC8: 21:58:25 [TUniServerModule]:Global Cache Folder Erased. <2> Files deleted.
APP_FINANCEIRO.exe: 00001CC8: 21:58:25 [TUniServerModule]:Starting HTTP Server on Port: 8077...
APP_FINANCEIRO.exe: 00001CC8: 21:58:25 [TUniServerModule]:HTTP Server Started on Port: 8077
APP_FINANCEIRO.exe: 00001060: 21:58:31 [192.168.43.251]:EUniSessionException : Invalid session or session Timeout. : Addr: $0079D7DD
APP_FINANCEIRO.exe: 00001CE0: 21:58:53 [192.168.43.1]:EUniSessionException : Invalid session or session Timeout. : Addr: $0079D7DD
APP_FINANCEIRO.exe: 00001FBC: 22:00:26 []:>--------------------------------------------------------------<
APP_FINANCEIRO.exe: 00001FBC: 22:00:26 [TUniServerModule]:Server First Init.
APP_FINANCEIRO.exe: 00001FBC: 22:00:26 [TUniServerModule]:Debug Mode = ON
APP_FINANCEIRO.exe: 00001FBC: 22:00:26 [TUniServerModule]:Global Cache Folder Erased. <7> Files deleted.
APP_FINANCEIRO.exe: 00001FBC: 22:00:26 [TUniServerModule]:Starting HTTP Server on Port: 8077...
APP_FINANCEIRO.exe: 00001FBC: 22:00:26 [TUniServerModule]:HTTP Server Started on Port: 8077
APP_FINANCEIRO.exe: 00001200: 22:00:30 [HandleFileRequest[192.168.43.251]]:File not found: C:\SISTEMA ETICA\Win32\Debug\favicon.ico
APP_FINANCEIRO.exe: 000007D0: 22:00:34 [192.168.43.251]:EUniSessionException : Invalid session or session Timeout. : Addr: $0079D7DD
APP_FINANCEIRO.exe: 00001860: 22:02:04 []:>--------------------------------------------------------------<
APP_FINANCEIRO.exe: 00001860: 22:02:04 [TUniServerModule]:Server First Init.
APP_FINANCEIRO.exe: 00001860: 22:02:04 [TUniServerModule]:Debug Mode = ON
APP_FINANCEIRO.exe: 00001860: 22:02:04 [TUniServerModule]:Global Cache Folder Erased. <4> Files deleted.
APP_FINANCEIRO.exe: 00001860: 22:02:04 [TUniServerModule]:Starting HTTP Server on Port: 8077...
APP_FINANCEIRO.exe: 00001860: 22:02:04 [TUniServerModule]:HTTP Server Started on Port: 8077
APP_FINANCEIRO.exe: 00001A74: 22:02:11 [192.168.43.251]:EUniSessionException : Invalid session or session Timeout. : Addr: $0079D7DD
APP_FINANCEIRO.exe: 00001F98: 22:03:32 []:>--------------------------------------------------------------<
APP_FINANCEIRO.exe: 00001F98: 22:03:32 [TUniServerModule]:Server First Init.
APP_FINANCEIRO.exe: 00001F98: 22:03:32 [TUniServerModule]:Debug Mode = ON
APP_FINANCEIRO.exe: 00001F98: 22:03:32 [TUniServerModule]:Global Cache Folder Erased. <7> Files deleted.
APP_FINANCEIRO.exe: 00001F98: 22:03:32 [TUniServerModule]:Starting HTTP Server on Port: 8077...
APP_FINANCEIRO.exe: 00001F98: 22:03:32 [TUniServerModule]:HTTP Server Started on Port: 8077
APP_FINANCEIRO.exe: 00001B7C: 22:03:43 [192.168.43.251]:EUniSessionException : Invalid session or session Timeout. : Addr: $0079D7DD
APP_FINANCEIRO.exe: 00001F3C: 22:04:16 [192.168.43.1]:EUniSessionException : Invalid session or session Timeout. : Addr: $0079D7DD
APP_FINANCEIRO.exe: 00001BAC: 22:15:48 []:>--------------------------------------------------------------<
APP_FINANCEIRO.exe: 00001BAC: 22:15:48 [TUniServerModule]:Server First Init.
APP_FINANCEIRO.exe: 00001BAC: 22:15:48 [TUniServerModule]:Debug Mode = ON
APP_FINANCEIRO.exe: 00001BAC: 22:15:49 [TUniServerModule]:Global Cache Folder Erased. <7> Files deleted.
APP_FINANCEIRO.exe: 00001BAC: 22:15:49 [TUniServerModule]:Starting HTTP Server on Port: 8077...
APP_FINANCEIRO.exe: 00001BAC: 22:15:49 [TUniServerModule]:HTTP Server Started on Port: 8077
APP_FINANCEIRO.exe: 00001154: 22:15:52 [192.168.43.251]:EUniSessionException : Invalid session or session Timeout. : Addr: $0079D7DD
