APP_FINANCEIRO.exe: 0000030C: 09:17:30 []:>--------------------------------------------------------------<
APP_FINANCEIRO.exe: 0000030C: 09:17:30 [TUniServerModule]:Server First Init.
APP_FINANCEIRO.exe: 0000030C: 09:17:30 [TUniServerModule]:Debug Mode = ON
APP_FINANCEIRO.exe: 0000030C: 09:17:30 [TUniServerModule]:Global Cache Folder Erased. <2> Files deleted.
APP_FINANCEIRO.exe: 0000030C: 09:17:30 [TUniServerModule]:Starting HTTP Server on Port: 8077...
APP_FINANCEIRO.exe: 0000030C: 09:17:30 [TUniServerModule]:HTTP Server Started on Port: 8077
APP_FINANCEIRO.exe: 0000152C: 09:19:42 []:>--------------------------------------------------------------<
APP_FINANCEIRO.exe: 0000152C: 09:19:42 [TUniServerModule]:Server First Init.
APP_FINANCEIRO.exe: 0000152C: 09:19:42 [TUniServerModule]:Debug Mode = ON
APP_FINANCEIRO.exe: 0000152C: 09:19:42 [TUniServerModule]:Global Cache Folder Erased. <2> Files deleted.
APP_FINANCEIRO.exe: 0000152C: 09:19:42 [TUniServerModule]:Starting HTTP Server on Port: 8077...
APP_FINANCEIRO.exe: 0000152C: 09:19:42 [TUniServerModule]:HTTP Server Started on Port: 8077
APP_FINANCEIRO.exe: 00001570: 09:20:06 [SQLConnection property required for this operation-192.168.25.108]:EOleException : SQLConnection property required for this operation : Addr: $00929A4A
APP_FINANCEIRO.exe: 00000FD4: 09:22:44 []:>--------------------------------------------------------------<
APP_FINANCEIRO.exe: 00000FD4: 09:22:44 [TUniServerModule]:Server First Init.
APP_FINANCEIRO.exe: 00000FD4: 09:22:44 [TUniServerModule]:Debug Mode = ON
APP_FINANCEIRO.exe: 00000FD4: 09:22:44 [TUniServerModule]:Global Cache Folder Erased. <2> Files deleted.
APP_FINANCEIRO.exe: 00000FD4: 09:22:44 [TUniServerModule]:Starting HTTP Server on Port: 8077...
APP_FINANCEIRO.exe: 00000FD4: 09:22:44 [TUniServerModule]:HTTP Server Started on Port: 8077
APP_FINANCEIRO.exe: 000007BC: 09:22:50 [192.168.25.108]:EUniSessionException : Invalid session or session Timeout. : Addr: $007B5F4A
APP_FINANCEIRO.exe: 00001714: 09:30:36 []:>--------------------------------------------------------------<
APP_FINANCEIRO.exe: 00001714: 09:30:36 [TUniServerModule]:Server First Init.
APP_FINANCEIRO.exe: 00001714: 09:30:36 [TUniServerModule]:Debug Mode = ON
APP_FINANCEIRO.exe: 00001714: 09:30:36 [TUniServerModule]:Global Cache Folder Erased. <1> Files deleted.
APP_FINANCEIRO.exe: 00001714: 09:30:36 [TUniServerModule]:Starting HTTP Server on Port: 8077...
APP_FINANCEIRO.exe: 00001714: 09:30:36 [TUniServerModule]:HTTP Server Started on Port: 8077
APP_FINANCEIRO.exe: 000012E4: 09:30:42 [192.168.25.108]:EUniSessionException : Invalid session or session Timeout. : Addr: $007B5F4A
APP_FINANCEIRO.exe: 000016F8: 09:30:43 [192.168.25.108]:EUniSessionException : Invalid session or session Timeout. : Addr: $007B5F4A
APP_FINANCEIRO.exe: 000017B8: 09:31:11 [192.168.25.108]:EDatabaseError : DataSetCaixaMov: Cannot perform this operation on a closed dataset : Addr: $00677CE6
APP_FINANCEIRO.exe: 00001318: 09:31:55 []:>--------------------------------------------------------------<
APP_FINANCEIRO.exe: 00001318: 09:31:55 [TUniServerModule]:Server First Init.
APP_FINANCEIRO.exe: 00001318: 09:31:55 [TUniServerModule]:Debug Mode = ON
APP_FINANCEIRO.exe: 00001318: 09:31:55 [TUniServerModule]:Global Cache Folder Erased. <3> Files deleted.
APP_FINANCEIRO.exe: 00001318: 09:31:55 [TUniServerModule]:Starting HTTP Server on Port: 8077...
APP_FINANCEIRO.exe: 00001318: 09:31:55 [TUniServerModule]:HTTP Server Started on Port: 8077
APP_FINANCEIRO.exe: 000011A8: 09:31:58 [192.168.25.108]:EUniSessionException : Invalid session or session Timeout. : Addr: $007B5F4A
APP_FINANCEIRO.exe: 00000D0C: 09:32:26 [192.168.25.108]:EDatabaseError : DataSetCaixaMov: Cannot perform this operation on a closed dataset : Addr: $00677CE6
APP_FINANCEIRO.exe: 000017B8: 09:32:49 []:>--------------------------------------------------------------<
APP_FINANCEIRO.exe: 000017B8: 09:32:49 [TUniServerModule]:Server First Init.
APP_FINANCEIRO.exe: 000017B8: 09:32:49 [TUniServerModule]:Debug Mode = ON
APP_FINANCEIRO.exe: 000017B8: 09:32:49 [TUniServerModule]:Global Cache Folder Erased. <3> Files deleted.
APP_FINANCEIRO.exe: 000017B8: 09:32:49 [TUniServerModule]:Starting HTTP Server on Port: 8077...
APP_FINANCEIRO.exe: 000017B8: 09:32:49 [TUniServerModule]:HTTP Server Started on Port: 8077
APP_FINANCEIRO.exe: 000007F4: 09:32:51 [192.168.25.108]:EUniSessionException : Invalid session or session Timeout. : Addr: $007B5F4A
APP_FINANCEIRO.exe: 000010A0: 09:39:46 []:>--------------------------------------------------------------<
APP_FINANCEIRO.exe: 000010A0: 09:39:46 [TUniServerModule]:Server First Init.
APP_FINANCEIRO.exe: 000010A0: 09:39:46 [TUniServerModule]:Debug Mode = ON
APP_FINANCEIRO.exe: 000010A0: 09:39:46 [TUniServerModule]:Global Cache Folder Erased. <2> Files deleted.
APP_FINANCEIRO.exe: 000010A0: 09:39:46 [TUniServerModule]:Starting HTTP Server on Port: 8077...
APP_FINANCEIRO.exe: 000010A0: 09:39:46 [TUniServerModule]:HTTP Server Started on Port: 8077
APP_FINANCEIRO.exe: 00001720: 09:46:21 [192.168.25.108]:EUniSessionException : Invalid session or session Timeout. : Addr: $007B5F4A
APP_FINANCEIRO.exe: 00001710: 10:03:22 []:>--------------------------------------------------------------<
APP_FINANCEIRO.exe: 00001710: 10:03:22 [TUniServerModule]:Server First Init.
APP_FINANCEIRO.exe: 00001710: 10:03:22 [TUniServerModule]:Debug Mode = ON
APP_FINANCEIRO.exe: 00001710: 10:03:22 [TUniServerModule]:Global Cache Folder Erased. <2> Files deleted.
APP_FINANCEIRO.exe: 00001710: 10:03:22 [TUniServerModule]:Starting HTTP Server on Port: 8077...
APP_FINANCEIRO.exe: 00001710: 10:03:23 [TUniServerModule]:HTTP Server Started on Port: 8077
APP_FINANCEIRO.exe: 000010E0: 10:04:00 [192.168.25.108]:EDatabaseError : DataSetCaixaMov: Cannot perform this operation on a closed dataset : Addr: $00677CE6
APP_FINANCEIRO.exe: 000007B4: 10:34:59 []:>--------------------------------------------------------------<
APP_FINANCEIRO.exe: 000007B4: 10:34:59 [TUniServerModule]:Server First Init.
APP_FINANCEIRO.exe: 000007B4: 10:34:59 [TUniServerModule]:Debug Mode = ON
APP_FINANCEIRO.exe: 000007B4: 10:34:59 [TUniServerModule]:Starting HTTP Server on Port: 8077...
APP_FINANCEIRO.exe: 000007B4: 10:34:59 [TUniServerModule]:HTTP Server Started on Port: 8077
APP_FINANCEIRO.exe: 00001258: 10:36:31 []:>--------------------------------------------------------------<
APP_FINANCEIRO.exe: 00001258: 10:36:31 [TUniServerModule]:Server First Init.
APP_FINANCEIRO.exe: 00001258: 10:36:31 [TUniServerModule]:Debug Mode = ON
APP_FINANCEIRO.exe: 00001258: 10:36:31 [TUniServerModule]:Global Cache Folder Erased. <2> Files deleted.
APP_FINANCEIRO.exe: 00001258: 10:36:31 [TUniServerModule]:Starting HTTP Server on Port: 8077...
APP_FINANCEIRO.exe: 00001258: 10:36:31 [TUniServerModule]:HTTP Server Started on Port: 8077
APP_FINANCEIRO.exe: 000015D0: 10:47:09 []:>--------------------------------------------------------------<
APP_FINANCEIRO.exe: 000015D0: 10:47:09 [TUniServerModule]:Server First Init.
APP_FINANCEIRO.exe: 000015D0: 10:47:09 [TUniServerModule]:Debug Mode = ON
APP_FINANCEIRO.exe: 000015D0: 10:47:09 [TUniServerModule]:Global Cache Folder Erased. <2> Files deleted.
APP_FINANCEIRO.exe: 000015D0: 10:47:09 [TUniServerModule]:Starting HTTP Server on Port: 8077...
APP_FINANCEIRO.exe: 000015D0: 10:47:09 [TUniServerModule]:HTTP Server Started on Port: 8077
APP_FINANCEIRO.exe: 00000528: 10:49:52 []:>--------------------------------------------------------------<
APP_FINANCEIRO.exe: 00000528: 10:49:52 [TUniServerModule]:Server First Init.
APP_FINANCEIRO.exe: 00000528: 10:49:52 [TUniServerModule]:Debug Mode = ON
APP_FINANCEIRO.exe: 00000528: 10:49:52 [TUniServerModule]:Global Cache Folder Erased. <2> Files deleted.
APP_FINANCEIRO.exe: 00000528: 10:49:53 [TUniServerModule]:Starting HTTP Server on Port: 8077...
APP_FINANCEIRO.exe: 00000528: 10:49:53 [TUniServerModule]:HTTP Server Started on Port: 8077
APP_FINANCEIRO.exe: 000009B4: 10:56:15 []:>--------------------------------------------------------------<
APP_FINANCEIRO.exe: 000009B4: 10:56:15 [TUniServerModule]:Server First Init.
APP_FINANCEIRO.exe: 000009B4: 10:56:15 [TUniServerModule]:Debug Mode = ON
APP_FINANCEIRO.exe: 000009B4: 10:56:15 [TUniServerModule]:Global Cache Folder Erased. <3> Files deleted.
APP_FINANCEIRO.exe: 000009B4: 10:56:15 [TUniServerModule]:Starting HTTP Server on Port: 8077...
APP_FINANCEIRO.exe: 000009B4: 10:56:16 [TUniServerModule]:HTTP Server Started on Port: 8077
APP_FINANCEIRO.exe: 000009B8: 10:56:40 [192.168.25.108]:EDatabaseError : DataSetCaixaMov: Dataset not in edit or insert mode : Addr: $00677CE6
APP_FINANCEIRO.exe: 000013A0: 10:57:22 [192.168.25.108]:EDatabaseError : DataSetCaixaMov: Dataset not in edit or insert mode : Addr: $00677CE6
APP_FINANCEIRO.exe: 000000AC: 10:57:43 []:>--------------------------------------------------------------<
APP_FINANCEIRO.exe: 000000AC: 10:57:43 [TUniServerModule]:Server First Init.
APP_FINANCEIRO.exe: 000000AC: 10:57:43 [TUniServerModule]:Debug Mode = ON
APP_FINANCEIRO.exe: 000000AC: 10:57:43 [TUniServerModule]:Global Cache Folder Erased. <4> Files deleted.
APP_FINANCEIRO.exe: 000000AC: 10:57:43 [TUniServerModule]:Starting HTTP Server on Port: 8077...
APP_FINANCEIRO.exe: 000000AC: 10:57:43 [TUniServerModule]:HTTP Server Started on Port: 8077
APP_FINANCEIRO.exe: 00001794: 10:58:31 [192.168.25.108]:EDatabaseError : DataSetCaixaMov: Dataset not in edit or insert mode : Addr: $00677CE6
APP_FINANCEIRO.exe: 000014A4: 13:09:47 []:>--------------------------------------------------------------<
APP_FINANCEIRO.exe: 000014A4: 13:09:47 [TUniServerModule]:Server First Init.
APP_FINANCEIRO.exe: 000014A4: 13:09:47 [TUniServerModule]:Debug Mode = ON
APP_FINANCEIRO.exe: 000014A4: 13:09:47 [TUniServerModule]:Global Cache Folder Erased. <3> Files deleted.
APP_FINANCEIRO.exe: 000014A4: 13:09:47 [TUniServerModule]:Starting HTTP Server on Port: 8077...
APP_FINANCEIRO.exe: 000014A4: 13:09:47 [TUniServerModule]:HTTP Server Started on Port: 8077
APP_FINANCEIRO.exe: 00001540: 13:09:59 [192.168.25.108]:EUniSessionException : Invalid session or session Timeout. : Addr: $007B5F4A
APP_FINANCEIRO.exe: 00000338: 13:10:32 [192.168.25.108]:EDatabaseError : QryCaixaMov: Field 'ID_CAIXA' not found : Addr: $00677CE6
APP_FINANCEIRO.exe: 00000820: 13:11:01 [192.168.25.108]:EDatabaseError : QryCaixaMov: Field 'ID_CAIXA' not found : Addr: $00677CE6
APP_FINANCEIRO.exe: 00001614: 13:11:53 []:>--------------------------------------------------------------<
APP_FINANCEIRO.exe: 00001614: 13:11:53 [TUniServerModule]:Server First Init.
APP_FINANCEIRO.exe: 00001614: 13:11:53 [TUniServerModule]:Debug Mode = ON
APP_FINANCEIRO.exe: 00001614: 13:11:53 [TUniServerModule]:Global Cache Folder Erased. <4> Files deleted.
APP_FINANCEIRO.exe: 00001614: 13:11:53 [TUniServerModule]:Starting HTTP Server on Port: 8077...
APP_FINANCEIRO.exe: 00001614: 13:11:53 [TUniServerModule]:HTTP Server Started on Port: 8077
APP_FINANCEIRO.exe: 000017E4: 13:13:06 [192.168.25.108]:EDatabaseError : DataSetCaixaMov: Field 'ID_CAIXA' not found : Addr: $00677CE6
APP_FINANCEIRO.exe: 00000F84: 14:42:58 []:>--------------------------------------------------------------<
APP_FINANCEIRO.exe: 00000F84: 14:42:58 [TUniServerModule]:Server First Init.
APP_FINANCEIRO.exe: 00000F84: 14:42:58 [TUniServerModule]:Debug Mode = ON
APP_FINANCEIRO.exe: 00000F84: 14:42:58 [TUniServerModule]:Starting HTTP Server on Port: 8077...
APP_FINANCEIRO.exe: 00000F84: 14:42:58 [TUniServerModule]:HTTP Server Started on Port: 8077
APP_FINANCEIRO.exe: 000017A8: 14:43:49 []:>--------------------------------------------------------------<
APP_FINANCEIRO.exe: 000017A8: 14:43:49 [TUniServerModule]:Server First Init.
APP_FINANCEIRO.exe: 000017A8: 14:43:49 [TUniServerModule]:Debug Mode = ON
APP_FINANCEIRO.exe: 000017A8: 14:43:49 [TUniServerModule]:Starting HTTP Server on Port: 8077...
APP_FINANCEIRO.exe: 000017A8: 14:43:49 [TUniServerModule]:HTTP Server Started on Port: 8077
APP_FINANCEIRO.exe: 00000820: 14:44:03 [192.168.25.108]:EUniSessionException : Invalid session or session Timeout. : Addr: $007B5F4A
APP_FINANCEIRO.exe: 00001394: 14:44:27 [192.168.25.108]:TDBXError : Token unknown - line 2, column 26
? : Addr: $008859D2
APP_FINANCEIRO.exe: 000001F4: 14:50:44 []:>--------------------------------------------------------------<
APP_FINANCEIRO.exe: 000001F4: 14:50:44 [TUniServerModule]:Server First Init.
APP_FINANCEIRO.exe: 000001F4: 14:50:44 [TUniServerModule]:Debug Mode = ON
APP_FINANCEIRO.exe: 000001F4: 14:50:44 [TUniServerModule]:Global Cache Folder Erased. <3> Files deleted.
APP_FINANCEIRO.exe: 000001F4: 14:50:44 [TUniServerModule]:Starting HTTP Server on Port: 8077...
APP_FINANCEIRO.exe: 000001F4: 14:50:44 [TUniServerModule]:HTTP Server Started on Port: 8077
APP_FINANCEIRO.exe: 00001130: 14:51:23 [192.168.25.108]:EOleException : Invalid Ordinal:  1 : Addr: $00929A4A
APP_FINANCEIRO.exe: 000011B0: 14:59:07 []:>--------------------------------------------------------------<
APP_FINANCEIRO.exe: 000011B0: 14:59:07 [TUniServerModule]:Server First Init.
APP_FINANCEIRO.exe: 000011B0: 14:59:07 [TUniServerModule]:Debug Mode = ON
APP_FINANCEIRO.exe: 000011B0: 14:59:07 [TUniServerModule]:Global Cache Folder Erased. <3> Files deleted.
APP_FINANCEIRO.exe: 000011B0: 14:59:07 [TUniServerModule]:Starting HTTP Server on Port: 8077...
APP_FINANCEIRO.exe: 000011B0: 14:59:07 [TUniServerModule]:HTTP Server Started on Port: 8077
APP_FINANCEIRO.exe: 00000F1C: 15:00:10 [192.168.25.108]:EOleException : Could not convert variant of type (OleStr) into type (Date) : Addr: $00929A4A
APP_FINANCEIRO.exe: 00001510: 15:02:37 [192.168.25.108]:EVariantTypeCastError : Could not convert variant of type (OleStr) into type (Date) : Addr: $0043B938
APP_FINANCEIRO.exe: 00000ECC: 15:04:05 []:>--------------------------------------------------------------<
APP_FINANCEIRO.exe: 00000ECC: 15:04:05 [TUniServerModule]:Server First Init.
APP_FINANCEIRO.exe: 00000ECC: 15:04:05 [TUniServerModule]:Debug Mode = ON
APP_FINANCEIRO.exe: 00000ECC: 15:04:05 [TUniServerModule]:Global Cache Folder Erased. <4> Files deleted.
APP_FINANCEIRO.exe: 00000ECC: 15:04:05 [TUniServerModule]:Starting HTTP Server on Port: 8077...
APP_FINANCEIRO.exe: 00000ECC: 15:04:05 [TUniServerModule]:HTTP Server Started on Port: 8077
APP_FINANCEIRO.exe: 00000EAC: 15:17:04 []:>--------------------------------------------------------------<
APP_FINANCEIRO.exe: 00000EAC: 15:17:04 [TUniServerModule]:Server First Init.
APP_FINANCEIRO.exe: 00000EAC: 15:17:04 [TUniServerModule]:Debug Mode = ON
APP_FINANCEIRO.exe: 00000EAC: 15:17:04 [TUniServerModule]:Global Cache Folder Erased. <2> Files deleted.
APP_FINANCEIRO.exe: 00000EAC: 15:17:04 [TUniServerModule]:Starting HTTP Server on Port: 8077...
APP_FINANCEIRO.exe: 00000EAC: 15:17:04 [TUniServerModule]:HTTP Server Started on Port: 8077
APP_FINANCEIRO.exe: 00001398: 15:17:10 [192.168.25.108]:EUniSessionException : Invalid session or session Timeout. : Addr: $007B5F4A
APP_FINANCEIRO.exe: 000011A8: 15:17:35 [192.168.25.108]:EOleException : Could not parse SQL TimeStamp string : Addr: $00929A4A
APP_FINANCEIRO.exe: 000014DC: 15:35:58 []:>--------------------------------------------------------------<
APP_FINANCEIRO.exe: 000014DC: 15:35:58 [TUniServerModule]:Server First Init.
APP_FINANCEIRO.exe: 000014DC: 15:35:58 [TUniServerModule]:Debug Mode = ON
APP_FINANCEIRO.exe: 000014DC: 15:35:58 [TUniServerModule]:Starting HTTP Server on Port: 8077...
APP_FINANCEIRO.exe: 000014DC: 15:35:59 [TUniServerModule]:HTTP Server Started on Port: 8077
APP_FINANCEIRO.exe: 000005D0: 15:37:33 []:>--------------------------------------------------------------<
APP_FINANCEIRO.exe: 000005D0: 15:37:33 [TUniServerModule]:Server First Init.
APP_FINANCEIRO.exe: 000005D0: 15:37:33 [TUniServerModule]:Debug Mode = ON
APP_FINANCEIRO.exe: 000005D0: 15:37:33 [TUniServerModule]:Global Cache Folder Erased. <2> Files deleted.
APP_FINANCEIRO.exe: 000005D0: 15:37:33 [TUniServerModule]:Starting HTTP Server on Port: 8077...
APP_FINANCEIRO.exe: 000005D0: 15:37:33 [TUniServerModule]:HTTP Server Started on Port: 8077
APP_FINANCEIRO.exe: 00001034: 15:37:59 [192.168.25.108]:EUniSessionException : Invalid session or session Timeout. : Addr: $007B5F4A
APP_FINANCEIRO.exe: 00001514: 15:38:04 [HandleFileRequest[192.168.25.99]]:File not found: C:\SISTEMA ETICA\Win32\Debug\favicon.ico
APP_FINANCEIRO.exe: 0000044C: 15:39:04 [192.168.25.99]:EDatabaseError : DataSetCaixaMov: Field 'pDatamov' not found : Addr: $00677CE6
APP_FINANCEIRO.exe: 00001508: 15:39:09 [192.168.25.99]:EDatabaseError : DataSetCaixaMov: Dataset not in edit or insert mode : Addr: $00677CE6
APP_FINANCEIRO.exe: 0000116C: 16:25:39 []:>--------------------------------------------------------------<
APP_FINANCEIRO.exe: 0000116C: 16:25:39 [TUniServerModule]:Server First Init.
APP_FINANCEIRO.exe: 0000116C: 16:25:39 [TUniServerModule]:Debug Mode = ON
APP_FINANCEIRO.exe: 0000116C: 16:25:39 [TUniServerModule]:Starting HTTP Server on Port: 8077...
APP_FINANCEIRO.exe: 0000116C: 16:25:40 [TUniServerModule]:HTTP Server Started on Port: 8077
APP_FINANCEIRO.exe: 00001320: 16:26:16 [192.168.25.108]:EOleException : Could not parse SQL TimeStamp string : Addr: $00929A4A
APP_FINANCEIRO.exe: 000010A8: 16:27:43 []:>--------------------------------------------------------------<
APP_FINANCEIRO.exe: 000010A8: 16:27:43 [TUniServerModule]:Server First Init.
APP_FINANCEIRO.exe: 000010A8: 16:27:43 [TUniServerModule]:Debug Mode = ON
APP_FINANCEIRO.exe: 000010A8: 16:27:43 [TUniServerModule]:Global Cache Folder Erased. <3> Files deleted.
APP_FINANCEIRO.exe: 000010A8: 16:27:43 [TUniServerModule]:Starting HTTP Server on Port: 8077...
APP_FINANCEIRO.exe: 000010A8: 16:27:43 [TUniServerModule]:HTTP Server Started on Port: 8077
APP_FINANCEIRO.exe: 00000748: 16:29:41 [192.168.25.108]:EOleException : Could not parse SQL TimeStamp string : Addr: $00929A4A
APP_FINANCEIRO.exe: 00000A84: 16:30:49 []:>--------------------------------------------------------------<
APP_FINANCEIRO.exe: 00000A84: 16:30:49 [TUniServerModule]:Server First Init.
APP_FINANCEIRO.exe: 00000A84: 16:30:49 [TUniServerModule]:Debug Mode = ON
APP_FINANCEIRO.exe: 00000A84: 16:30:49 [TUniServerModule]:Global Cache Folder Erased. <3> Files deleted.
APP_FINANCEIRO.exe: 00000A84: 16:30:49 [TUniServerModule]:Starting HTTP Server on Port: 8077...
APP_FINANCEIRO.exe: 00000A84: 16:30:50 [TUniServerModule]:HTTP Server Started on Port: 8077
APP_FINANCEIRO.exe: 0000147C: 16:31:29 [192.168.25.108]:EOleException : Could not parse SQL TimeStamp string : Addr: $00929A4A
APP_FINANCEIRO.exe: 00000B48: 16:31:50 []:>--------------------------------------------------------------<
APP_FINANCEIRO.exe: 00000B48: 16:31:50 [TUniServerModule]:Server First Init.
APP_FINANCEIRO.exe: 00000B48: 16:31:50 [TUniServerModule]:Debug Mode = ON
APP_FINANCEIRO.exe: 00000B48: 16:31:50 [TUniServerModule]:Global Cache Folder Erased. <3> Files deleted.
APP_FINANCEIRO.exe: 00000B48: 16:31:50 [TUniServerModule]:Starting HTTP Server on Port: 8077...
APP_FINANCEIRO.exe: 00000B48: 16:31:50 [TUniServerModule]:HTTP Server Started on Port: 8077
APP_FINANCEIRO.exe: 00000FDC: 16:32:29 [192.168.25.108]:EOleException : Could not parse SQL TimeStamp string : Addr: $00929A4A
APP_FINANCEIRO.exe: 00000520: 16:33:04 [192.168.25.108]:EOleException : Could not parse SQL TimeStamp string : Addr: $00929A4A
APP_FINANCEIRO.exe: 00000C24: 16:35:19 []:>--------------------------------------------------------------<
APP_FINANCEIRO.exe: 00000C24: 16:35:19 [TUniServerModule]:Server First Init.
APP_FINANCEIRO.exe: 00000C24: 16:35:19 [TUniServerModule]:Debug Mode = ON
APP_FINANCEIRO.exe: 00000C24: 16:35:19 [TUniServerModule]:Global Cache Folder Erased. <5> Files deleted.
APP_FINANCEIRO.exe: 00000C24: 16:35:19 [TUniServerModule]:Starting HTTP Server on Port: 8077...
APP_FINANCEIRO.exe: 00000C24: 16:35:19 [TUniServerModule]:HTTP Server Started on Port: 8077
APP_FINANCEIRO.exe: 00000C8C: 16:35:31 [192.168.25.108]:EUniSessionException : Invalid session or session Timeout. : Addr: $007B5F4A
APP_FINANCEIRO.exe: 000008A0: 16:36:13 [192.168.25.108]:EOleException : Could not parse SQL TimeStamp string : Addr: $00929A4A
APP_FINANCEIRO.exe: 000015D8: 16:36:40 [192.168.25.108]:EConvertError : Could not parse SQL TimeStamp string : Addr: $0065545F
APP_FINANCEIRO.exe: 00001948: 21:26:30 []:>--------------------------------------------------------------<
APP_FINANCEIRO.exe: 00001948: 21:26:30 [TUniServerModule]:Server First Init.
APP_FINANCEIRO.exe: 00001948: 21:26:30 [TUniServerModule]:Debug Mode = ON
APP_FINANCEIRO.exe: 00001948: 21:26:30 [TUniServerModule]:Starting HTTP Server on Port: 8077...
APP_FINANCEIRO.exe: 00001948: 21:26:30 [TUniServerModule]:HTTP Server Started on Port: 8077
APP_FINANCEIRO.exe: 00000F14: 21:27:07 [HandleFileRequest[127.0.0.1]]:File not found: C:\SISTEMA ETICA\Win32\Debug\favicon.ico
APP_FINANCEIRO.exe: 00000EB4: 21:28:02 []:>--------------------------------------------------------------<
APP_FINANCEIRO.exe: 00000EB4: 21:28:02 [TUniServerModule]:Server First Init.
APP_FINANCEIRO.exe: 00000EB4: 21:28:02 [TUniServerModule]:Debug Mode = ON
APP_FINANCEIRO.exe: 00000EB4: 21:28:02 [TUniServerModule]:Global Cache Folder Erased. <3> Files deleted.
APP_FINANCEIRO.exe: 00000EB4: 21:28:02 [TUniServerModule]:Starting HTTP Server on Port: 8077...
APP_FINANCEIRO.exe: 00000EB4: 21:28:02 [TUniServerModule]:HTTP Server Started on Port: 8077
APP_FINANCEIRO.exe: 000006A4: 21:28:54 []:>--------------------------------------------------------------<
APP_FINANCEIRO.exe: 000006A4: 21:28:54 [TUniServerModule]:Server First Init.
APP_FINANCEIRO.exe: 000006A4: 21:28:54 [TUniServerModule]:Debug Mode = ON
APP_FINANCEIRO.exe: 000006A4: 21:28:54 [TUniServerModule]:Global Cache Folder Erased. <2> Files deleted.
APP_FINANCEIRO.exe: 000006A4: 21:28:54 [TUniServerModule]:Starting HTTP Server on Port: 8077...
APP_FINANCEIRO.exe: 000006A4: 21:28:54 [TUniServerModule]:HTTP Server Started on Port: 8077
APP_FINANCEIRO.exe: 00001958: 21:31:18 []:>--------------------------------------------------------------<
APP_FINANCEIRO.exe: 00001958: 21:31:18 [TUniServerModule]:Server First Init.
APP_FINANCEIRO.exe: 00001958: 21:31:18 [TUniServerModule]:Debug Mode = ON
APP_FINANCEIRO.exe: 00001958: 21:31:18 [TUniServerModule]:Global Cache Folder Erased. <4> Files deleted.
APP_FINANCEIRO.exe: 00001958: 21:31:18 [TUniServerModule]:Starting HTTP Server on Port: 8077...
APP_FINANCEIRO.exe: 00001958: 21:31:18 [TUniServerModule]:HTTP Server Started on Port: 8077
APP_FINANCEIRO.exe: 00001B30: 21:31:42 [127.0.0.1]:EDatabaseError : QueryPlanos: Cannot perform this operation on a closed dataset : Addr: $00677CE6
APP_FINANCEIRO.exe: 00001A14: 21:32:18 []:>--------------------------------------------------------------<
APP_FINANCEIRO.exe: 00001A14: 21:32:18 [TUniServerModule]:Server First Init.
APP_FINANCEIRO.exe: 00001A14: 21:32:18 [TUniServerModule]:Debug Mode = ON
APP_FINANCEIRO.exe: 00001A14: 21:32:18 [TUniServerModule]:Global Cache Folder Erased. <3> Files deleted.
APP_FINANCEIRO.exe: 00001A14: 21:32:19 [TUniServerModule]:Starting HTTP Server on Port: 8077...
APP_FINANCEIRO.exe: 00001A14: 21:32:19 [TUniServerModule]:HTTP Server Started on Port: 8077
APP_FINANCEIRO.exe: 00001640: 21:32:23 [127.0.0.1]:EUniSessionException : Invalid session or session Timeout. : Addr: $007B5F4A
APP_FINANCEIRO.exe: 000012D4: 21:35:29 []:>--------------------------------------------------------------<
APP_FINANCEIRO.exe: 000012D4: 21:35:29 [TUniServerModule]:Server First Init.
APP_FINANCEIRO.exe: 000012D4: 21:35:29 [TUniServerModule]:Debug Mode = ON
APP_FINANCEIRO.exe: 000012D4: 21:35:29 [TUniServerModule]:Global Cache Folder Erased. <4> Files deleted.
APP_FINANCEIRO.exe: 000012D4: 21:35:29 [TUniServerModule]:Starting HTTP Server on Port: 8077...
APP_FINANCEIRO.exe: 000012D4: 21:35:29 [TUniServerModule]:HTTP Server Started on Port: 8077
APP_FINANCEIRO.exe: 00001018: 21:35:35 [127.0.0.1]:EUniSessionException : Invalid session or session Timeout. : Addr: $007B5F4A
APP_FINANCEIRO.exe: 00001888: 21:35:38 [127.0.0.1]:EUniSessionException : Invalid session or session Timeout. : Addr: $007B5F4A
APP_FINANCEIRO.exe: 000007AC: 21:37:43 []:>--------------------------------------------------------------<
APP_FINANCEIRO.exe: 000007AC: 21:37:43 [TUniServerModule]:Server First Init.
APP_FINANCEIRO.exe: 000007AC: 21:37:43 [TUniServerModule]:Debug Mode = ON
APP_FINANCEIRO.exe: 000007AC: 21:37:43 [TUniServerModule]:Global Cache Folder Erased. <2> Files deleted.
APP_FINANCEIRO.exe: 000007AC: 21:37:43 [TUniServerModule]:Starting HTTP Server on Port: 8077...
APP_FINANCEIRO.exe: 000007AC: 21:37:43 [TUniServerModule]:HTTP Server Started on Port: 8077
APP_FINANCEIRO.exe: 00001838: 21:37:45 [127.0.0.1]:EUniSessionException : Invalid session or session Timeout. : Addr: $007B5F4A
APP_FINANCEIRO.exe: 0000197C: 21:38:52 []:>--------------------------------------------------------------<
APP_FINANCEIRO.exe: 0000197C: 21:38:52 [TUniServerModule]:Server First Init.
APP_FINANCEIRO.exe: 0000197C: 21:38:52 [TUniServerModule]:Debug Mode = ON
APP_FINANCEIRO.exe: 0000197C: 21:38:52 [TUniServerModule]:Global Cache Folder Erased. <2> Files deleted.
APP_FINANCEIRO.exe: 0000197C: 21:38:52 [TUniServerModule]:Starting HTTP Server on Port: 8077...
APP_FINANCEIRO.exe: 0000197C: 21:38:52 [TUniServerModule]:HTTP Server Started on Port: 8077
APP_FINANCEIRO.exe: 00000F80: 21:39:45 []:>--------------------------------------------------------------<
APP_FINANCEIRO.exe: 00000F80: 21:39:45 [TUniServerModule]:Server First Init.
APP_FINANCEIRO.exe: 00000F80: 21:39:45 [TUniServerModule]:Debug Mode = ON
APP_FINANCEIRO.exe: 00000F80: 21:39:45 [TUniServerModule]:Global Cache Folder Erased. <2> Files deleted.
APP_FINANCEIRO.exe: 00000F80: 21:39:45 [TUniServerModule]:Starting HTTP Server on Port: 8077...
APP_FINANCEIRO.exe: 00000F80: 21:39:45 [TUniServerModule]:HTTP Server Started on Port: 8077
APP_FINANCEIRO.exe: 0000181C: 21:39:49 [127.0.0.1]:EUniSessionException : Invalid session or session Timeout. : Addr: $007B5F4A
APP_FINANCEIRO.exe: 00001B68: 21:42:45 []:>--------------------------------------------------------------<
APP_FINANCEIRO.exe: 00001B68: 21:42:45 [TUniServerModule]:Server First Init.
APP_FINANCEIRO.exe: 00001B68: 21:42:45 [TUniServerModule]:Debug Mode = ON
APP_FINANCEIRO.exe: 00001B68: 21:42:45 [TUniServerModule]:Global Cache Folder Erased. <3> Files deleted.
APP_FINANCEIRO.exe: 00001B68: 21:42:45 [TUniServerModule]:Starting HTTP Server on Port: 8077...
APP_FINANCEIRO.exe: 00001B68: 21:42:45 [TUniServerModule]:HTTP Server Started on Port: 8077
APP_FINANCEIRO.exe: 00001A58: 21:42:57 [127.0.0.1]:EUniSessionException : Invalid session or session Timeout. : Addr: $007B5F4A
APP_FINANCEIRO.exe: 000019D4: 21:43:34 [127.0.0.1]:EConvertError : '' is not a valid floating point value : Addr: $004274C6
