APP_FINANCEIRO.exe: 00001618: 08:44:35 []:>--------------------------------------------------------------<
APP_FINANCEIRO.exe: 00001618: 08:44:35 [TUniServerModule]:Server First Init.
APP_FINANCEIRO.exe: 00001618: 08:44:35 [TUniServerModule]:Debug Mode = ON
APP_FINANCEIRO.exe: 00001618: 08:44:35 [TUniServerModule]:Global Cache Folder Erased. <3> Files deleted.
APP_FINANCEIRO.exe: 00001618: 08:44:36 [TUniServerModule]:Starting HTTP Server on Port: 8077...
APP_FINANCEIRO.exe: 00001618: 08:44:37 [TUniServerModule]:HTTP Server Started on Port: 8077
APP_FINANCEIRO.exe: 00000A24: 08:45:03 [192.168.25.97]:EDatabaseError : SQLQuery1: Cannot perform this operation on a closed dataset : Addr: $00632E02
APP_FINANCEIRO.exe: 00001438: 08:47:56 []:>--------------------------------------------------------------<
APP_FINANCEIRO.exe: 00001438: 08:47:56 [TUniServerModule]:Server First Init.
APP_FINANCEIRO.exe: 00001438: 08:47:56 [TUniServerModule]:Debug Mode = ON
APP_FINANCEIRO.exe: 00001438: 08:47:56 [TUniServerModule]:Global Cache Folder Erased. <3> Files deleted.
APP_FINANCEIRO.exe: 00001438: 08:47:57 [TUniServerModule]:Starting HTTP Server on Port: 8077...
APP_FINANCEIRO.exe: 00001438: 08:47:58 [TUniServerModule]:HTTP Server Started on Port: 8077
APP_FINANCEIRO.exe: 00001760: 08:48:33 [192.168.25.97]:EUniSessionException : Invalid session or session Timeout. : Addr: $0079CFCE
APP_FINANCEIRO.exe: 000002D8: 08:48:51 [192.168.25.97]:EDatabaseError : SQLQuery1: Cannot perform this operation on a closed dataset : Addr: $00632E02
APP_FINANCEIRO.exe: 000015E0: 08:49:05 [192.168.25.97]:EDatabaseError : Missing query, table name or procedure name : Addr: $00632E17
APP_FINANCEIRO.exe: 000015AC: 08:49:23 []:>--------------------------------------------------------------<
APP_FINANCEIRO.exe: 000015AC: 08:49:23 [TUniServerModule]:Server First Init.
APP_FINANCEIRO.exe: 000015AC: 08:49:23 [TUniServerModule]:Debug Mode = ON
APP_FINANCEIRO.exe: 000015AC: 08:49:23 [TUniServerModule]:Global Cache Folder Erased. <3> Files deleted.
APP_FINANCEIRO.exe: 000015AC: 08:49:23 [TUniServerModule]:Starting HTTP Server on Port: 8077...
APP_FINANCEIRO.exe: 000015AC: 08:49:23 [TUniServerModule]:HTTP Server Started on Port: 8077
APP_FINANCEIRO.exe: 0000087C: 08:50:33 []:>--------------------------------------------------------------<
APP_FINANCEIRO.exe: 0000087C: 08:50:33 [TUniServerModule]:Server First Init.
APP_FINANCEIRO.exe: 0000087C: 08:50:33 [TUniServerModule]:Debug Mode = ON
APP_FINANCEIRO.exe: 0000087C: 08:50:33 [TUniServerModule]:Global Cache Folder Erased. <3> Files deleted.
APP_FINANCEIRO.exe: 0000087C: 08:50:33 [TUniServerModule]:Starting HTTP Server on Port: 8077...
APP_FINANCEIRO.exe: 0000087C: 08:50:33 [TUniServerModule]:HTTP Server Started on Port: 8077
APP_FINANCEIRO.exe: 00000918: 08:52:50 []:>--------------------------------------------------------------<
APP_FINANCEIRO.exe: 00000918: 08:52:50 [TUniServerModule]:Server First Init.
APP_FINANCEIRO.exe: 00000918: 08:52:50 [TUniServerModule]:Debug Mode = ON
APP_FINANCEIRO.exe: 00000918: 08:52:50 [TUniServerModule]:Global Cache Folder Erased. <3> Files deleted.
APP_FINANCEIRO.exe: 00000918: 08:52:50 [TUniServerModule]:Starting HTTP Server on Port: 8077...
APP_FINANCEIRO.exe: 00000918: 08:52:50 [TUniServerModule]:HTTP Server Started on Port: 8077
APP_FINANCEIRO.exe: 00001740: 08:55:07 []:>--------------------------------------------------------------<
APP_FINANCEIRO.exe: 00001740: 08:55:07 [TUniServerModule]:Server First Init.
APP_FINANCEIRO.exe: 00001740: 08:55:07 [TUniServerModule]:Debug Mode = ON
APP_FINANCEIRO.exe: 00001740: 08:55:07 [TUniServerModule]:Global Cache Folder Erased. <5> Files deleted.
APP_FINANCEIRO.exe: 00001740: 08:55:07 [TUniServerModule]:Starting HTTP Server on Port: 8077...
APP_FINANCEIRO.exe: 00001740: 08:55:07 [TUniServerModule]:HTTP Server Started on Port: 8077
APP_FINANCEIRO.exe: 000013F4: 08:57:17 []:>--------------------------------------------------------------<
APP_FINANCEIRO.exe: 000013F4: 08:57:17 [TUniServerModule]:Server First Init.
APP_FINANCEIRO.exe: 000013F4: 08:57:17 [TUniServerModule]:Debug Mode = ON
APP_FINANCEIRO.exe: 000013F4: 08:57:17 [TUniServerModule]:Global Cache Folder Erased. <5> Files deleted.
APP_FINANCEIRO.exe: 000013F4: 08:57:17 [TUniServerModule]:Starting HTTP Server on Port: 8077...
APP_FINANCEIRO.exe: 000013F4: 08:57:17 [TUniServerModule]:HTTP Server Started on Port: 8077
APP_FINANCEIRO.exe: 000017CC: 08:59:28 []:>--------------------------------------------------------------<
APP_FINANCEIRO.exe: 000017CC: 08:59:28 [TUniServerModule]:Server First Init.
APP_FINANCEIRO.exe: 000017CC: 08:59:28 [TUniServerModule]:Debug Mode = ON
APP_FINANCEIRO.exe: 000017CC: 08:59:28 [TUniServerModule]:Global Cache Folder Erased. <5> Files deleted.
APP_FINANCEIRO.exe: 000017CC: 08:59:28 [TUniServerModule]:Starting HTTP Server on Port: 8077...
APP_FINANCEIRO.exe: 000017CC: 08:59:28 [TUniServerModule]:HTTP Server Started on Port: 8077
APP_FINANCEIRO.exe: 000015DC: 08:59:35 [192.168.25.97]:EUniSessionException : Invalid session or session Timeout. : Addr: $0079CFCE
APP_FINANCEIRO.exe: 00000DC4: 09:02:33 []:>--------------------------------------------------------------<
APP_FINANCEIRO.exe: 00000DC4: 09:02:33 [TUniServerModule]:Server First Init.
APP_FINANCEIRO.exe: 00000DC4: 09:02:33 [TUniServerModule]:Debug Mode = ON
APP_FINANCEIRO.exe: 00000DC4: 09:02:33 [TUniServerModule]:Global Cache Folder Erased. <3> Files deleted.
APP_FINANCEIRO.exe: 00000DC4: 09:02:33 [TUniServerModule]:Starting HTTP Server on Port: 8077...
APP_FINANCEIRO.exe: 00000DC4: 09:02:34 [TUniServerModule]:HTTP Server Started on Port: 8077
APP_FINANCEIRO.exe: 000010A8: 09:06:36 []:>--------------------------------------------------------------<
APP_FINANCEIRO.exe: 000010A8: 09:06:36 [TUniServerModule]:Server First Init.
APP_FINANCEIRO.exe: 000010A8: 09:06:36 [TUniServerModule]:Debug Mode = ON
APP_FINANCEIRO.exe: 000010A8: 09:06:36 [TUniServerModule]:Global Cache Folder Erased. <3> Files deleted.
APP_FINANCEIRO.exe: 000010A8: 09:06:36 [TUniServerModule]:Starting HTTP Server on Port: 8077...
APP_FINANCEIRO.exe: 000010A8: 09:06:36 [TUniServerModule]:HTTP Server Started on Port: 8077
APP_FINANCEIRO.exe: 000017DC: 09:06:41 [192.168.25.97]:EUniSessionException : Invalid session or session Timeout. : Addr: $0079CFCE
APP_FINANCEIRO.exe: 000012EC: 09:07:57 []:>--------------------------------------------------------------<
APP_FINANCEIRO.exe: 000012EC: 09:07:57 [TUniServerModule]:Server First Init.
APP_FINANCEIRO.exe: 000012EC: 09:07:57 [TUniServerModule]:Debug Mode = ON
APP_FINANCEIRO.exe: 000012EC: 09:07:57 [TUniServerModule]:Global Cache Folder Erased. <3> Files deleted.
APP_FINANCEIRO.exe: 000012EC: 09:07:57 [TUniServerModule]:Starting HTTP Server on Port: 8077...
APP_FINANCEIRO.exe: 000012EC: 09:07:57 [TUniServerModule]:HTTP Server Started on Port: 8077
APP_FINANCEIRO.exe: 00001134: 09:07:59 [192.168.25.97]:EUniSessionException : Invalid session or session Timeout. : Addr: $0079CFCE
APP_FINANCEIRO.exe: 00000D94: 09:11:52 []:>--------------------------------------------------------------<
APP_FINANCEIRO.exe: 00000D94: 09:11:52 [TUniServerModule]:Server First Init.
APP_FINANCEIRO.exe: 00000D94: 09:11:52 [TUniServerModule]:Debug Mode = ON
APP_FINANCEIRO.exe: 00000D94: 09:11:52 [TUniServerModule]:Global Cache Folder Erased. <4> Files deleted.
APP_FINANCEIRO.exe: 00000D94: 09:11:52 [TUniServerModule]:Starting HTTP Server on Port: 8077...
APP_FINANCEIRO.exe: 00000D94: 09:11:52 [TUniServerModule]:HTTP Server Started on Port: 8077
APP_FINANCEIRO.exe: 000008D0: 09:11:58 [192.168.25.97]:EUniSessionException : Invalid session or session Timeout. : Addr: $0079CFCE
APP_FINANCEIRO.exe: 000014C0: 09:15:06 []:>--------------------------------------------------------------<
APP_FINANCEIRO.exe: 000014C0: 09:15:06 [TUniServerModule]:Server First Init.
APP_FINANCEIRO.exe: 000014C0: 09:15:06 [TUniServerModule]:Debug Mode = ON
APP_FINANCEIRO.exe: 000014C0: 09:15:06 [TUniServerModule]:Global Cache Folder Erased. <8> Files deleted.
APP_FINANCEIRO.exe: 000014C0: 09:15:06 [TUniServerModule]:Starting HTTP Server on Port: 8077...
APP_FINANCEIRO.exe: 000014C0: 09:15:06 [TUniServerModule]:HTTP Server Started on Port: 8077
APP_FINANCEIRO.exe: 00001420: 09:17:05 []:>--------------------------------------------------------------<
APP_FINANCEIRO.exe: 00001420: 09:17:05 [TUniServerModule]:Server First Init.
APP_FINANCEIRO.exe: 00001420: 09:17:05 [TUniServerModule]:Debug Mode = ON
APP_FINANCEIRO.exe: 00001420: 09:17:05 [TUniServerModule]:Global Cache Folder Erased. <5> Files deleted.
APP_FINANCEIRO.exe: 00001420: 09:17:05 [TUniServerModule]:Starting HTTP Server on Port: 8077...
APP_FINANCEIRO.exe: 00001420: 09:17:05 [TUniServerModule]:HTTP Server Started on Port: 8077
APP_FINANCEIRO.exe: 000007AC: 09:17:08 [192.168.25.97]:EUniSessionException : Invalid session or session Timeout. : Addr: $0079CFCE
APP_FINANCEIRO.exe: 00001594: 09:18:50 []:>--------------------------------------------------------------<
APP_FINANCEIRO.exe: 00001594: 09:18:50 [TUniServerModule]:Server First Init.
APP_FINANCEIRO.exe: 00001594: 09:18:50 [TUniServerModule]:Debug Mode = ON
APP_FINANCEIRO.exe: 00001594: 09:18:50 [TUniServerModule]:Global Cache Folder Erased. <7> Files deleted.
APP_FINANCEIRO.exe: 00001594: 09:18:50 [TUniServerModule]:Starting HTTP Server on Port: 8077...
APP_FINANCEIRO.exe: 00001594: 09:18:50 [TUniServerModule]:HTTP Server Started on Port: 8077
APP_FINANCEIRO.exe: 000017B0: 09:27:14 []:>--------------------------------------------------------------<
APP_FINANCEIRO.exe: 000017B0: 09:27:14 [TUniServerModule]:Server First Init.
APP_FINANCEIRO.exe: 000017B0: 09:27:14 [TUniServerModule]:Debug Mode = ON
APP_FINANCEIRO.exe: 000017B0: 09:27:14 [TUniServerModule]:Global Cache Folder Erased. <4> Files deleted.
APP_FINANCEIRO.exe: 000017B0: 09:27:14 [TUniServerModule]:Starting HTTP Server on Port: 8077...
APP_FINANCEIRO.exe: 000017B0: 09:27:15 [TUniServerModule]:HTTP Server Started on Port: 8077
APP_FINANCEIRO.exe: 00000C08: 09:28:01 []:>--------------------------------------------------------------<
APP_FINANCEIRO.exe: 00000C08: 09:28:01 [TUniServerModule]:Server First Init.
APP_FINANCEIRO.exe: 00000C08: 09:28:01 [TUniServerModule]:Debug Mode = ON
APP_FINANCEIRO.exe: 00000C08: 09:28:01 [TUniServerModule]:Global Cache Folder Erased. <3> Files deleted.
APP_FINANCEIRO.exe: 00000C08: 09:28:01 [TUniServerModule]:Starting HTTP Server on Port: 8077...
APP_FINANCEIRO.exe: 00000C08: 09:28:01 [TUniServerModule]:HTTP Server Started on Port: 8077
APP_FINANCEIRO.exe: 00000550: 09:31:46 []:>--------------------------------------------------------------<
APP_FINANCEIRO.exe: 00000550: 09:31:46 [TUniServerModule]:Server First Init.
APP_FINANCEIRO.exe: 00000550: 09:31:46 [TUniServerModule]:Debug Mode = ON
APP_FINANCEIRO.exe: 00000550: 09:31:46 [TUniServerModule]:Global Cache Folder Erased. <3> Files deleted.
APP_FINANCEIRO.exe: 00000550: 09:31:46 [TUniServerModule]:Starting HTTP Server on Port: 8077...
APP_FINANCEIRO.exe: 00000550: 09:31:47 [TUniServerModule]:HTTP Server Started on Port: 8077
APP_FINANCEIRO.exe: 00000D30: 09:36:15 []:>--------------------------------------------------------------<
APP_FINANCEIRO.exe: 00000D30: 09:36:15 [TUniServerModule]:Server First Init.
APP_FINANCEIRO.exe: 00000D30: 09:36:15 [TUniServerModule]:Debug Mode = ON
APP_FINANCEIRO.exe: 00000D30: 09:36:15 [TUniServerModule]:Global Cache Folder Erased. <4> Files deleted.
APP_FINANCEIRO.exe: 00000D30: 09:36:15 [TUniServerModule]:Starting HTTP Server on Port: 8077...
APP_FINANCEIRO.exe: 00000D30: 09:36:15 [TUniServerModule]:HTTP Server Started on Port: 8077
APP_FINANCEIRO.exe: 0000097C: 09:36:17 [192.168.25.97]:EUniSessionException : Invalid session or session Timeout. : Addr: $0079CFCE
APP_FINANCEIRO.exe: 00000AEC: 09:43:41 []:>--------------------------------------------------------------<
APP_FINANCEIRO.exe: 00000AEC: 09:43:41 [TUniServerModule]:Server First Init.
APP_FINANCEIRO.exe: 00000AEC: 09:43:41 [TUniServerModule]:Debug Mode = ON
APP_FINANCEIRO.exe: 00000AEC: 09:43:41 [TUniServerModule]:Global Cache Folder Erased. <5> Files deleted.
APP_FINANCEIRO.exe: 00000AEC: 09:43:41 [TUniServerModule]:Starting HTTP Server on Port: 8077...
APP_FINANCEIRO.exe: 00000AEC: 09:43:41 [TUniServerModule]:HTTP Server Started on Port: 8077
APP_FINANCEIRO.exe: 000015FC: 09:43:43 [192.168.25.97]:EUniSessionException : Invalid session or session Timeout. : Addr: $0079CFCE
APP_FINANCEIRO.exe: 000013C4: 10:20:23 []:>--------------------------------------------------------------<
APP_FINANCEIRO.exe: 000013C4: 10:20:23 [TUniServerModule]:Server First Init.
APP_FINANCEIRO.exe: 000013C4: 10:20:23 [TUniServerModule]:Debug Mode = ON
APP_FINANCEIRO.exe: 000013C4: 10:20:23 [TUniServerModule]:Global Cache Folder Erased. <5> Files deleted.
APP_FINANCEIRO.exe: 000013C4: 10:20:24 [TUniServerModule]:Starting HTTP Server on Port: 8077...
APP_FINANCEIRO.exe: 000013C4: 10:20:24 [TUniServerModule]:HTTP Server Started on Port: 8077
APP_FINANCEIRO.exe: 000011D0: 10:22:25 [192.168.25.97]:EUniSessionException : Invalid session or session Timeout. : Addr: $0079CFCE
APP_FINANCEIRO.exe: 0000057C: 10:24:44 []:>--------------------------------------------------------------<
APP_FINANCEIRO.exe: 0000057C: 10:24:44 [TUniServerModule]:Server First Init.
APP_FINANCEIRO.exe: 0000057C: 10:24:44 [TUniServerModule]:Debug Mode = ON
APP_FINANCEIRO.exe: 0000057C: 10:24:44 [TUniServerModule]:Global Cache Folder Erased. <4> Files deleted.
APP_FINANCEIRO.exe: 0000057C: 10:24:44 [TUniServerModule]:Starting HTTP Server on Port: 8077...
APP_FINANCEIRO.exe: 0000057C: 10:24:44 [TUniServerModule]:HTTP Server Started on Port: 8077
APP_FINANCEIRO.exe: 0000129C: 10:27:16 []:>--------------------------------------------------------------<
APP_FINANCEIRO.exe: 0000129C: 10:27:16 [TUniServerModule]:Server First Init.
APP_FINANCEIRO.exe: 0000129C: 10:27:16 [TUniServerModule]:Debug Mode = ON
APP_FINANCEIRO.exe: 0000129C: 10:27:16 [TUniServerModule]:Global Cache Folder Erased. <10> Files deleted.
APP_FINANCEIRO.exe: 0000129C: 10:27:16 [TUniServerModule]:Starting HTTP Server on Port: 8077...
APP_FINANCEIRO.exe: 0000129C: 10:27:16 [TUniServerModule]:HTTP Server Started on Port: 8077
APP_FINANCEIRO.exe: 000009E8: 10:27:20 [192.168.25.97]:EUniSessionException : Invalid session or session Timeout. : Addr: $0079CFCE
APP_FINANCEIRO.exe: 00000E5C: 10:27:54 []:>--------------------------------------------------------------<
APP_FINANCEIRO.exe: 00000E5C: 10:27:54 [TUniServerModule]:Server First Init.
APP_FINANCEIRO.exe: 00000E5C: 10:27:54 [TUniServerModule]:Debug Mode = ON
APP_FINANCEIRO.exe: 00000E5C: 10:27:54 [TUniServerModule]:Global Cache Folder Erased. <3> Files deleted.
APP_FINANCEIRO.exe: 00000E5C: 10:27:54 [TUniServerModule]:Starting HTTP Server on Port: 8077...
APP_FINANCEIRO.exe: 00000E5C: 10:27:55 [TUniServerModule]:HTTP Server Started on Port: 8077
APP_FINANCEIRO.exe: 00001134: 13:44:23 []:>--------------------------------------------------------------<
APP_FINANCEIRO.exe: 00001134: 13:44:23 [TUniServerModule]:Server First Init.
APP_FINANCEIRO.exe: 00001134: 13:44:23 [TUniServerModule]:Debug Mode = ON
APP_FINANCEIRO.exe: 00001134: 13:44:23 [TUniServerModule]:Starting HTTP Server on Port: 8077...
APP_FINANCEIRO.exe: 00001134: 13:44:23 [TUniServerModule]:HTTP Server Started on Port: 8077
APP_FINANCEIRO.exe: 00001408: 13:44:26 [192.168.25.97]:EUniSessionException : Invalid session or session Timeout. : Addr: $0079CFCE
APP_FINANCEIRO.exe: 00000A14: 14:19:43 []:>--------------------------------------------------------------<
APP_FINANCEIRO.exe: 00000A14: 14:19:43 [TUniServerModule]:Server First Init.
APP_FINANCEIRO.exe: 00000A14: 14:19:43 [TUniServerModule]:Debug Mode = ON
APP_FINANCEIRO.exe: 00000A14: 14:19:43 [TUniServerModule]:Global Cache Folder Erased. <4> Files deleted.
APP_FINANCEIRO.exe: 00000A14: 14:19:43 [TUniServerModule]:Starting HTTP Server on Port: 8077...
APP_FINANCEIRO.exe: 00000A14: 14:19:43 [TUniServerModule]:HTTP Server Started on Port: 8077
APP_FINANCEIRO.exe: 00000DF4: 14:19:49 [192.168.25.97]:EUniSessionException : Invalid session or session Timeout. : Addr: $0079CFCE
APP_FINANCEIRO.exe: 00001610: 14:22:33 []:>--------------------------------------------------------------<
APP_FINANCEIRO.exe: 00001610: 14:22:33 [TUniServerModule]:Server First Init.
APP_FINANCEIRO.exe: 00001610: 14:22:33 [TUniServerModule]:Debug Mode = ON
APP_FINANCEIRO.exe: 00001610: 14:22:33 [TUniServerModule]:Global Cache Folder Erased. <5> Files deleted.
APP_FINANCEIRO.exe: 00001610: 14:22:33 [TUniServerModule]:Starting HTTP Server on Port: 8077...
APP_FINANCEIRO.exe: 00001610: 14:22:33 [TUniServerModule]:HTTP Server Started on Port: 8077
APP_FINANCEIRO.exe: 00000BDC: 14:22:45 [192.168.25.97]:EUniSessionException : Invalid session or session Timeout. : Addr: $0079CFCE
APP_FINANCEIRO.exe: 00001368: 14:28:54 [192.168.25.97]:EUniSessionException : Invalid session or session Timeout. : Addr: $0079CFCE
APP_FINANCEIRO.exe: 00001660: 14:28:56 [192.168.25.97]:EUniSessionException : Invalid session or session Timeout. : Addr: $0079CFCE
APP_FINANCEIRO.exe: 000006E4: 14:28:57 [192.168.25.97]:EUniSessionException : Invalid session or session Timeout. : Addr: $0079CFCE
APP_FINANCEIRO.exe: 00000E84: 14:28:58 [192.168.25.97]:EUniSessionException : Invalid session or session Timeout. : Addr: $0079CFCE
APP_FINANCEIRO.exe: 00000AD8: 14:28:59 [192.168.25.97]:EUniSessionException : Invalid session or session Timeout. : Addr: $0079CFCE
APP_FINANCEIRO.exe: 00001334: 14:28:59 [192.168.25.97]:EUniSessionException : Invalid session or session Timeout. : Addr: $0079CFCE
APP_FINANCEIRO.exe: 00000D28: 14:29:01 [192.168.25.97]:EUniSessionException : Invalid session or session Timeout. : Addr: $0079CFCE
APP_FINANCEIRO.exe: 000010EC: 14:29:03 [192.168.25.97]:EUniSessionException : Invalid session or session Timeout. : Addr: $0079CFCE
APP_FINANCEIRO.exe: 00001284: 14:33:04 []:>--------------------------------------------------------------<
APP_FINANCEIRO.exe: 00001284: 14:33:04 [TUniServerModule]:Server First Init.
APP_FINANCEIRO.exe: 00001284: 14:33:04 [TUniServerModule]:Debug Mode = ON
APP_FINANCEIRO.exe: 00001284: 14:33:04 [TUniServerModule]:Global Cache Folder Erased. <5> Files deleted.
APP_FINANCEIRO.exe: 00001284: 14:33:04 [TUniServerModule]:Starting HTTP Server on Port: 8077...
APP_FINANCEIRO.exe: 00001284: 14:33:05 [TUniServerModule]:HTTP Server Started on Port: 8077
APP_FINANCEIRO.exe: 000014D8: 14:33:08 [192.168.25.97]:EUniSessionException : Invalid session or session Timeout. : Addr: $0079CFCE
APP_FINANCEIRO.exe: 000011A4: 14:48:55 []:>--------------------------------------------------------------<
APP_FINANCEIRO.exe: 000011A4: 14:48:55 [TUniServerModule]:Server First Init.
APP_FINANCEIRO.exe: 000011A4: 14:48:55 [TUniServerModule]:Debug Mode = ON
APP_FINANCEIRO.exe: 000011A4: 14:48:55 [TUniServerModule]:Global Cache Folder Erased. <3> Files deleted.
APP_FINANCEIRO.exe: 000011A4: 14:48:55 [TUniServerModule]:Starting HTTP Server on Port: 8077...
APP_FINANCEIRO.exe: 000011A4: 14:48:55 [TUniServerModule]:HTTP Server Started on Port: 8077
APP_FINANCEIRO.exe: 000011E4: 15:34:41 []:>--------------------------------------------------------------<
APP_FINANCEIRO.exe: 000011E4: 15:34:41 [TUniServerModule]:Server First Init.
APP_FINANCEIRO.exe: 000011E4: 15:34:41 [TUniServerModule]:Debug Mode = ON
APP_FINANCEIRO.exe: 000011E4: 15:34:41 [TUniServerModule]:Starting HTTP Server on Port: 8077...
APP_FINANCEIRO.exe: 000011E4: 15:34:41 [TUniServerModule]:HTTP Server Started on Port: 8077
APP_FINANCEIRO.exe: 00000E74: 15:34:49 [192.168.25.97]:EUniSessionException : Invalid session or session Timeout. : Addr: $0079CFCE
APP_FINANCEIRO.exe: 00000A38: 15:36:00 []:>--------------------------------------------------------------<
APP_FINANCEIRO.exe: 00000A38: 15:36:00 [TUniServerModule]:Server First Init.
APP_FINANCEIRO.exe: 00000A38: 15:36:00 [TUniServerModule]:Debug Mode = ON
APP_FINANCEIRO.exe: 00000A38: 15:36:00 [TUniServerModule]:Global Cache Folder Erased. <4> Files deleted.
APP_FINANCEIRO.exe: 00000A38: 15:36:00 [TUniServerModule]:Starting HTTP Server on Port: 8077...
APP_FINANCEIRO.exe: 00000A38: 15:36:00 [TUniServerModule]:HTTP Server Started on Port: 8077
APP_FINANCEIRO.exe: 00001658: 15:36:02 [192.168.25.97]:EUniSessionException : Invalid session or session Timeout. : Addr: $0079CFCE
APP_FINANCEIRO.exe: 000014A8: 15:37:06 []:>--------------------------------------------------------------<
APP_FINANCEIRO.exe: 000014A8: 15:37:06 [TUniServerModule]:Server First Init.
APP_FINANCEIRO.exe: 000014A8: 15:37:06 [TUniServerModule]:Debug Mode = ON
APP_FINANCEIRO.exe: 000014A8: 15:37:06 [TUniServerModule]:Global Cache Folder Erased. <9> Files deleted.
APP_FINANCEIRO.exe: 000014A8: 15:37:06 [TUniServerModule]:Starting HTTP Server on Port: 8077...
APP_FINANCEIRO.exe: 000014A8: 15:37:06 [TUniServerModule]:HTTP Server Started on Port: 8077
APP_FINANCEIRO.exe: 00000934: 15:37:31 [HandleFileRequest[192.168.25.98]]:File not found: C:\SISTEMA ETICA\Win32\Debug\favicon.ico
