APP_FINANCEIRO.exe: 00001104: 14:03:21 []:>--------------------------------------------------------------<
APP_FINANCEIRO.exe: 00001104: 14:03:21 [TUniServerModule]:Server First Init.
APP_FINANCEIRO.exe: 00001104: 14:03:21 [TUniServerModule]:Debug Mode = ON
APP_FINANCEIRO.exe: 00001104: 14:03:21 [TUniServerModule]:Global Cache Folder Erased. <5> Files deleted.
APP_FINANCEIRO.exe: 00001104: 14:03:21 [TUniServerModule]:Starting HTTP Server on Port: 8077...
APP_FINANCEIRO.exe: 00001104: 14:03:21 [TUniServerModule]:HTTP Server Started on Port: 8077
APP_FINANCEIRO.exe: 00000E0C: 14:05:13 [192.168.25.137]:TDBXError : conversion error from string "ADMIN" : Addr: $0083F88A
APP_FINANCEIRO.exe: 000014CC: 14:06:03 []:>--------------------------------------------------------------<
APP_FINANCEIRO.exe: 000014CC: 14:06:03 [TUniServerModule]:Server First Init.
APP_FINANCEIRO.exe: 000014CC: 14:06:03 [TUniServerModule]:Debug Mode = ON
APP_FINANCEIRO.exe: 000014CC: 14:06:03 [TUniServerModule]:Global Cache Folder Erased. <4> Files deleted.
APP_FINANCEIRO.exe: 000014CC: 14:06:03 [TUniServerModule]:Starting HTTP Server on Port: 8077...
APP_FINANCEIRO.exe: 000014CC: 14:06:03 [TUniServerModule]:HTTP Server Started on Port: 8077
APP_FINANCEIRO.exe: 000016DC: 14:06:33 []:>--------------------------------------------------------------<
APP_FINANCEIRO.exe: 000016DC: 14:06:33 [TUniServerModule]:Server First Init.
APP_FINANCEIRO.exe: 000016DC: 14:06:33 [TUniServerModule]:Debug Mode = ON
APP_FINANCEIRO.exe: 000016DC: 14:06:33 [TUniServerModule]:Global Cache Folder Erased. <1> Files deleted.
APP_FINANCEIRO.exe: 000016DC: 14:06:33 [TUniServerModule]:Starting HTTP Server on Port: 8077...
APP_FINANCEIRO.exe: 000016DC: 14:06:33 [TUniServerModule]:HTTP Server Started on Port: 8077
APP_FINANCEIRO.exe: 00000698: 14:06:38 [192.168.25.137]:EUniSessionException : Invalid session or session Timeout. : Addr: $0079E029
APP_FINANCEIRO.exe: 00000DC8: 14:07:35 [192.168.25.137]:TDBXError : conversion error from string "ADMIN" : Addr: $0083F88A
APP_FINANCEIRO.exe: 00000734: 14:07:55 []:>--------------------------------------------------------------<
APP_FINANCEIRO.exe: 00000734: 14:07:55 [TUniServerModule]:Server First Init.
APP_FINANCEIRO.exe: 00000734: 14:07:55 [TUniServerModule]:Debug Mode = ON
APP_FINANCEIRO.exe: 00000734: 14:07:55 [TUniServerModule]:Global Cache Folder Erased. <4> Files deleted.
APP_FINANCEIRO.exe: 00000734: 14:07:55 [TUniServerModule]:Starting HTTP Server on Port: 8077...
APP_FINANCEIRO.exe: 00000734: 14:07:55 [TUniServerModule]:HTTP Server Started on Port: 8077
APP_FINANCEIRO.exe: 0000130C: 14:07:58 [192.168.25.137]:EUniSessionException : Invalid session or session Timeout. : Addr: $0079E029
APP_FINANCEIRO.exe: 000012F8: 14:08:55 [192.168.25.137]:TDBXError : conversion error from string "ADMIN" : Addr: $0083F88A
APP_FINANCEIRO.exe: 0000100C: 14:09:12 [192.168.25.137]:EDatabaseError : Field 'IDFUNC' must have a value : Addr: $006331F7
APP_FINANCEIRO.exe: 000017E4: 14:36:44 []:>--------------------------------------------------------------<
APP_FINANCEIRO.exe: 000017E4: 14:36:44 [TUniServerModule]:Server First Init.
APP_FINANCEIRO.exe: 000017E4: 14:36:44 [TUniServerModule]:Debug Mode = ON
APP_FINANCEIRO.exe: 000017E4: 14:36:44 [TUniServerModule]:Global Cache Folder Erased. <1> Files deleted.
APP_FINANCEIRO.exe: 000017E4: 14:36:44 [TUniServerModule]:Starting HTTP Server on Port: 8077...
APP_FINANCEIRO.exe: 000017E4: 14:36:44 [TUniServerModule]:HTTP Server Started on Port: 8077
APP_FINANCEIRO.exe: 00000504: 15:54:43 []:>--------------------------------------------------------------<
APP_FINANCEIRO.exe: 00000504: 15:54:43 [TUniServerModule]:Server First Init.
APP_FINANCEIRO.exe: 00000504: 15:54:43 [TUniServerModule]:Debug Mode = ON
APP_FINANCEIRO.exe: 00000504: 15:54:43 [TUniServerModule]:Global Cache Folder Erased. <4> Files deleted.
APP_FINANCEIRO.exe: 00000504: 15:54:43 [TUniServerModule]:Starting HTTP Server on Port: 8077...
APP_FINANCEIRO.exe: 00000504: 15:54:43 [TUniServerModule]:HTTP Server Started on Port: 8077
APP_FINANCEIRO.exe: 000014F8: 15:55:34 [192.168.25.137]:EDatabaseError : Field 'IDFUNC' not found : Addr: $006331F7
APP_FINANCEIRO.exe: 00000B8C: 15:58:14 []:>--------------------------------------------------------------<
APP_FINANCEIRO.exe: 00000B8C: 15:58:14 [TUniServerModule]:Server First Init.
APP_FINANCEIRO.exe: 00000B8C: 15:58:14 [TUniServerModule]:Debug Mode = ON
APP_FINANCEIRO.exe: 00000B8C: 15:58:14 [TUniServerModule]:Global Cache Folder Erased. <4> Files deleted.
APP_FINANCEIRO.exe: 00000B8C: 15:58:14 [TUniServerModule]:Starting HTTP Server on Port: 8077...
APP_FINANCEIRO.exe: 00000B8C: 15:58:14 [TUniServerModule]:HTTP Server Started on Port: 8077
APP_FINANCEIRO.exe: 0000041C: 15:58:19 [192.168.25.137]:EUniSessionException : Invalid session or session Timeout. : Addr: $0079E029
APP_FINANCEIRO.exe: 00000DBC: 16:02:42 []:>--------------------------------------------------------------<
APP_FINANCEIRO.exe: 00000DBC: 16:02:42 [TUniServerModule]:Server First Init.
APP_FINANCEIRO.exe: 00000DBC: 16:02:42 [TUniServerModule]:Debug Mode = ON
APP_FINANCEIRO.exe: 00000DBC: 16:02:42 [TUniServerModule]:Global Cache Folder Erased. <4> Files deleted.
APP_FINANCEIRO.exe: 00000DBC: 16:02:43 [TUniServerModule]:Starting HTTP Server on Port: 8077...
APP_FINANCEIRO.exe: 00000DBC: 16:02:43 [TUniServerModule]:HTTP Server Started on Port: 8077
APP_FINANCEIRO.exe: 00001348: 16:03:26 [192.168.25.137]:EDatabaseError : Field 'IDFUNC' not found : Addr: $006331F7
APP_FINANCEIRO.exe: 00000F30: 16:03:28 [192.168.25.137]:EDatabaseError : Field 'IDFUNC' must have a value : Addr: $006331F7
APP_FINANCEIRO.exe: 00001554: 16:04:35 []:>--------------------------------------------------------------<
APP_FINANCEIRO.exe: 00001554: 16:04:35 [TUniServerModule]:Server First Init.
APP_FINANCEIRO.exe: 00001554: 16:04:35 [TUniServerModule]:Debug Mode = ON
APP_FINANCEIRO.exe: 00001554: 16:04:35 [TUniServerModule]:Global Cache Folder Erased. <4> Files deleted.
APP_FINANCEIRO.exe: 00001554: 16:04:35 [TUniServerModule]:Starting HTTP Server on Port: 8077...
APP_FINANCEIRO.exe: 00001554: 16:04:35 [TUniServerModule]:HTTP Server Started on Port: 8077
APP_FINANCEIRO.exe: 0000100C: 16:04:39 [192.168.25.137]:EUniSessionException : Invalid session or session Timeout. : Addr: $0079E029
APP_FINANCEIRO.exe: 00001290: 16:04:42 [192.168.25.137]:EUniSessionException : Invalid session or session Timeout. : Addr: $0079E029
APP_FINANCEIRO.exe: 00000B50: 16:04:45 [192.168.25.137]:EUniSessionException : Invalid session or session Timeout. : Addr: $0079E029
APP_FINANCEIRO.exe: 000012EC: 16:05:09 [192.168.25.137]:EDatabaseError : Field 'IDFUNC' not found : Addr: $006331F7
APP_FINANCEIRO.exe: 00000D5C: 16:05:10 [192.168.25.137]:EDatabaseError : Field 'IDFUNC' must have a value : Addr: $006331F7
APP_FINANCEIRO.exe: 00000AB4: 16:05:45 []:>--------------------------------------------------------------<
APP_FINANCEIRO.exe: 00000AB4: 16:05:45 [TUniServerModule]:Server First Init.
APP_FINANCEIRO.exe: 00000AB4: 16:05:45 [TUniServerModule]:Debug Mode = ON
APP_FINANCEIRO.exe: 00000AB4: 16:05:45 [TUniServerModule]:Global Cache Folder Erased. <4> Files deleted.
APP_FINANCEIRO.exe: 00000AB4: 16:05:45 [TUniServerModule]:Starting HTTP Server on Port: 8077...
APP_FINANCEIRO.exe: 00000AB4: 16:05:45 [TUniServerModule]:HTTP Server Started on Port: 8077
APP_FINANCEIRO.exe: 00000A8C: 16:05:49 [192.168.25.137]:EUniSessionException : Invalid session or session Timeout. : Addr: $0079E029
APP_FINANCEIRO.exe: 00000218: 16:07:01 []:>--------------------------------------------------------------<
APP_FINANCEIRO.exe: 00000218: 16:07:01 [TUniServerModule]:Server First Init.
APP_FINANCEIRO.exe: 00000218: 16:07:01 [TUniServerModule]:Debug Mode = ON
APP_FINANCEIRO.exe: 00000218: 16:07:01 [TUniServerModule]:Global Cache Folder Erased. <4> Files deleted.
APP_FINANCEIRO.exe: 00000218: 16:07:01 [TUniServerModule]:Starting HTTP Server on Port: 8077...
APP_FINANCEIRO.exe: 00000218: 16:07:01 [TUniServerModule]:HTTP Server Started on Port: 8077
APP_FINANCEIRO.exe: 0000177C: 16:08:52 []:>--------------------------------------------------------------<
APP_FINANCEIRO.exe: 0000177C: 16:08:52 [TUniServerModule]:Server First Init.
APP_FINANCEIRO.exe: 0000177C: 16:08:52 [TUniServerModule]:Debug Mode = ON
APP_FINANCEIRO.exe: 0000177C: 16:08:52 [TUniServerModule]:Global Cache Folder Erased. <4> Files deleted.
APP_FINANCEIRO.exe: 0000177C: 16:08:52 [TUniServerModule]:Starting HTTP Server on Port: 8077...
APP_FINANCEIRO.exe: 0000177C: 16:08:52 [TUniServerModule]:HTTP Server Started on Port: 8077
APP_FINANCEIRO.exe: 000017D0: 16:09:10 []:>--------------------------------------------------------------<
APP_FINANCEIRO.exe: 000017D0: 16:09:10 [TUniServerModule]:Server First Init.
APP_FINANCEIRO.exe: 000017D0: 16:09:10 [TUniServerModule]:Debug Mode = ON
APP_FINANCEIRO.exe: 000017D0: 16:09:10 [TUniServerModule]:Global Cache Folder Erased. <2> Files deleted.
APP_FINANCEIRO.exe: 000017D0: 16:09:10 [TUniServerModule]:Starting HTTP Server on Port: 8077...
APP_FINANCEIRO.exe: 000017D0: 16:09:10 [TUniServerModule]:HTTP Server Started on Port: 8077
APP_FINANCEIRO.exe: 00000D60: 16:09:19 [192.168.25.137]:EUniSessionException : Invalid session or session Timeout. : Addr: $0079E029
APP_FINANCEIRO.exe: 000017BC: 16:12:00 []:>--------------------------------------------------------------<
APP_FINANCEIRO.exe: 000017BC: 16:12:00 [TUniServerModule]:Server First Init.
APP_FINANCEIRO.exe: 000017BC: 16:12:00 [TUniServerModule]:Debug Mode = ON
APP_FINANCEIRO.exe: 000017BC: 16:12:00 [TUniServerModule]:Global Cache Folder Erased. <4> Files deleted.
APP_FINANCEIRO.exe: 000017BC: 16:12:00 [TUniServerModule]:Starting HTTP Server on Port: 8077...
APP_FINANCEIRO.exe: 000017BC: 16:12:00 [TUniServerModule]:HTTP Server Started on Port: 8077
APP_FINANCEIRO.exe: 00000B0C: 16:12:17 []:>--------------------------------------------------------------<
APP_FINANCEIRO.exe: 00000B0C: 16:12:17 [TUniServerModule]:Server First Init.
APP_FINANCEIRO.exe: 00000B0C: 16:12:17 [TUniServerModule]:Debug Mode = ON
APP_FINANCEIRO.exe: 00000B0C: 16:12:17 [TUniServerModule]:Global Cache Folder Erased. <1> Files deleted.
APP_FINANCEIRO.exe: 00000B0C: 16:12:18 [TUniServerModule]:Starting HTTP Server on Port: 8077...
APP_FINANCEIRO.exe: 00000B0C: 16:12:18 [TUniServerModule]:HTTP Server Started on Port: 8077
APP_FINANCEIRO.exe: 00001434: 16:12:31 [192.168.25.137]:EUniSessionException : Invalid session or session Timeout. : Addr: $0079E029
APP_FINANCEIRO.exe: 00000FE0: 16:37:51 []:>--------------------------------------------------------------<
APP_FINANCEIRO.exe: 00000FE0: 16:37:51 [TUniServerModule]:Server First Init.
APP_FINANCEIRO.exe: 00000FE0: 16:37:51 [TUniServerModule]:Debug Mode = ON
APP_FINANCEIRO.exe: 00000FE0: 16:37:51 [TUniServerModule]:Global Cache Folder Erased. <4> Files deleted.
APP_FINANCEIRO.exe: 00000FE0: 16:37:51 [TUniServerModule]:Starting HTTP Server on Port: 8077...
APP_FINANCEIRO.exe: 00000FE0: 16:37:51 [TUniServerModule]:HTTP Server Started on Port: 8077
APP_FINANCEIRO.exe: 00001434: 16:38:06 [192.168.25.97]:EUniSessionException : Invalid session or session Timeout. : Addr: $0079E029
APP_FINANCEIRO.exe: 000012F8: 16:38:58 [192.168.25.97]:EDatabaseError : Field 'IDFUNC' must have a value : Addr: $006331F7
APP_FINANCEIRO.exe: 0000103C: 16:39:27 []:>--------------------------------------------------------------<
APP_FINANCEIRO.exe: 0000103C: 16:39:27 [TUniServerModule]:Server First Init.
APP_FINANCEIRO.exe: 0000103C: 16:39:27 [TUniServerModule]:Debug Mode = ON
APP_FINANCEIRO.exe: 0000103C: 16:39:27 [TUniServerModule]:Global Cache Folder Erased. <4> Files deleted.
APP_FINANCEIRO.exe: 0000103C: 16:39:27 [TUniServerModule]:Starting HTTP Server on Port: 8077...
APP_FINANCEIRO.exe: 0000103C: 16:39:27 [TUniServerModule]:HTTP Server Started on Port: 8077
APP_FINANCEIRO.exe: 00000658: 16:40:14 []:>--------------------------------------------------------------<
APP_FINANCEIRO.exe: 00000658: 16:40:14 [TUniServerModule]:Server First Init.
APP_FINANCEIRO.exe: 00000658: 16:40:14 [TUniServerModule]:Debug Mode = ON
APP_FINANCEIRO.exe: 00000658: 16:40:14 [TUniServerModule]:Global Cache Folder Erased. <1> Files deleted.
APP_FINANCEIRO.exe: 00000658: 16:40:14 [TUniServerModule]:Starting HTTP Server on Port: 8077...
APP_FINANCEIRO.exe: 00000658: 16:40:14 [TUniServerModule]:HTTP Server Started on Port: 8077
APP_FINANCEIRO.exe: 00001524: 16:40:17 [192.168.25.97]:EUniSessionException : Invalid session or session Timeout. : Addr: $0079E029
APP_FINANCEIRO.exe: 000001E0: 17:47:29 []:>--------------------------------------------------------------<
APP_FINANCEIRO.exe: 000001E0: 17:47:29 [TUniServerModule]:Server First Init.
APP_FINANCEIRO.exe: 000001E0: 17:47:29 [TUniServerModule]:Debug Mode = ON
APP_FINANCEIRO.exe: 000001E0: 17:47:29 [TUniServerModule]:Global Cache Folder Erased. <4> Files deleted.
APP_FINANCEIRO.exe: 000001E0: 17:47:29 [TUniServerModule]:Starting HTTP Server on Port: 8077...
APP_FINANCEIRO.exe: 000001E0: 17:47:29 [TUniServerModule]:HTTP Server Started on Port: 8077
APP_FINANCEIRO.exe: 00001768: 17:48:03 [192.168.25.97]:EUniSessionException : Invalid session or session Timeout. : Addr: $0079E029
APP_FINANCEIRO.exe: 00000554: 23:39:19 []:>--------------------------------------------------------------<
APP_FINANCEIRO.exe: 00000554: 23:39:19 [TUniServerModule]:Server First Init.
APP_FINANCEIRO.exe: 00000554: 23:39:19 [TUniServerModule]:Debug Mode = ON
APP_FINANCEIRO.exe: 00000554: 23:39:19 [TUniServerModule]:Global Cache Folder Erased. <1> Files deleted.
APP_FINANCEIRO.exe: 00000554: 23:39:19 [TUniServerModule]:Starting HTTP Server on Port: 8077...
APP_FINANCEIRO.exe: 00000554: 23:39:20 [TUniServerModule]:HTTP Server Started on Port: 8077
APP_FINANCEIRO.exe: 00000740: 23:41:21 [192.168.43.1]:EConvertError : Cannot assign a nil to a TFont : Addr: $004BBD1A
APP_FINANCEIRO.exe: 00000DAC: 23:42:32 []:>--------------------------------------------------------------<
APP_FINANCEIRO.exe: 00000DAC: 23:42:32 [TUniServerModule]:Server First Init.
APP_FINANCEIRO.exe: 00000DAC: 23:42:32 [TUniServerModule]:Debug Mode = ON
APP_FINANCEIRO.exe: 00000DAC: 23:42:32 [TUniServerModule]:Global Cache Folder Erased. <3> Files deleted.
APP_FINANCEIRO.exe: 00000DAC: 23:42:32 [TUniServerModule]:Starting HTTP Server on Port: 8077...
APP_FINANCEIRO.exe: 00000DAC: 23:42:32 [TUniServerModule]:HTTP Server Started on Port: 8077
APP_FINANCEIRO.exe: 000010AC: 23:45:05 []:>--------------------------------------------------------------<
APP_FINANCEIRO.exe: 000010AC: 23:45:05 [TUniServerModule]:Server First Init.
APP_FINANCEIRO.exe: 000010AC: 23:45:05 [TUniServerModule]:Debug Mode = ON
APP_FINANCEIRO.exe: 000010AC: 23:45:05 [TUniServerModule]:Global Cache Folder Erased. <5> Files deleted.
APP_FINANCEIRO.exe: 000010AC: 23:45:05 [TUniServerModule]:Starting HTTP Server on Port: 8077...
APP_FINANCEIRO.exe: 000010AC: 23:45:05 [TUniServerModule]:HTTP Server Started on Port: 8077
APP_FINANCEIRO.exe: 000014D4: 23:45:11 [192.168.43.1]:EUniSessionException : Invalid session or session Timeout. : Addr: $0079E1E1
APP_FINANCEIRO.exe: 00000B60: 23:58:18 []:>--------------------------------------------------------------<
APP_FINANCEIRO.exe: 00000B60: 23:58:18 [TUniServerModule]:Server First Init.
APP_FINANCEIRO.exe: 00000B60: 23:58:18 [TUniServerModule]:Debug Mode = ON
APP_FINANCEIRO.exe: 00000B60: 23:58:18 [TUniServerModule]:Global Cache Folder Erased. <5> Files deleted.
APP_FINANCEIRO.exe: 00000B60: 23:58:18 [TUniServerModule]:Starting HTTP Server on Port: 8077...
APP_FINANCEIRO.exe: 00000B60: 23:58:18 [TUniServerModule]:HTTP Server Started on Port: 8077
APP_FINANCEIRO.exe: 00001414: 23:58:52 []:>--------------------------------------------------------------<
APP_FINANCEIRO.exe: 00001414: 23:58:52 [TUniServerModule]:Server First Init.
APP_FINANCEIRO.exe: 00001414: 23:58:52 [TUniServerModule]:Debug Mode = ON
APP_FINANCEIRO.exe: 00001414: 23:58:52 [TUniServerModule]:Global Cache Folder Erased. <7> Files deleted.
APP_FINANCEIRO.exe: 00001414: 23:58:52 [TUniServerModule]:Starting HTTP Server on Port: 8077...
APP_FINANCEIRO.exe: 00001414: 23:58:52 [TUniServerModule]:HTTP Server Started on Port: 8077
APP_FINANCEIRO.exe: 00001640: 23:58:57 [192.168.43.1]:EUniSessionException : Invalid session or session Timeout. : Addr: $0079E1E1
