APP_FINANCEIRO.exe: 000018B0: 09:29:22 []:>--------------------------------------------------------------<
APP_FINANCEIRO.exe: 000018B0: 09:29:22 [TUniServerModule]:Server First Init.
APP_FINANCEIRO.exe: 000018B0: 09:29:22 [TUniServerModule]:Debug Mode = ON
APP_FINANCEIRO.exe: 000018B0: 09:29:22 [TUniServerModule]:Global Cache Folder Erased. <2> Files deleted.
APP_FINANCEIRO.exe: 000018B0: 09:29:22 [TUniServerModule]:Starting HTTP Server on Port: 8077...
APP_FINANCEIRO.exe: 000018B0: 09:29:22 [TUniServerModule]:HTTP Server Started on Port: 8077
APP_FINANCEIRO.exe: 000015CC: 09:30:05 []:>--------------------------------------------------------------<
APP_FINANCEIRO.exe: 000015CC: 09:30:05 [TUniServerModule]:Server First Init.
APP_FINANCEIRO.exe: 000015CC: 09:30:05 [TUniServerModule]:Debug Mode = ON
APP_FINANCEIRO.exe: 000015CC: 09:30:05 [TUniServerModule]:Global Cache Folder Erased. <2> Files deleted.
APP_FINANCEIRO.exe: 000015CC: 09:30:05 [TUniServerModule]:Starting HTTP Server on Port: 8077...
APP_FINANCEIRO.exe: 000015CC: 09:30:05 [TUniServerModule]:HTTP Server Started on Port: 8077
APP_FINANCEIRO.exe: 00001448: 10:01:57 []:>--------------------------------------------------------------<
APP_FINANCEIRO.exe: 00001448: 10:01:57 [TUniServerModule]:Server First Init.
APP_FINANCEIRO.exe: 00001448: 10:01:57 [TUniServerModule]:Debug Mode = ON
APP_FINANCEIRO.exe: 00001448: 10:01:57 [TUniServerModule]:Global Cache Folder Erased. <2> Files deleted.
APP_FINANCEIRO.exe: 00001448: 10:01:58 [TUniServerModule]:Starting HTTP Server on Port: 8077...
APP_FINANCEIRO.exe: 00001448: 10:01:58 [TUniServerModule]:HTTP Server Started on Port: 8077
APP_FINANCEIRO.exe: 00001BEC: 10:06:30 []:>--------------------------------------------------------------<
APP_FINANCEIRO.exe: 00001BEC: 10:06:30 [TUniServerModule]:Server First Init.
APP_FINANCEIRO.exe: 00001BEC: 10:06:30 [TUniServerModule]:Debug Mode = ON
APP_FINANCEIRO.exe: 00001BEC: 10:06:30 [TUniServerModule]:Global Cache Folder Erased. <2> Files deleted.
APP_FINANCEIRO.exe: 00001BEC: 10:06:30 [TUniServerModule]:Starting HTTP Server on Port: 8077...
APP_FINANCEIRO.exe: 00001BEC: 10:06:30 [TUniServerModule]:HTTP Server Started on Port: 8077
APP_FINANCEIRO.exe: 00000B70: 10:06:38 [127.0.0.1]:EUniSessionException : Invalid session or session Timeout. : Addr: $007B5F4A
APP_FINANCEIRO.exe: 00000D88: 10:07:33 [127.0.0.1]:EOleException : unknown ISC error 0 : Addr: $00929A4A
APP_FINANCEIRO.exe: 00001A9C: 10:07:35 [127.0.0.1]:EDatabaseError : QueryPlanos: Cannot perform this operation on an open dataset : Addr: $00677CE6
APP_FINANCEIRO.exe: 00001A2C: 10:08:20 []:>--------------------------------------------------------------<
APP_FINANCEIRO.exe: 00001A2C: 10:08:20 [TUniServerModule]:Server First Init.
APP_FINANCEIRO.exe: 00001A2C: 10:08:20 [TUniServerModule]:Debug Mode = ON
APP_FINANCEIRO.exe: 00001A2C: 10:08:20 [TUniServerModule]:Global Cache Folder Erased. <3> Files deleted.
APP_FINANCEIRO.exe: 00001A2C: 10:08:20 [TUniServerModule]:Starting HTTP Server on Port: 8077...
APP_FINANCEIRO.exe: 00001A2C: 10:08:20 [TUniServerModule]:HTTP Server Started on Port: 8077
APP_FINANCEIRO.exe: 000008D4: 10:08:53 [127.0.0.1]:EOleException : unknown ISC error 0 : Addr: $00929A4A
APP_FINANCEIRO.exe: 00001750: 10:09:18 []:>--------------------------------------------------------------<
APP_FINANCEIRO.exe: 00001750: 10:09:18 [TUniServerModule]:Server First Init.
APP_FINANCEIRO.exe: 00001750: 10:09:18 [TUniServerModule]:Debug Mode = ON
APP_FINANCEIRO.exe: 00001750: 10:09:18 [TUniServerModule]:Global Cache Folder Erased. <3> Files deleted.
APP_FINANCEIRO.exe: 00001750: 10:09:18 [TUniServerModule]:Starting HTTP Server on Port: 8077...
APP_FINANCEIRO.exe: 00001750: 10:09:18 [TUniServerModule]:HTTP Server Started on Port: 8077
APP_FINANCEIRO.exe: 00000510: 10:14:13 []:>--------------------------------------------------------------<
APP_FINANCEIRO.exe: 00000510: 10:14:13 [TUniServerModule]:Server First Init.
APP_FINANCEIRO.exe: 00000510: 10:14:13 [TUniServerModule]:Debug Mode = ON
APP_FINANCEIRO.exe: 00000510: 10:14:13 [TUniServerModule]:Global Cache Folder Erased. <2> Files deleted.
APP_FINANCEIRO.exe: 00000510: 10:14:13 [TUniServerModule]:Starting HTTP Server on Port: 8077...
APP_FINANCEIRO.exe: 00000510: 10:14:13 [TUniServerModule]:HTTP Server Started on Port: 8077
APP_FINANCEIRO.exe: 00000488: 10:14:17 [127.0.0.1]:EUniSessionException : Invalid session or session Timeout. : Addr: $007B5F4A
APP_FINANCEIRO.exe: 00000500: 10:57:06 [127.0.0.1]:EUniSessionException : Invalid session or session Timeout. : Addr: $007B5F4A
APP_FINANCEIRO.exe: 0000162C: 10:57:08 [127.0.0.1]:EUniSessionException : Invalid session or session Timeout. : Addr: $007B5F4A
APP_FINANCEIRO.exe: 0000194C: 10:57:10 [127.0.0.1]:EUniSessionException : Invalid session or session Timeout. : Addr: $007B5F4A
APP_FINANCEIRO.exe: 00001B54: 10:57:11 [127.0.0.1]:EUniSessionException : Invalid session or session Timeout. : Addr: $007B5F4A
APP_FINANCEIRO.exe: 00000B08: 10:57:12 [127.0.0.1]:EUniSessionException : Invalid session or session Timeout. : Addr: $007B5F4A
APP_FINANCEIRO.exe: 00000794: 10:57:13 [127.0.0.1]:EUniSessionException : Invalid session or session Timeout. : Addr: $007B5F4A
APP_FINANCEIRO.exe: 000019B8: 10:57:42 [127.0.0.1]:EUniSessionException : Invalid session or session Timeout. : Addr: $007B5F4A
APP_FINANCEIRO.exe: 000010E0: 10:58:02 []:>--------------------------------------------------------------<
APP_FINANCEIRO.exe: 000010E0: 10:58:02 [TUniServerModule]:Server First Init.
APP_FINANCEIRO.exe: 000010E0: 10:58:02 [TUniServerModule]:Debug Mode = ON
APP_FINANCEIRO.exe: 000010E0: 10:58:03 [TUniServerModule]:Starting HTTP Server on Port: 8077...
APP_FINANCEIRO.exe: 000010E0: 10:58:03 [TUniServerModule]:HTTP Server Started on Port: 8077
APP_FINANCEIRO.exe: 000019DC: 10:58:53 [127.0.0.1]:EDatabaseError : QryCaixaMov: Cannot perform this operation on an open dataset : Addr: $00677CE6
APP_FINANCEIRO.exe: 000008DC: 11:04:55 []:>--------------------------------------------------------------<
APP_FINANCEIRO.exe: 000008DC: 11:04:55 [TUniServerModule]:Server First Init.
APP_FINANCEIRO.exe: 000008DC: 11:04:55 [TUniServerModule]:Debug Mode = ON
APP_FINANCEIRO.exe: 000008DC: 11:04:55 [TUniServerModule]:Global Cache Folder Erased. <7> Files deleted.
APP_FINANCEIRO.exe: 000008DC: 11:04:55 [TUniServerModule]:Starting HTTP Server on Port: 8077...
APP_FINANCEIRO.exe: 000008DC: 11:04:55 [TUniServerModule]:HTTP Server Started on Port: 8077
APP_FINANCEIRO.exe: 00001BF4: 11:12:47 []:>--------------------------------------------------------------<
APP_FINANCEIRO.exe: 00001BF4: 11:12:47 [TUniServerModule]:Server First Init.
APP_FINANCEIRO.exe: 00001BF4: 11:12:47 [TUniServerModule]:Debug Mode = ON
APP_FINANCEIRO.exe: 00001BF4: 11:12:47 [TUniServerModule]:Global Cache Folder Erased. <3> Files deleted.
APP_FINANCEIRO.exe: 00001BF4: 11:12:47 [TUniServerModule]:Starting HTTP Server on Port: 8077...
APP_FINANCEIRO.exe: 00001BF4: 11:12:47 [TUniServerModule]:HTTP Server Started on Port: 8077
APP_FINANCEIRO.exe: 000014A0: 11:12:53 [127.0.0.1]:EUniSessionException : Invalid session or session Timeout. : Addr: $007B5F4A
APP_FINANCEIRO.exe: 0000085C: 11:13:45 []:>--------------------------------------------------------------<
APP_FINANCEIRO.exe: 0000085C: 11:13:45 [TUniServerModule]:Server First Init.
APP_FINANCEIRO.exe: 0000085C: 11:13:45 [TUniServerModule]:Debug Mode = ON
APP_FINANCEIRO.exe: 0000085C: 11:13:45 [TUniServerModule]:Global Cache Folder Erased. <3> Files deleted.
APP_FINANCEIRO.exe: 0000085C: 11:13:45 [TUniServerModule]:Starting HTTP Server on Port: 8077...
APP_FINANCEIRO.exe: 0000085C: 11:13:45 [TUniServerModule]:HTTP Server Started on Port: 8077
APP_FINANCEIRO.exe: 00001AE0: 11:13:47 [127.0.0.1]:EUniSessionException : Invalid session or session Timeout. : Addr: $007B5F4A
APP_FINANCEIRO.exe: 000012D0: 11:15:35 []:>--------------------------------------------------------------<
APP_FINANCEIRO.exe: 000012D0: 11:15:35 [TUniServerModule]:Server First Init.
APP_FINANCEIRO.exe: 000012D0: 11:15:35 [TUniServerModule]:Debug Mode = ON
APP_FINANCEIRO.exe: 000012D0: 11:15:35 [TUniServerModule]:Global Cache Folder Erased. <5> Files deleted.
APP_FINANCEIRO.exe: 000012D0: 11:15:35 [TUniServerModule]:Starting HTTP Server on Port: 8077...
APP_FINANCEIRO.exe: 000012D0: 11:15:35 [TUniServerModule]:HTTP Server Started on Port: 8077
APP_FINANCEIRO.exe: 000006F4: 11:15:40 [127.0.0.1]:EUniSessionException : Invalid session or session Timeout. : Addr: $007B5F4A
APP_FINANCEIRO.exe: 00001F80: 15:23:32 []:>--------------------------------------------------------------<
APP_FINANCEIRO.exe: 00001F80: 15:23:32 [TUniServerModule]:Server First Init.
APP_FINANCEIRO.exe: 00001F80: 15:23:32 [TUniServerModule]:Debug Mode = ON
APP_FINANCEIRO.exe: 00001F80: 15:23:33 [TUniServerModule]:Starting HTTP Server on Port: 8077...
APP_FINANCEIRO.exe: 00001F80: 15:23:34 [TUniServerModule]:HTTP Server Started on Port: 8077
APP_FINANCEIRO.exe: 00001434: 15:27:09 [127.0.0.1]:EConvertError : '' is not a valid floating point value : Addr: $004274C6
APP_FINANCEIRO.exe: 00000B34: 15:28:14 []:>--------------------------------------------------------------<
APP_FINANCEIRO.exe: 00000B34: 15:28:14 [TUniServerModule]:Server First Init.
APP_FINANCEIRO.exe: 00000B34: 15:28:14 [TUniServerModule]:Debug Mode = ON
APP_FINANCEIRO.exe: 00000B34: 15:28:14 [TUniServerModule]:Global Cache Folder Erased. <2> Files deleted.
APP_FINANCEIRO.exe: 00000B34: 15:28:14 [TUniServerModule]:Starting HTTP Server on Port: 8077...
APP_FINANCEIRO.exe: 00000B34: 15:28:14 [TUniServerModule]:HTTP Server Started on Port: 8077
APP_FINANCEIRO.exe: 00000A80: 15:28:51 [127.0.0.1]:EConvertError : '' is not a valid floating point value : Addr: $004274C6
APP_FINANCEIRO.exe: 000014B4: 15:29:35 []:>--------------------------------------------------------------<
APP_FINANCEIRO.exe: 000014B4: 15:29:35 [TUniServerModule]:Server First Init.
APP_FINANCEIRO.exe: 000014B4: 15:29:35 [TUniServerModule]:Debug Mode = ON
APP_FINANCEIRO.exe: 000014B4: 15:29:35 [TUniServerModule]:Global Cache Folder Erased. <2> Files deleted.
APP_FINANCEIRO.exe: 000014B4: 15:29:35 [TUniServerModule]:Starting HTTP Server on Port: 8077...
APP_FINANCEIRO.exe: 000014B4: 15:29:36 [TUniServerModule]:HTTP Server Started on Port: 8077
APP_FINANCEIRO.exe: 00001D94: 15:30:05 []:>--------------------------------------------------------------<
APP_FINANCEIRO.exe: 00001D94: 15:30:05 [TUniServerModule]:Server First Init.
APP_FINANCEIRO.exe: 00001D94: 15:30:05 [TUniServerModule]:Debug Mode = ON
APP_FINANCEIRO.exe: 00001D94: 15:30:05 [TUniServerModule]:Starting HTTP Server on Port: 8077...
APP_FINANCEIRO.exe: 00001D94: 15:30:05 [TUniServerModule]:HTTP Server Started on Port: 8077
APP_FINANCEIRO.exe: 00001888: 15:39:15 [127.0.0.1]:EUniSessionException : Invalid session or session Timeout. : Addr: $007B5F4A
APP_FINANCEIRO.exe: 00001ABC: 15:40:47 []:>--------------------------------------------------------------<
APP_FINANCEIRO.exe: 00001ABC: 15:40:47 [TUniServerModule]:Server First Init.
APP_FINANCEIRO.exe: 00001ABC: 15:40:47 [TUniServerModule]:Debug Mode = ON
APP_FINANCEIRO.exe: 00001ABC: 15:40:47 [TUniServerModule]:Global Cache Folder Erased. <2> Files deleted.
APP_FINANCEIRO.exe: 00001ABC: 15:40:47 [TUniServerModule]:Starting HTTP Server on Port: 8077...
APP_FINANCEIRO.exe: 00001ABC: 15:40:47 [TUniServerModule]:HTTP Server Started on Port: 8077
APP_FINANCEIRO.exe: 00001FBC: 16:10:57 []:>--------------------------------------------------------------<
APP_FINANCEIRO.exe: 00001FBC: 16:10:57 [TUniServerModule]:Server First Init.
APP_FINANCEIRO.exe: 00001FBC: 16:10:57 [TUniServerModule]:Debug Mode = ON
APP_FINANCEIRO.exe: 00001FBC: 16:10:58 [TUniServerModule]:Starting HTTP Server on Port: 8077...
APP_FINANCEIRO.exe: 00001FBC: 16:10:58 [TUniServerModule]:HTTP Server Started on Port: 8077
APP_FINANCEIRO.exe: 00000728: 16:48:58 []:>--------------------------------------------------------------<
APP_FINANCEIRO.exe: 00000728: 16:48:58 [TUniServerModule]:Server First Init.
APP_FINANCEIRO.exe: 00000728: 16:48:58 [TUniServerModule]:Debug Mode = ON
APP_FINANCEIRO.exe: 00000728: 16:48:58 [TUniServerModule]:Starting HTTP Server on Port: 8077...
APP_FINANCEIRO.exe: 00000728: 16:48:58 [TUniServerModule]:HTTP Server Started on Port: 8077
APP_FINANCEIRO.exe: 00001C80: 17:25:32 []:>--------------------------------------------------------------<
APP_FINANCEIRO.exe: 00001C80: 17:25:32 [TUniServerModule]:Server First Init.
APP_FINANCEIRO.exe: 00001C80: 17:25:32 [TUniServerModule]:Debug Mode = ON
APP_FINANCEIRO.exe: 00001C80: 17:25:32 [TUniServerModule]:Global Cache Folder Erased. <2> Files deleted.
APP_FINANCEIRO.exe: 00001C80: 17:25:32 [TUniServerModule]:Starting HTTP Server on Port: 8077...
APP_FINANCEIRO.exe: 00001C80: 17:25:32 [TUniServerModule]:HTTP Server Started on Port: 8077
APP_FINANCEIRO.exe: 00001A1C: 17:25:36 [127.0.0.1]:EUniSessionException : Invalid session or session Timeout. : Addr: $007B5F4A
APP_FINANCEIRO.exe: 0000174C: 17:29:36 [HandleFileRequest[192.168.25.99]]:File not found: C:\SISTEMA ETICA\Win32\Debug\favicon.ico
APP_FINANCEIRO.exe: 00001BE8: 17:31:43 [192.168.25.99]:EDatabaseError : DataSetCaixaMov: Dataset not in edit or insert mode : Addr: $00677CE6
APP_FINANCEIRO.exe: 00001798: 17:40:46 []:>--------------------------------------------------------------<
APP_FINANCEIRO.exe: 00001798: 17:40:46 [TUniServerModule]:Server First Init.
APP_FINANCEIRO.exe: 00001798: 17:40:46 [TUniServerModule]:Debug Mode = ON
APP_FINANCEIRO.exe: 00001798: 17:40:46 [TUniServerModule]:Global Cache Folder Erased. <2> Files deleted.
APP_FINANCEIRO.exe: 00001798: 17:40:46 [TUniServerModule]:Starting HTTP Server on Port: 8077...
APP_FINANCEIRO.exe: 00001798: 17:40:47 [TUniServerModule]:HTTP Server Started on Port: 8077
APP_FINANCEIRO.exe: 00001DA8: 17:40:54 [127.0.0.1]:EUniSessionException : Invalid session or session Timeout. : Addr: $007B5F4A
APP_FINANCEIRO.exe: 00001584: 17:52:52 []:>--------------------------------------------------------------<
APP_FINANCEIRO.exe: 00001584: 17:52:52 [TUniServerModule]:Server First Init.
APP_FINANCEIRO.exe: 00001584: 17:52:52 [TUniServerModule]:Debug Mode = ON
APP_FINANCEIRO.exe: 00001584: 17:52:52 [TUniServerModule]:Global Cache Folder Erased. <5> Files deleted.
APP_FINANCEIRO.exe: 00001584: 17:52:52 [TUniServerModule]:Starting HTTP Server on Port: 8077...
APP_FINANCEIRO.exe: 00001584: 17:52:52 [TUniServerModule]:HTTP Server Started on Port: 8077
APP_FINANCEIRO.exe: 00001CE8: 18:02:45 []:>--------------------------------------------------------------<
APP_FINANCEIRO.exe: 00001CE8: 18:02:45 [TUniServerModule]:Server First Init.
APP_FINANCEIRO.exe: 00001CE8: 18:02:45 [TUniServerModule]:Debug Mode = ON
APP_FINANCEIRO.exe: 00001CE8: 18:02:45 [TUniServerModule]:Global Cache Folder Erased. <2> Files deleted.
APP_FINANCEIRO.exe: 00001CE8: 18:02:45 [TUniServerModule]:Starting HTTP Server on Port: 8077...
APP_FINANCEIRO.exe: 00001CE8: 18:02:45 [TUniServerModule]:HTTP Server Started on Port: 8077
APP_FINANCEIRO.exe: 00001B30: 18:03:35 [127.0.0.1]:EConvertError : '' is not a valid floating point value : Addr: $004274C6
APP_FINANCEIRO.exe: 000018FC: 18:04:27 []:>--------------------------------------------------------------<
APP_FINANCEIRO.exe: 000018FC: 18:04:27 [TUniServerModule]:Server First Init.
APP_FINANCEIRO.exe: 000018FC: 18:04:27 [TUniServerModule]:Debug Mode = ON
APP_FINANCEIRO.exe: 000018FC: 18:04:27 [TUniServerModule]:Global Cache Folder Erased. <6> Files deleted.
APP_FINANCEIRO.exe: 000018FC: 18:04:27 [TUniServerModule]:Starting HTTP Server on Port: 8077...
APP_FINANCEIRO.exe: 000018FC: 18:04:27 [TUniServerModule]:HTTP Server Started on Port: 8077
APP_FINANCEIRO.exe: 00001D90: 18:06:50 [127.0.0.1]:EDatabaseError : '1.000' is not a valid floating point value for field 'VALOR' : Addr: $00677CFB
APP_FINANCEIRO.exe: 00000CD0: 18:06:52 [127.0.0.1]:EDatabaseError : '10.000' is not a valid floating point value for field 'VALOR' : Addr: $00677CFB
APP_FINANCEIRO.exe: 00000EC8: 21:20:43 []:>--------------------------------------------------------------<
APP_FINANCEIRO.exe: 00000EC8: 21:20:43 [TUniServerModule]:Server First Init.
APP_FINANCEIRO.exe: 00000EC8: 21:20:43 [TUniServerModule]:Debug Mode = ON
APP_FINANCEIRO.exe: 00000EC8: 21:20:43 [TUniServerModule]:Global Cache Folder Erased. <6> Files deleted.
APP_FINANCEIRO.exe: 00000EC8: 21:20:43 [TUniServerModule]:Starting HTTP Server on Port: 8077...
APP_FINANCEIRO.exe: 00000EC8: 21:20:44 [TUniServerModule]:HTTP Server Started on Port: 8077
APP_FINANCEIRO.exe: 000014F0: 21:21:47 [127.0.0.1]:EDatabaseError : '1.000' is not a valid floating point value for field 'VALOR' : Addr: $00677CFB
APP_FINANCEIRO.exe: 00001958: 21:22:07 [127.0.0.1]:EDatabaseError : '1.000' is not a valid floating point value for field 'VALOR' : Addr: $00677CFB
APP_FINANCEIRO.exe: 00001274: 21:22:09 [127.0.0.1]:EDatabaseError : '1.000' is not a valid floating point value for field 'VALOR' : Addr: $00677CFB
APP_FINANCEIRO.exe: 00001858: 21:34:55 []:>--------------------------------------------------------------<
APP_FINANCEIRO.exe: 00001858: 21:34:55 [TUniServerModule]:Server First Init.
APP_FINANCEIRO.exe: 00001858: 21:34:55 [TUniServerModule]:Debug Mode = ON
APP_FINANCEIRO.exe: 00001858: 21:34:55 [TUniServerModule]:Global Cache Folder Erased. <7> Files deleted.
APP_FINANCEIRO.exe: 00001858: 21:34:56 [TUniServerModule]:Starting HTTP Server on Port: 8077...
APP_FINANCEIRO.exe: 00001858: 21:34:56 [TUniServerModule]:HTTP Server Started on Port: 8077
APP_FINANCEIRO.exe: 0000194C: 21:35:00 [127.0.0.1]:EUniSessionException : Invalid session or session Timeout. : Addr: $007B5F4A
