APP_FINANCEIRO.exe: 00000B30: 13:33:17 []:>--------------------------------------------------------------<
APP_FINANCEIRO.exe: 00000B30: 13:33:17 [TUniServerModule]:Server First Init.
APP_FINANCEIRO.exe: 00000B30: 13:33:17 [TUniServerModule]:Debug Mode = ON
APP_FINANCEIRO.exe: 00000B30: 13:33:17 [TUniServerModule]:Global Cache Folder Erased. <1> Files deleted.
APP_FINANCEIRO.exe: 00000B30: 13:33:17 [TUniServerModule]:Starting HTTP Server on Port: 8077...
APP_FINANCEIRO.exe: 00000B30: 13:33:17 [TUniServerModule]:HTTP Server Started on Port: 8077
APP_FINANCEIRO.exe: 00001758: 13:39:59 []:>--------------------------------------------------------------<
APP_FINANCEIRO.exe: 00001758: 13:39:59 [TUniServerModule]:Server First Init.
APP_FINANCEIRO.exe: 00001758: 13:39:59 [TUniServerModule]:Debug Mode = ON
APP_FINANCEIRO.exe: 00001758: 13:39:59 [TUniServerModule]:Global Cache Folder Erased. <4> Files deleted.
APP_FINANCEIRO.exe: 00001758: 13:39:59 [TUniServerModule]:Starting HTTP Server on Port: 8077...
APP_FINANCEIRO.exe: 00001758: 13:39:59 [TUniServerModule]:HTTP Server Started on Port: 8077
APP_FINANCEIRO.exe: 00000B50: 13:42:04 []:>--------------------------------------------------------------<
APP_FINANCEIRO.exe: 00000B50: 13:42:04 [TUniServerModule]:Server First Init.
APP_FINANCEIRO.exe: 00000B50: 13:42:04 [TUniServerModule]:Debug Mode = ON
APP_FINANCEIRO.exe: 00000B50: 13:42:04 [TUniServerModule]:Global Cache Folder Erased. <4> Files deleted.
APP_FINANCEIRO.exe: 00000B50: 13:42:04 [TUniServerModule]:Starting HTTP Server on Port: 8077...
APP_FINANCEIRO.exe: 00000B50: 13:42:05 [TUniServerModule]:HTTP Server Started on Port: 8077
APP_FINANCEIRO.exe: 0000048C: 13:43:07 []:>--------------------------------------------------------------<
APP_FINANCEIRO.exe: 0000048C: 13:43:07 [TUniServerModule]:Server First Init.
APP_FINANCEIRO.exe: 0000048C: 13:43:07 [TUniServerModule]:Debug Mode = ON
APP_FINANCEIRO.exe: 0000048C: 13:43:07 [TUniServerModule]:Global Cache Folder Erased. <4> Files deleted.
APP_FINANCEIRO.exe: 0000048C: 13:43:07 [TUniServerModule]:Starting HTTP Server on Port: 8077...
APP_FINANCEIRO.exe: 0000048C: 13:43:07 [TUniServerModule]:HTTP Server Started on Port: 8077
APP_FINANCEIRO.exe: 00001384: 13:43:21 [192.168.25.89]:EUniSessionException : Invalid session or session Timeout. : Addr: $0079D7DD
APP_FINANCEIRO.exe: 00001060: 13:53:36 []:>--------------------------------------------------------------<
APP_FINANCEIRO.exe: 00001060: 13:53:36 [TUniServerModule]:Server First Init.
APP_FINANCEIRO.exe: 00001060: 13:53:36 [TUniServerModule]:Debug Mode = ON
APP_FINANCEIRO.exe: 00001060: 13:53:36 [TUniServerModule]:Global Cache Folder Erased. <4> Files deleted.
APP_FINANCEIRO.exe: 00001060: 13:53:36 [TUniServerModule]:Starting HTTP Server on Port: 8077...
APP_FINANCEIRO.exe: 00001060: 13:53:36 [TUniServerModule]:HTTP Server Started on Port: 8077
APP_FINANCEIRO.exe: 000012E8: 13:53:47 [192.168.25.89]:EUniSessionException : Invalid session or session Timeout. : Addr: $0079D7DD
APP_FINANCEIRO.exe: 00001410: 13:54:04 [192.168.25.89]:TDBXError : Column unknown
C
At line 1, column 123 : Addr: $0083EFFA
APP_FINANCEIRO.exe: 00000734: 13:56:54 []:>--------------------------------------------------------------<
APP_FINANCEIRO.exe: 00000734: 13:56:54 [TUniServerModule]:Server First Init.
APP_FINANCEIRO.exe: 00000734: 13:56:54 [TUniServerModule]:Debug Mode = ON
APP_FINANCEIRO.exe: 00000734: 13:56:54 [TUniServerModule]:Global Cache Folder Erased. <4> Files deleted.
APP_FINANCEIRO.exe: 00000734: 13:56:54 [TUniServerModule]:Starting HTTP Server on Port: 8077...
APP_FINANCEIRO.exe: 00000734: 13:56:54 [TUniServerModule]:HTTP Server Started on Port: 8077
APP_FINANCEIRO.exe: 000012C4: 13:56:59 [192.168.25.89]:EUniSessionException : Invalid session or session Timeout. : Addr: $0079D7DD
APP_FINANCEIRO.exe: 00000B2C: 13:57:16 [192.168.25.89]:TDBXError : Unexpected end of command - line 1, column 123 : Addr: $0083EFFA
APP_FINANCEIRO.exe: 00001280: 13:57:44 []:>--------------------------------------------------------------<
APP_FINANCEIRO.exe: 00001280: 13:57:44 [TUniServerModule]:Server First Init.
APP_FINANCEIRO.exe: 00001280: 13:57:44 [TUniServerModule]:Debug Mode = ON
APP_FINANCEIRO.exe: 00001280: 13:57:44 [TUniServerModule]:Global Cache Folder Erased. <4> Files deleted.
APP_FINANCEIRO.exe: 00001280: 13:57:44 [TUniServerModule]:Starting HTTP Server on Port: 8077...
APP_FINANCEIRO.exe: 00001280: 13:57:45 [TUniServerModule]:HTTP Server Started on Port: 8077
APP_FINANCEIRO.exe: 000014CC: 14:13:05 []:>--------------------------------------------------------------<
APP_FINANCEIRO.exe: 000014CC: 14:13:05 [TUniServerModule]:Server First Init.
APP_FINANCEIRO.exe: 000014CC: 14:13:05 [TUniServerModule]:Debug Mode = ON
APP_FINANCEIRO.exe: 000014CC: 14:13:05 [TUniServerModule]:Global Cache Folder Erased. <1> Files deleted.
APP_FINANCEIRO.exe: 000014CC: 14:13:05 [TUniServerModule]:Starting HTTP Server on Port: 8077...
APP_FINANCEIRO.exe: 000014CC: 14:13:05 [TUniServerModule]:HTTP Server Started on Port: 8077
APP_FINANCEIRO.exe: 0000111C: 14:13:10 [192.168.25.89]:EUniSessionException : Invalid session or session Timeout. : Addr: $0079D7DD
APP_FINANCEIRO.exe: 00000344: 14:13:35 [192.168.25.89]:TDBXError : Unexpected end of command - line 1, column 123 : Addr: $0083EFFA
APP_FINANCEIRO.exe: 00000DA0: 14:14:13 [192.168.25.89]:TDBXError : Unexpected end of command - line 1, column 123 : Addr: $0083EFFA
APP_FINANCEIRO.exe: 00000F28: 14:15:29 []:>--------------------------------------------------------------<
APP_FINANCEIRO.exe: 00000F28: 14:15:29 [TUniServerModule]:Server First Init.
APP_FINANCEIRO.exe: 00000F28: 14:15:29 [TUniServerModule]:Debug Mode = ON
APP_FINANCEIRO.exe: 00000F28: 14:15:29 [TUniServerModule]:Global Cache Folder Erased. <4> Files deleted.
APP_FINANCEIRO.exe: 00000F28: 14:15:29 [TUniServerModule]:Starting HTTP Server on Port: 8077...
APP_FINANCEIRO.exe: 00000F28: 14:15:29 [TUniServerModule]:HTTP Server Started on Port: 8077
APP_FINANCEIRO.exe: 000008FC: 14:15:31 [192.168.25.89]:EUniSessionException : Invalid session or session Timeout. : Addr: $0079D7DD
APP_FINANCEIRO.exe: 0000111C: 14:16:08 [192.168.25.89]:TDBXError : Unexpected end of command - line 1, column 123 : Addr: $0083EFFA
APP_FINANCEIRO.exe: 000016F4: 14:16:30 [192.168.25.89]:TDBXError : Unexpected end of command - line 1, column 123 : Addr: $0083EFFA
APP_FINANCEIRO.exe: 0000110C: 14:17:44 []:>--------------------------------------------------------------<
APP_FINANCEIRO.exe: 0000110C: 14:17:44 [TUniServerModule]:Server First Init.
APP_FINANCEIRO.exe: 0000110C: 14:17:44 [TUniServerModule]:Debug Mode = ON
APP_FINANCEIRO.exe: 0000110C: 14:17:44 [TUniServerModule]:Global Cache Folder Erased. <4> Files deleted.
APP_FINANCEIRO.exe: 0000110C: 14:17:44 [TUniServerModule]:Starting HTTP Server on Port: 8077...
APP_FINANCEIRO.exe: 0000110C: 14:17:44 [TUniServerModule]:HTTP Server Started on Port: 8077
