APP_FINANCEIRO.exe: 00000D54: 00:01:58 []:>--------------------------------------------------------------<
APP_FINANCEIRO.exe: 00000D54: 00:01:58 [TUniServerModule]:Server First Init.
APP_FINANCEIRO.exe: 00000D54: 00:01:58 [TUniServerModule]:Debug Mode = ON
APP_FINANCEIRO.exe: 00000D54: 00:01:58 [TUniServerModule]:Starting HTTP Server on Port: 8077...
APP_FINANCEIRO.exe: 00000D54: 00:01:58 [TUniServerModule]:HTTP Server Started on Port: 8077
APP_FINANCEIRO.exe: 00001768: 00:02:23 [192.168.43.251]:EUniSessionException : Invalid session or session Timeout. : Addr: $0079CFCE
APP_FINANCEIRO.exe: 000014C8: 00:04:28 []:>--------------------------------------------------------------<
APP_FINANCEIRO.exe: 000014C8: 00:04:28 [TUniServerModule]:Server First Init.
APP_FINANCEIRO.exe: 000014C8: 00:04:28 [TUniServerModule]:Debug Mode = ON
APP_FINANCEIRO.exe: 000014C8: 00:04:28 [TUniServerModule]:Global Cache Folder Erased. <3> Files deleted.
APP_FINANCEIRO.exe: 000014C8: 00:04:28 [TUniServerModule]:Starting HTTP Server on Port: 8077...
APP_FINANCEIRO.exe: 000014C8: 00:04:28 [TUniServerModule]:HTTP Server Started on Port: 8077
APP_FINANCEIRO.exe: 00001BD8: 00:04:30 [192.168.43.251]:EUniSessionException : Invalid session or session Timeout. : Addr: $0079CFCE
APP_FINANCEIRO.exe: 000015E8: 00:06:38 []:>--------------------------------------------------------------<
APP_FINANCEIRO.exe: 000015E8: 00:06:38 [TUniServerModule]:Server First Init.
APP_FINANCEIRO.exe: 000015E8: 00:06:38 [TUniServerModule]:Debug Mode = ON
APP_FINANCEIRO.exe: 000015E8: 00:06:38 [TUniServerModule]:Global Cache Folder Erased. <14> Files deleted.
APP_FINANCEIRO.exe: 000015E8: 00:06:38 [TUniServerModule]:Starting HTTP Server on Port: 8077...
APP_FINANCEIRO.exe: 000015E8: 00:06:38 [TUniServerModule]:HTTP Server Started on Port: 8077
APP_FINANCEIRO.exe: 0000158C: 00:12:07 []:>--------------------------------------------------------------<
APP_FINANCEIRO.exe: 0000158C: 00:12:07 [TUniServerModule]:Server First Init.
APP_FINANCEIRO.exe: 0000158C: 00:12:07 [TUniServerModule]:Debug Mode = ON
APP_FINANCEIRO.exe: 0000158C: 00:12:07 [TUniServerModule]:Global Cache Folder Erased. <4> Files deleted.
APP_FINANCEIRO.exe: 0000158C: 00:12:07 [TUniServerModule]:Starting HTTP Server on Port: 8077...
APP_FINANCEIRO.exe: 0000158C: 00:12:08 [TUniServerModule]:HTTP Server Started on Port: 8077
APP_FINANCEIRO.exe: 00001A78: 00:12:10 [192.168.43.251]:EUniSessionException : Invalid session or session Timeout. : Addr: $0079CFCE
APP_FINANCEIRO.exe: 00001040: 00:14:27 []:>--------------------------------------------------------------<
APP_FINANCEIRO.exe: 00001040: 00:14:27 [TUniServerModule]:Server First Init.
APP_FINANCEIRO.exe: 00001040: 00:14:27 [TUniServerModule]:Debug Mode = ON
APP_FINANCEIRO.exe: 00001040: 00:14:27 [TUniServerModule]:Global Cache Folder Erased. <6> Files deleted.
APP_FINANCEIRO.exe: 00001040: 00:14:27 [TUniServerModule]:Starting HTTP Server on Port: 8077...
APP_FINANCEIRO.exe: 00001040: 00:14:28 [TUniServerModule]:HTTP Server Started on Port: 8077
APP_FINANCEIRO.exe: 0000129C: 00:14:50 [192.168.43.251]:EDatabaseError : SQLQuery1: Cannot perform this operation on a closed dataset : Addr: $00632E02
APP_FINANCEIRO.exe: 00000A20: 00:15:14 []:>--------------------------------------------------------------<
APP_FINANCEIRO.exe: 00000A20: 00:15:14 [TUniServerModule]:Server First Init.
APP_FINANCEIRO.exe: 00000A20: 00:15:14 [TUniServerModule]:Debug Mode = ON
APP_FINANCEIRO.exe: 00000A20: 00:15:14 [TUniServerModule]:Global Cache Folder Erased. <3> Files deleted.
APP_FINANCEIRO.exe: 00000A20: 00:15:14 [TUniServerModule]:Starting HTTP Server on Port: 8077...
APP_FINANCEIRO.exe: 00000A20: 00:15:14 [TUniServerModule]:HTTP Server Started on Port: 8077
APP_FINANCEIRO.exe: 00001BDC: 00:15:17 [192.168.43.251]:EUniSessionException : Invalid session or session Timeout. : Addr: $0079CFCE
APP_FINANCEIRO.exe: 00000F00: 00:17:12 []:>--------------------------------------------------------------<
APP_FINANCEIRO.exe: 00000F00: 00:17:12 [TUniServerModule]:Server First Init.
APP_FINANCEIRO.exe: 00000F00: 00:17:12 [TUniServerModule]:Debug Mode = ON
APP_FINANCEIRO.exe: 00000F00: 00:17:12 [TUniServerModule]:Global Cache Folder Erased. <4> Files deleted.
APP_FINANCEIRO.exe: 00000F00: 00:17:12 [TUniServerModule]:Starting HTTP Server on Port: 8077...
APP_FINANCEIRO.exe: 00000F00: 00:17:12 [TUniServerModule]:HTTP Server Started on Port: 8077
APP_FINANCEIRO.exe: 000019C4: 00:17:15 [192.168.43.251]:EUniSessionException : Invalid session or session Timeout. : Addr: $0079CFCE
APP_FINANCEIRO.exe: 00000DE0: 00:22:13 []:>--------------------------------------------------------------<
APP_FINANCEIRO.exe: 00000DE0: 00:22:13 [TUniServerModule]:Server First Init.
APP_FINANCEIRO.exe: 00000DE0: 00:22:13 [TUniServerModule]:Debug Mode = ON
APP_FINANCEIRO.exe: 00000DE0: 00:22:13 [TUniServerModule]:Global Cache Folder Erased. <9> Files deleted.
APP_FINANCEIRO.exe: 00000DE0: 00:22:13 [TUniServerModule]:Starting HTTP Server on Port: 8077...
APP_FINANCEIRO.exe: 00000DE0: 00:22:13 [TUniServerModule]:HTTP Server Started on Port: 8077
APP_FINANCEIRO.exe: 0000031C: 00:22:17 [192.168.43.251]:EUniSessionException : Invalid session or session Timeout. : Addr: $0079CFCE
APP_FINANCEIRO.exe: 0000154C: 00:23:37 []:>--------------------------------------------------------------<
APP_FINANCEIRO.exe: 0000154C: 00:23:37 [TUniServerModule]:Server First Init.
APP_FINANCEIRO.exe: 0000154C: 00:23:37 [TUniServerModule]:Debug Mode = ON
APP_FINANCEIRO.exe: 0000154C: 00:23:37 [TUniServerModule]:Global Cache Folder Erased. <3> Files deleted.
APP_FINANCEIRO.exe: 0000154C: 00:23:37 [TUniServerModule]:Starting HTTP Server on Port: 8077...
APP_FINANCEIRO.exe: 0000154C: 00:23:37 [TUniServerModule]:HTTP Server Started on Port: 8077
APP_FINANCEIRO.exe: 000018F0: 00:23:41 [192.168.43.251]:EUniSessionException : Invalid session or session Timeout. : Addr: $0079CFCE
APP_FINANCEIRO.exe: 00001A00: 00:28:31 []:>--------------------------------------------------------------<
APP_FINANCEIRO.exe: 00001A00: 00:28:31 [TUniServerModule]:Server First Init.
APP_FINANCEIRO.exe: 00001A00: 00:28:31 [TUniServerModule]:Debug Mode = ON
APP_FINANCEIRO.exe: 00001A00: 00:28:31 [TUniServerModule]:Global Cache Folder Erased. <6> Files deleted.
APP_FINANCEIRO.exe: 00001A00: 00:28:31 [TUniServerModule]:Starting HTTP Server on Port: 8077...
APP_FINANCEIRO.exe: 00001A00: 00:28:31 [TUniServerModule]:HTTP Server Started on Port: 8077
APP_FINANCEIRO.exe: 000018F0: 09:05:05 []:>--------------------------------------------------------------<
APP_FINANCEIRO.exe: 000018F0: 09:05:05 [TUniServerModule]:Server First Init.
APP_FINANCEIRO.exe: 000018F0: 09:05:05 [TUniServerModule]:Debug Mode = ON
APP_FINANCEIRO.exe: 000018F0: 09:05:06 [TUniServerModule]:Starting HTTP Server on Port: 8077...
APP_FINANCEIRO.exe: 000018F0: 09:05:06 [TUniServerModule]:HTTP Server Started on Port: 8077
APP_FINANCEIRO.exe: 000002A4: 09:06:52 []:>--------------------------------------------------------------<
APP_FINANCEIRO.exe: 000002A4: 09:06:52 [TUniServerModule]:Server First Init.
APP_FINANCEIRO.exe: 000002A4: 09:06:52 [TUniServerModule]:Debug Mode = ON
APP_FINANCEIRO.exe: 000002A4: 09:06:52 [TUniServerModule]:Global Cache Folder Erased. <4> Files deleted.
APP_FINANCEIRO.exe: 000002A4: 09:06:52 [TUniServerModule]:Starting HTTP Server on Port: 8077...
APP_FINANCEIRO.exe: 000002A4: 09:06:52 [TUniServerModule]:HTTP Server Started on Port: 8077
APP_FINANCEIRO.exe: 00001B2C: 09:06:57 [192.168.25.97]:EUniSessionException : Invalid session or session Timeout. : Addr: $0079CFCE
APP_FINANCEIRO.exe: 000000C8: 09:08:03 []:>--------------------------------------------------------------<
APP_FINANCEIRO.exe: 000000C8: 09:08:03 [TUniServerModule]:Server First Init.
APP_FINANCEIRO.exe: 000000C8: 09:08:03 [TUniServerModule]:Debug Mode = ON
APP_FINANCEIRO.exe: 000000C8: 09:08:03 [TUniServerModule]:Global Cache Folder Erased. <3> Files deleted.
APP_FINANCEIRO.exe: 000000C8: 09:08:03 [TUniServerModule]:Starting HTTP Server on Port: 8077...
APP_FINANCEIRO.exe: 000000C8: 09:08:04 [TUniServerModule]:HTTP Server Started on Port: 8077
APP_FINANCEIRO.exe: 00001B8C: 09:08:08 [192.168.25.97]:EUniSessionException : Invalid session or session Timeout. : Addr: $0079CFCE
APP_FINANCEIRO.exe: 000013D4: 09:11:02 []:>--------------------------------------------------------------<
APP_FINANCEIRO.exe: 000013D4: 09:11:02 [TUniServerModule]:Server First Init.
APP_FINANCEIRO.exe: 000013D4: 09:11:02 [TUniServerModule]:Debug Mode = ON
APP_FINANCEIRO.exe: 000013D4: 09:11:02 [TUniServerModule]:Global Cache Folder Erased. <3> Files deleted.
APP_FINANCEIRO.exe: 000013D4: 09:11:02 [TUniServerModule]:Starting HTTP Server on Port: 8077...
APP_FINANCEIRO.exe: 000013D4: 09:11:02 [TUniServerModule]:HTTP Server Started on Port: 8077
APP_FINANCEIRO.exe: 000012C8: 09:11:29 []:>--------------------------------------------------------------<
APP_FINANCEIRO.exe: 000012C8: 09:11:29 [TUniServerModule]:Server First Init.
APP_FINANCEIRO.exe: 000012C8: 09:11:29 [TUniServerModule]:Debug Mode = ON
APP_FINANCEIRO.exe: 000012C8: 09:11:29 [TUniServerModule]:Global Cache Folder Erased. <3> Files deleted.
APP_FINANCEIRO.exe: 000012C8: 09:11:29 [TUniServerModule]:Starting HTTP Server on Port: 8077...
APP_FINANCEIRO.exe: 000012C8: 09:11:29 [TUniServerModule]:HTTP Server Started on Port: 8077
APP_FINANCEIRO.exe: 000017B4: 09:11:35 [192.168.25.97]:EUniSessionException : Invalid session or session Timeout. : Addr: $0079CFCE
APP_FINANCEIRO.exe: 0000091C: 15:26:41 []:>--------------------------------------------------------------<
APP_FINANCEIRO.exe: 0000091C: 15:26:41 [TUniServerModule]:Server First Init.
APP_FINANCEIRO.exe: 0000091C: 15:26:41 [TUniServerModule]:Debug Mode = ON
APP_FINANCEIRO.exe: 0000091C: 15:26:41 [TUniServerModule]:Starting HTTP Server on Port: 8077...
APP_FINANCEIRO.exe: 0000091C: 15:26:41 [TUniServerModule]:HTTP Server Started on Port: 8077
APP_FINANCEIRO.exe: 000006A4: 16:28:45 []:>--------------------------------------------------------------<
APP_FINANCEIRO.exe: 000006A4: 16:28:45 [TUniServerModule]:Server First Init.
APP_FINANCEIRO.exe: 000006A4: 16:28:45 [TUniServerModule]:Debug Mode = ON
APP_FINANCEIRO.exe: 000006A4: 16:28:45 [TUniServerModule]:Global Cache Folder Erased. <3> Files deleted.
APP_FINANCEIRO.exe: 000006A4: 16:28:45 [TUniServerModule]:Starting HTTP Server on Port: 8077...
APP_FINANCEIRO.exe: 000006A4: 16:28:46 [TUniServerModule]:HTTP Server Started on Port: 8077
APP_FINANCEIRO.exe: 00001B28: 16:28:50 [192.168.25.97]:EUniSessionException : Invalid session or session Timeout. : Addr: $0079CFCE
APP_FINANCEIRO.exe: 0000048C: 16:28:54 [192.168.25.97]:EUniSessionException : Invalid session or session Timeout. : Addr: $0079CFCE
APP_FINANCEIRO.exe: 00001B8C: 16:30:04 []:>--------------------------------------------------------------<
APP_FINANCEIRO.exe: 00001B8C: 16:30:04 [TUniServerModule]:Server First Init.
APP_FINANCEIRO.exe: 00001B8C: 16:30:04 [TUniServerModule]:Debug Mode = ON
APP_FINANCEIRO.exe: 00001B8C: 16:30:04 [TUniServerModule]:Global Cache Folder Erased. <3> Files deleted.
APP_FINANCEIRO.exe: 00001B8C: 16:30:04 [TUniServerModule]:Starting HTTP Server on Port: 8077...
APP_FINANCEIRO.exe: 00001B8C: 16:30:04 [TUniServerModule]:HTTP Server Started on Port: 8077
APP_FINANCEIRO.exe: 000003CC: 16:30:07 [192.168.25.97]:EUniSessionException : Invalid session or session Timeout. : Addr: $0079CFCE
APP_FINANCEIRO.exe: 00001958: 16:30:09 [192.168.25.97]:EUniSessionException : Invalid session or session Timeout. : Addr: $0079CFCE
APP_FINANCEIRO.exe: 00001028: 16:41:30 []:>--------------------------------------------------------------<
APP_FINANCEIRO.exe: 00001028: 16:41:31 [TUniServerModule]:Server First Init.
APP_FINANCEIRO.exe: 00001028: 16:41:31 [TUniServerModule]:Debug Mode = ON
APP_FINANCEIRO.exe: 00001028: 16:41:31 [TUniServerModule]:Global Cache Folder Erased. <12> Files deleted.
APP_FINANCEIRO.exe: 00001028: 16:41:31 [TUniServerModule]:Starting HTTP Server on Port: 8077...
APP_FINANCEIRO.exe: 00001028: 16:41:31 [TUniServerModule]:HTTP Server Started on Port: 8077
APP_FINANCEIRO.exe: 00001318: 16:41:34 [192.168.25.97]:EUniSessionException : Invalid session or session Timeout. : Addr: $0079CFCE
APP_FINANCEIRO.exe: 00001060: 16:46:04 []:>--------------------------------------------------------------<
APP_FINANCEIRO.exe: 00001060: 16:46:04 [TUniServerModule]:Server First Init.
APP_FINANCEIRO.exe: 00001060: 16:46:04 [TUniServerModule]:Debug Mode = ON
APP_FINANCEIRO.exe: 00001060: 16:46:04 [TUniServerModule]:Global Cache Folder Erased. <5> Files deleted.
APP_FINANCEIRO.exe: 00001060: 16:46:04 [TUniServerModule]:Starting HTTP Server on Port: 8077...
APP_FINANCEIRO.exe: 00001060: 16:46:04 [TUniServerModule]:HTTP Server Started on Port: 8077
APP_FINANCEIRO.exe: 00000944: 16:46:09 [192.168.25.97]:EUniSessionException : Invalid session or session Timeout. : Addr: $0079CFCE
APP_FINANCEIRO.exe: 00000620: 16:48:04 []:>--------------------------------------------------------------<
APP_FINANCEIRO.exe: 00000620: 16:48:04 [TUniServerModule]:Server First Init.
APP_FINANCEIRO.exe: 00000620: 16:48:04 [TUniServerModule]:Debug Mode = ON
APP_FINANCEIRO.exe: 00000620: 16:48:04 [TUniServerModule]:Global Cache Folder Erased. <5> Files deleted.
APP_FINANCEIRO.exe: 00000620: 16:48:04 [TUniServerModule]:Starting HTTP Server on Port: 8077...
APP_FINANCEIRO.exe: 00000620: 16:48:04 [TUniServerModule]:HTTP Server Started on Port: 8077
APP_FINANCEIRO.exe: 00000EEC: 16:48:08 [192.168.25.97]:EUniSessionException : Invalid session or session Timeout. : Addr: $0079CFCE
APP_FINANCEIRO.exe: 00001264: 16:49:30 []:>--------------------------------------------------------------<
APP_FINANCEIRO.exe: 00001264: 16:49:30 [TUniServerModule]:Server First Init.
APP_FINANCEIRO.exe: 00001264: 16:49:30 [TUniServerModule]:Debug Mode = ON
APP_FINANCEIRO.exe: 00001264: 16:49:30 [TUniServerModule]:Global Cache Folder Erased. <4> Files deleted.
APP_FINANCEIRO.exe: 00001264: 16:49:30 [TUniServerModule]:Starting HTTP Server on Port: 8077...
APP_FINANCEIRO.exe: 00001264: 16:49:30 [TUniServerModule]:HTTP Server Started on Port: 8077
APP_FINANCEIRO.exe: 00000D94: 16:49:35 [192.168.25.97]:EUniSessionException : Invalid session or session Timeout. : Addr: $0079CFCE
APP_FINANCEIRO.exe: 000007A0: 16:50:47 []:>--------------------------------------------------------------<
APP_FINANCEIRO.exe: 000007A0: 16:50:47 [TUniServerModule]:Server First Init.
APP_FINANCEIRO.exe: 000007A0: 16:50:47 [TUniServerModule]:Debug Mode = ON
APP_FINANCEIRO.exe: 000007A0: 16:50:47 [TUniServerModule]:Global Cache Folder Erased. <3> Files deleted.
APP_FINANCEIRO.exe: 000007A0: 16:50:47 [TUniServerModule]:Starting HTTP Server on Port: 8077...
APP_FINANCEIRO.exe: 000007A0: 16:50:47 [TUniServerModule]:HTTP Server Started on Port: 8077
APP_FINANCEIRO.exe: 000012B8: 16:53:50 []:>--------------------------------------------------------------<
APP_FINANCEIRO.exe: 000012B8: 16:53:50 [TUniServerModule]:Server First Init.
APP_FINANCEIRO.exe: 000012B8: 16:53:50 [TUniServerModule]:Debug Mode = ON
APP_FINANCEIRO.exe: 000012B8: 16:53:50 [TUniServerModule]:Global Cache Folder Erased. <3> Files deleted.
APP_FINANCEIRO.exe: 000012B8: 16:53:50 [TUniServerModule]:Starting HTTP Server on Port: 8077...
APP_FINANCEIRO.exe: 000012B8: 16:53:50 [TUniServerModule]:HTTP Server Started on Port: 8077
APP_FINANCEIRO.exe: 00000714: 16:53:54 [192.168.25.97]:EUniSessionException : Invalid session or session Timeout. : Addr: $0079CFCE
APP_FINANCEIRO.exe: 000008B0: 16:54:10 [192.168.25.97]:EArgumentOutOfRangeException : Argument out of range : Addr: $0044515A
APP_FINANCEIRO.exe: 000001BC: 16:57:00 []:>--------------------------------------------------------------<
APP_FINANCEIRO.exe: 000001BC: 16:57:00 [TUniServerModule]:Server First Init.
APP_FINANCEIRO.exe: 000001BC: 16:57:00 [TUniServerModule]:Debug Mode = ON
APP_FINANCEIRO.exe: 000001BC: 16:57:00 [TUniServerModule]:Global Cache Folder Erased. <3> Files deleted.
APP_FINANCEIRO.exe: 000001BC: 16:57:00 [TUniServerModule]:Starting HTTP Server on Port: 8077...
APP_FINANCEIRO.exe: 000001BC: 16:57:00 [TUniServerModule]:HTTP Server Started on Port: 8077
APP_FINANCEIRO.exe: 000010F4: 16:57:05 [192.168.25.97]:EUniSessionException : Invalid session or session Timeout. : Addr: $0079CFCE
APP_FINANCEIRO.exe: 0000110C: 16:57:20 [192.168.25.97]:EDatabaseError : SQLQuery1: Cannot perform this operation on a closed dataset : Addr: $00632E02
APP_FINANCEIRO.exe: 00000414: 17:12:07 []:>--------------------------------------------------------------<
APP_FINANCEIRO.exe: 00000414: 17:12:07 [TUniServerModule]:Server First Init.
APP_FINANCEIRO.exe: 00000414: 17:12:07 [TUniServerModule]:Debug Mode = ON
APP_FINANCEIRO.exe: 00000414: 17:12:07 [TUniServerModule]:Global Cache Folder Erased. <3> Files deleted.
APP_FINANCEIRO.exe: 00000414: 17:12:07 [TUniServerModule]:Starting HTTP Server on Port: 8077...
APP_FINANCEIRO.exe: 00000414: 17:12:07 [TUniServerModule]:HTTP Server Started on Port: 8077
APP_FINANCEIRO.exe: 000012C0: 17:12:13 [192.168.25.97]:EUniSessionException : Invalid session or session Timeout. : Addr: $0079CFCE
APP_FINANCEIRO.exe: 000006C8: 17:12:26 [192.168.25.97]:EDatabaseError : SQLQuery1: Cannot perform this operation on a closed dataset : Addr: $00632E02
APP_FINANCEIRO.exe: 00000944: 17:12:42 []:>--------------------------------------------------------------<
APP_FINANCEIRO.exe: 00000944: 17:12:42 [TUniServerModule]:Server First Init.
APP_FINANCEIRO.exe: 00000944: 17:12:42 [TUniServerModule]:Debug Mode = ON
APP_FINANCEIRO.exe: 00000944: 17:12:42 [TUniServerModule]:Global Cache Folder Erased. <3> Files deleted.
APP_FINANCEIRO.exe: 00000944: 17:12:42 [TUniServerModule]:Starting HTTP Server on Port: 8077...
APP_FINANCEIRO.exe: 00000944: 17:12:42 [TUniServerModule]:HTTP Server Started on Port: 8077
APP_FINANCEIRO.exe: 0000066C: 17:13:16 [192.168.25.97]:EDatabaseError : SQLQuery1: Cannot perform this operation on a closed dataset : Addr: $00632E02
APP_FINANCEIRO.exe: 00000784: 17:13:33 [192.168.25.97]:EDatabaseError : SQLQuery1: Cannot perform this operation on a closed dataset : Addr: $00632E02
APP_FINANCEIRO.exe: 00000954: 17:15:58 []:>--------------------------------------------------------------<
APP_FINANCEIRO.exe: 00000954: 17:15:58 [TUniServerModule]:Server First Init.
APP_FINANCEIRO.exe: 00000954: 17:15:58 [TUniServerModule]:Debug Mode = ON
APP_FINANCEIRO.exe: 00000954: 17:15:58 [TUniServerModule]:Global Cache Folder Erased. <3> Files deleted.
APP_FINANCEIRO.exe: 00000954: 17:15:58 [TUniServerModule]:Starting HTTP Server on Port: 8077...
APP_FINANCEIRO.exe: 00000954: 17:15:58 [TUniServerModule]:HTTP Server Started on Port: 8077
APP_FINANCEIRO.exe: 00000FF4: 17:16:00 [192.168.25.97]:EUniSessionException : Invalid session or session Timeout. : Addr: $0079CFCE
APP_FINANCEIRO.exe: 00000D34: 17:16:15 [192.168.25.97]:EDatabaseError : SQLQuery1: Cannot perform this operation on a closed dataset : Addr: $00632E02
